Flow report for blockram_system_v2
Wed Nov 15 10:07:58 2023
Quartus Prime Version 22.1std.1 Build 917 02/14/2023 SC Lite Edition


---------------------
; Table of Contents ;
---------------------
  1. Legal Notice
  2. Flow Summary
  3. Flow Settings
  4. Flow Non-Default Global Settings
  5. Flow Elapsed Time
  6. Flow OS Summary
  7. Flow Log
  8. Flow Messages
  9. Flow Suppressed Messages



----------------
; Legal Notice ;
----------------
Copyright (C) 2023  Intel Corporation. All rights reserved.
Your use of Intel Corporation's design tools, logic functions 
and other software and tools, and any partner logic 
functions, and any output files from any of the foregoing 
(including device programming or simulation files), and any 
associated documentation or information are expressly subject 
to the terms and conditions of the Intel Program License 
Subscription Agreement, the Intel Quartus Prime License Agreement,
the Intel FPGA IP License Agreement, or other applicable license
agreement, including, without limitation, that your use is for
the sole purpose of programming logic devices manufactured by
Intel and sold by Intel or its authorized distributors.  Please
refer to the applicable agreement for further details, at
https://fpgasoftware.intel.com/eula.



+-------------------------------------------------------------------------------------------+
; Flow Summary                                                                              ;
+------------------------------------+------------------------------------------------------+
; Flow Status                        ; EDA Netlist Writer Failed - Wed Nov 15 10:07:58 2023 ;
; Quartus Prime Version              ; 22.1std.1 Build 917 02/14/2023 SC Lite Edition       ;
; Revision Name                      ; blockram_system_v2                                   ;
; Top-level Entity Name              ; top_level_entity                                     ;
; Family                             ; Cyclone 10 LP                                        ;
; Device                             ; 10CL025YE144C8G                                      ;
; Timing Models                      ; Final                                                ;
; Total logic elements               ; 3,869 / 24,624 ( 16 % )                              ;
;     Total combinational functions  ; 3,415 / 24,624 ( 14 % )                              ;
;     Dedicated logic registers      ; 2,224 / 24,624 ( 9 % )                               ;
; Total registers                    ; 2224                                                 ;
; Total pins                         ; 51 / 77 ( 66 % )                                     ;
; Total virtual pins                 ; 0                                                    ;
; Total memory bits                  ; 102,592 / 608,256 ( 17 % )                           ;
; Embedded Multiplier 9-bit elements ; 6 / 132 ( 5 % )                                      ;
; Total PLLs                         ; 1 / 4 ( 25 % )                                       ;
+------------------------------------+------------------------------------------------------+


+-----------------------------------------+
; Flow Settings                           ;
+-------------------+---------------------+
; Option            ; Setting             ;
+-------------------+---------------------+
; Start date & time ; 11/15/2023 10:06:19 ;
; Main task         ; Compilation         ;
; Revision Name     ; blockram_system_v2  ;
+-------------------+---------------------+


+----------------------------------------------------------------------------------------------------------------------------------------------------------------------------------------+
; Flow Non-Default Global Settings                                                                                                                                                       ;
+-------------------------------------+----------------------------------------------------------------------+--------------------+------------------+-----------------------------------+
; Assignment Name                     ; Value                                                                ; Default Value      ; Entity Name      ; Section Id                        ;
+-------------------------------------+----------------------------------------------------------------------+--------------------+------------------+-----------------------------------+
; COMPILER_SIGNATURE_ID               ; 106024607881685.170003917934245                                      ; --                 ; --               ; --                                ;
; EDA_GENERATE_FUNCTIONAL_NETLIST     ; Off                                                                  ; --                 ; --               ; eda_board_design_timing           ;
; EDA_GENERATE_FUNCTIONAL_NETLIST     ; Off                                                                  ; --                 ; --               ; eda_board_design_boundary_scan    ;
; EDA_GENERATE_FUNCTIONAL_NETLIST     ; Off                                                                  ; --                 ; --               ; eda_board_design_signal_integrity ;
; EDA_GENERATE_FUNCTIONAL_NETLIST     ; Off                                                                  ; --                 ; --               ; eda_board_design_symbol           ;
; EDA_NETLIST_WRITER_OUTPUT_DIR       ; netlist/                                                             ; --                 ; --               ; eda_simulation                    ;
; EDA_OUTPUT_DATA_FORMAT              ; Vhdl                                                                 ; --                 ; --               ; eda_simulation                    ;
; EDA_SIMULATION_TOOL                 ; ModelSim (VHDL)                                                      ; <None>             ; --               ; --                                ;
; EDA_TIME_SCALE                      ; 1 ps                                                                 ; --                 ; --               ; eda_simulation                    ;
; MAX_CORE_JUNCTION_TEMP              ; 85                                                                   ; --                 ; --               ; --                                ;
; MIN_CORE_JUNCTION_TEMP              ; 0                                                                    ; --                 ; --               ; --                                ;
; MISC_FILE                           ; platform_designer/synthesis/../blockram_system_v2.cmp                ; --                 ; --               ; --                                ;
; MISC_FILE                           ; platform_designer/synthesis/../../blockram_system_v2.qsys            ; --                 ; --               ; --                                ;
; MISC_FILE                           ; pll/pll_inst.vhd                                                     ; --                 ; --               ; --                                ;
; MISC_FILE                           ; pll/pll.cmp                                                          ; --                 ; --               ; --                                ;
; MISC_FILE                           ; pll/pll.ppf                                                          ; --                 ; --               ; --                                ;
; NOMINAL_CORE_SUPPLY_VOLTAGE         ; 1.2V                                                                 ; --                 ; --               ; --                                ;
; OUTPUT_IO_TIMING_FAR_END_VMEAS      ; Half Signal Swing                                                    ; --                 ; --               ; --                                ;
; OUTPUT_IO_TIMING_FAR_END_VMEAS      ; Half Signal Swing                                                    ; --                 ; --               ; --                                ;
; OUTPUT_IO_TIMING_NEAR_END_VMEAS     ; Half Vccio                                                           ; --                 ; --               ; --                                ;
; OUTPUT_IO_TIMING_NEAR_END_VMEAS     ; Half Vccio                                                           ; --                 ; --               ; --                                ;
; PARTITION_COLOR                     ; -- (Not supported for targeted family)                               ; --                 ; top_level_entity ; Top                               ;
; PARTITION_FITTER_PRESERVATION_LEVEL ; -- (Not supported for targeted family)                               ; --                 ; top_level_entity ; Top                               ;
; PARTITION_NETLIST_TYPE              ; -- (Not supported for targeted family)                               ; --                 ; top_level_entity ; Top                               ;
; POWER_BOARD_THERMAL_MODEL           ; None (CONSERVATIVE)                                                  ; --                 ; --               ; --                                ;
; POWER_PRESET_COOLING_SOLUTION       ; 23 MM HEAT SINK WITH 200 LFPM AIRFLOW                                ; --                 ; --               ; --                                ;
; PROJECT_OUTPUT_DIRECTORY            ; output_files                                                         ; --                 ; --               ; --                                ;
; SEARCH_PATH                         ; SBT_workspace/blockram_system_v2/mem_init/                           ; --                 ; --               ; --                                ;
; SLD_FILE                            ; platform_designer/synthesis/blockram_system_v2.regmap                ; --                 ; --               ; --                                ;
; SLD_FILE                            ; platform_designer/synthesis/blockram_system_v2.debuginfo             ; --                 ; --               ; --                                ;
; SLD_INFO                            ; QSYS_NAME blockram_system_v2 HAS_SOPCINFO 1 GENERATION_ID 1700038509 ; --                 ; --               ; --                                ;
; SOPCINFO_FILE                       ; platform_designer/synthesis/../../blockram_system_v2.sopcinfo        ; --                 ; --               ; --                                ;
; SYNTHESIS_ONLY_QIP                  ; On                                                                   ; --                 ; --               ; --                                ;
; TOP_LEVEL_ENTITY                    ; top_level_entity                                                     ; blockram_system_v2 ; --               ; --                                ;
+-------------------------------------+----------------------------------------------------------------------+--------------------+------------------+-----------------------------------+


+--------------------------------------------------------------------------------------------------------------------------+
; Flow Elapsed Time                                                                                                        ;
+----------------------+--------------+-------------------------+---------------------+------------------------------------+
; Module Name          ; Elapsed Time ; Average Processors Used ; Peak Virtual Memory ; Total CPU Time (on all processors) ;
+----------------------+--------------+-------------------------+---------------------+------------------------------------+
; Analysis & Synthesis ; 00:00:44     ; 1.0                     ; 580 MB              ; 00:01:12                           ;
; Fitter               ; 00:00:34     ; 1.1                     ; 782 MB              ; 00:00:50                           ;
; Assembler            ; 00:00:03     ; 1.0                     ; 390 MB              ; 00:00:03                           ;
; Timing Analyzer      ; 00:00:05     ; 1.2                     ; 502 MB              ; 00:00:05                           ;
; EDA Netlist Writer   ; 00:00:03     ; 1.0                     ; 630 MB              ; 00:00:03                           ;
; Total                ; 00:01:29     ; --                      ; --                  ; 00:02:13                           ;
+----------------------+--------------+-------------------------+---------------------+------------------------------------+


+----------------------------------------------------------------------------------------+
; Flow OS Summary                                                                        ;
+----------------------+------------------+----------------+------------+----------------+
; Module Name          ; Machine Hostname ; OS Name        ; OS Version ; Processor type ;
+----------------------+------------------+----------------+------------+----------------+
; Analysis & Synthesis ; shaq97           ; Ubuntu 20.04.6 ; 20         ; x86_64         ;
; Fitter               ; shaq97           ; Ubuntu 20.04.6 ; 20         ; x86_64         ;
; Assembler            ; shaq97           ; Ubuntu 20.04.6 ; 20         ; x86_64         ;
; Timing Analyzer      ; shaq97           ; Ubuntu 20.04.6 ; 20         ; x86_64         ;
; EDA Netlist Writer   ; shaq97           ; Ubuntu 20.04.6 ; 20         ; x86_64         ;
+----------------------+------------------+----------------+------------+----------------+


------------
; Flow Log ;
------------
quartus_map --read_settings_files=on --write_settings_files=off blockram_system_v2 -c blockram_system_v2
quartus_fit --read_settings_files=off --write_settings_files=off blockram_system_v2 -c blockram_system_v2
quartus_asm --read_settings_files=off --write_settings_files=off blockram_system_v2 -c blockram_system_v2
quartus_sta blockram_system_v2 -c blockram_system_v2
quartus_eda --read_settings_files=off --write_settings_files=off blockram_system_v2 -c blockram_system_v2



