Flow report for avs_hram_converter
Wed Feb  7 12:42:03 2024
Quartus Prime Version 22.1std.1 Build 917 02/14/2023 SC Lite Edition


---------------------
; Table of Contents ;
---------------------
  1. Legal Notice
  2. Flow Summary
  3. Flow Settings
  4. Flow Non-Default Global Settings
  5. Flow Elapsed Time
  6. Flow OS Summary
  7. Flow Log
  8. Flow Messages
  9. Flow Suppressed Messages



----------------
; Legal Notice ;
----------------
Copyright (C) 2023  Intel Corporation. All rights reserved.
Your use of Intel Corporation's design tools, logic functions 
and other software and tools, and any partner logic 
functions, and any output files from any of the foregoing 
(including device programming or simulation files), and any 
associated documentation or information are expressly subject 
to the terms and conditions of the Intel Program License 
Subscription Agreement, the Intel Quartus Prime License Agreement,
the Intel FPGA IP License Agreement, or other applicable license
agreement, including, without limitation, that your use is for
the sole purpose of programming logic devices manufactured by
Intel and sold by Intel or its authorized distributors.  Please
refer to the applicable agreement for further details, at
https://fpgasoftware.intel.com/eula.



+-------------------------------------------------------------------------------------+
; Flow Summary                                                                        ;
+------------------------------------+------------------------------------------------+
; Flow Status                        ; Successful - Wed Feb  7 12:42:03 2024          ;
; Quartus Prime Version              ; 22.1std.1 Build 917 02/14/2023 SC Lite Edition ;
; Revision Name                      ; avs_hram_converter                             ;
; Top-level Entity Name              ; avs_hram_mainconv                              ;
; Family                             ; Cyclone 10 LP                                  ;
; Device                             ; 10CL025YE144C8G                                ;
; Timing Models                      ; Final                                          ;
; Total logic elements               ; 568 / 24,624 ( 2 % )                           ;
;     Total combinational functions  ; 441 / 24,624 ( 2 % )                           ;
;     Dedicated logic registers      ; 441 / 24,624 ( 2 % )                           ;
; Total registers                    ; 441                                            ;
; Total pins                         ; 12 / 77 ( 16 % )                               ;
; Total virtual pins                 ; 73                                             ;
; Total memory bits                  ; 33 / 608,256 ( < 1 % )                         ;
; Embedded Multiplier 9-bit elements ; 0 / 132 ( 0 % )                                ;
; Total PLLs                         ; 2 / 4 ( 50 % )                                 ;
+------------------------------------+------------------------------------------------+


+-----------------------------------------+
; Flow Settings                           ;
+-------------------+---------------------+
; Option            ; Setting             ;
+-------------------+---------------------+
; Start date & time ; 02/07/2024 12:41:32 ;
; Main task         ; Compilation         ;
; Revision Name     ; avs_hram_converter  ;
+-------------------+---------------------+


+-----------------------------------------------------------------------------------------------------------------------------------------------------------+
; Flow Non-Default Global Settings                                                                                                                          ;
+-------------------------------------+----------------------------------------+--------------------+-------------------+-----------------------------------+
; Assignment Name                     ; Value                                  ; Default Value      ; Entity Name       ; Section Id                        ;
+-------------------------------------+----------------------------------------+--------------------+-------------------+-----------------------------------+
; COMPILER_SIGNATURE_ID               ; 106024607881685.170730609246005        ; --                 ; --                ; --                                ;
; EDA_GENERATE_FUNCTIONAL_NETLIST     ; Off                                    ; --                 ; --                ; eda_board_design_timing           ;
; EDA_GENERATE_FUNCTIONAL_NETLIST     ; Off                                    ; --                 ; --                ; eda_board_design_boundary_scan    ;
; EDA_GENERATE_FUNCTIONAL_NETLIST     ; Off                                    ; --                 ; --                ; eda_board_design_signal_integrity ;
; EDA_GENERATE_FUNCTIONAL_NETLIST     ; Off                                    ; --                 ; --                ; eda_board_design_symbol           ;
; EDA_OUTPUT_DATA_FORMAT              ; Vhdl                                   ; --                 ; --                ; eda_simulation                    ;
; EDA_SIMULATION_TOOL                 ; ModelSim (VHDL)                        ; <None>             ; --                ; --                                ;
; EDA_TIME_SCALE                      ; 1 ps                                   ; --                 ; --                ; eda_simulation                    ;
; MAX_CORE_JUNCTION_TEMP              ; 85                                     ; --                 ; --                ; --                                ;
; MIN_CORE_JUNCTION_TEMP              ; 0                                      ; --                 ; --                ; --                                ;
; MISC_FILE                           ; ../hdl/dll_90/dll_90.ppf               ; --                 ; --                ; --                                ;
; MISC_FILE                           ; ../hdl/pll_x8/pll_x8.ppf               ; --                 ; --                ; --                                ;
; NOMINAL_CORE_SUPPLY_VOLTAGE         ; 1.2V                                   ; --                 ; --                ; --                                ;
; PARTITION_COLOR                     ; -- (Not supported for targeted family) ; --                 ; avs_hram_mainconv ; Top                               ;
; PARTITION_FITTER_PRESERVATION_LEVEL ; -- (Not supported for targeted family) ; --                 ; avs_hram_mainconv ; Top                               ;
; PARTITION_NETLIST_TYPE              ; -- (Not supported for targeted family) ; --                 ; avs_hram_mainconv ; Top                               ;
; POWER_BOARD_THERMAL_MODEL           ; None (CONSERVATIVE)                    ; --                 ; --                ; --                                ;
; POWER_PRESET_COOLING_SOLUTION       ; 23 MM HEAT SINK WITH 200 LFPM AIRFLOW  ; --                 ; --                ; --                                ;
; PROJECT_OUTPUT_DIRECTORY            ; output_files                           ; --                 ; --                ; --                                ;
; TOP_LEVEL_ENTITY                    ; avs_hram_mainconv                      ; avs_hram_converter ; --                ; --                                ;
+-------------------------------------+----------------------------------------+--------------------+-------------------+-----------------------------------+


+--------------------------------------------------------------------------------------------------------------------------+
; Flow Elapsed Time                                                                                                        ;
+----------------------+--------------+-------------------------+---------------------+------------------------------------+
; Module Name          ; Elapsed Time ; Average Processors Used ; Peak Virtual Memory ; Total CPU Time (on all processors) ;
+----------------------+--------------+-------------------------+---------------------+------------------------------------+
; Analysis & Synthesis ; 00:00:13     ; 1.0                     ; 449 MB              ; 00:00:28                           ;
; Fitter               ; 00:00:08     ; 1.1                     ; 712 MB              ; 00:00:10                           ;
; Assembler            ; 00:00:01     ; 1.0                     ; 374 MB              ; 00:00:01                           ;
; Timing Analyzer      ; 00:00:02     ; 1.1                     ; 458 MB              ; 00:00:02                           ;
; EDA Netlist Writer   ; 00:00:00     ; 1.0                     ; 610 MB              ; 00:00:01                           ;
; Total                ; 00:00:24     ; --                      ; --                  ; 00:00:42                           ;
+----------------------+--------------+-------------------------+---------------------+------------------------------------+


+----------------------------------------------------------------------------------------+
; Flow OS Summary                                                                        ;
+----------------------+------------------+----------------+------------+----------------+
; Module Name          ; Machine Hostname ; OS Name        ; OS Version ; Processor type ;
+----------------------+------------------+----------------+------------+----------------+
; Analysis & Synthesis ; shaq97           ; Ubuntu 20.04.6 ; 20         ; x86_64         ;
; Fitter               ; shaq97           ; Ubuntu 20.04.6 ; 20         ; x86_64         ;
; Assembler            ; shaq97           ; Ubuntu 20.04.6 ; 20         ; x86_64         ;
; Timing Analyzer      ; shaq97           ; Ubuntu 20.04.6 ; 20         ; x86_64         ;
; EDA Netlist Writer   ; shaq97           ; Ubuntu 20.04.6 ; 20         ; x86_64         ;
+----------------------+------------------+----------------+------------+----------------+


------------
; Flow Log ;
------------
quartus_map --read_settings_files=on --write_settings_files=off avs_hram_converter -c avs_hram_converter
quartus_fit --read_settings_files=off --write_settings_files=off avs_hram_converter -c avs_hram_converter
quartus_asm --read_settings_files=off --write_settings_files=off avs_hram_converter -c avs_hram_converter
quartus_sta avs_hram_converter -c avs_hram_converter
quartus_eda --read_settings_files=off --write_settings_files=off avs_hram_converter -c avs_hram_converter



