Analysis & Synthesis report for hyperram_system
Fri Dec  8 18:45:39 2023
Quartus Prime Version 22.1std.1 Build 917 02/14/2023 SC Lite Edition


---------------------
; Table of Contents ;
---------------------
  1. Legal Notice
  2. Analysis & Synthesis Summary
  3. Analysis & Synthesis Settings
  4. Parallel Compilation
  5. Analysis & Synthesis Source Files Read
  6. Analysis & Synthesis Resource Usage Summary
  7. Analysis & Synthesis Resource Utilization by Entity
  8. General Register Statistics
  9. Parameter Settings for User Entity Instance: reg:dummy_reg
 10. Port Connectivity Checks: "reg:dummy_reg"
 11. Post-Synthesis Netlist Statistics for Top Partition
 12. Elapsed Time Per Partition
 13. Analysis & Synthesis Messages



----------------
; Legal Notice ;
----------------
Copyright (C) 2023  Intel Corporation. All rights reserved.
Your use of Intel Corporation's design tools, logic functions 
and other software and tools, and any partner logic 
functions, and any output files from any of the foregoing 
(including device programming or simulation files), and any 
associated documentation or information are expressly subject 
to the terms and conditions of the Intel Program License 
Subscription Agreement, the Intel Quartus Prime License Agreement,
the Intel FPGA IP License Agreement, or other applicable license
agreement, including, without limitation, that your use is for
the sole purpose of programming logic devices manufactured by
Intel and sold by Intel or its authorized distributors.  Please
refer to the applicable agreement for further details, at
https://fpgasoftware.intel.com/eula.



+-------------------------------------------------------------------------------------+
; Analysis & Synthesis Summary                                                        ;
+------------------------------------+------------------------------------------------+
; Analysis & Synthesis Status        ; Successful - Fri Dec  8 18:45:39 2023          ;
; Quartus Prime Version              ; 22.1std.1 Build 917 02/14/2023 SC Lite Edition ;
; Revision Name                      ; hyperram_system                                ;
; Top-level Entity Name              ; top_level_entity                               ;
; Family                             ; Cyclone 10 LP                                  ;
; Total logic elements               ; 8                                              ;
;     Total combinational functions  ; 0                                              ;
;     Dedicated logic registers      ; 8                                              ;
; Total registers                    ; 8                                              ;
; Total pins                         ; 62                                             ;
; Total virtual pins                 ; 0                                              ;
; Total memory bits                  ; 0                                              ;
; Embedded Multiplier 9-bit elements ; 0                                              ;
; Total PLLs                         ; 0                                              ;
+------------------------------------+------------------------------------------------+


+------------------------------------------------------------------------------------------------------------+
; Analysis & Synthesis Settings                                                                              ;
+------------------------------------------------------------------+--------------------+--------------------+
; Option                                                           ; Setting            ; Default Value      ;
+------------------------------------------------------------------+--------------------+--------------------+
; Device                                                           ; 10CL025YE144C8G    ;                    ;
; Top-level entity name                                            ; top_level_entity   ; hyperram_system    ;
; Family name                                                      ; Cyclone 10 LP      ; Cyclone V          ;
; Use smart compilation                                            ; Off                ; Off                ;
; Enable parallel Assembler and Timing Analyzer during compilation ; On                 ; On                 ;
; Enable compact report table                                      ; Off                ; Off                ;
; Restructure Multiplexers                                         ; Auto               ; Auto               ;
; Create Debugging Nodes for IP Cores                              ; Off                ; Off                ;
; Preserve fewer node names                                        ; On                 ; On                 ;
; Intel FPGA IP Evaluation Mode                                    ; Enable             ; Enable             ;
; Verilog Version                                                  ; Verilog_2001       ; Verilog_2001       ;
; VHDL Version                                                     ; VHDL_1993          ; VHDL_1993          ;
; State Machine Processing                                         ; Auto               ; Auto               ;
; Safe State Machine                                               ; Off                ; Off                ;
; Extract Verilog State Machines                                   ; On                 ; On                 ;
; Extract VHDL State Machines                                      ; On                 ; On                 ;
; Ignore Verilog initial constructs                                ; Off                ; Off                ;
; Iteration limit for constant Verilog loops                       ; 5000               ; 5000               ;
; Iteration limit for non-constant Verilog loops                   ; 250                ; 250                ;
; Add Pass-Through Logic to Inferred RAMs                          ; On                 ; On                 ;
; Infer RAMs from Raw Logic                                        ; On                 ; On                 ;
; Parallel Synthesis                                               ; On                 ; On                 ;
; DSP Block Balancing                                              ; Auto               ; Auto               ;
; NOT Gate Push-Back                                               ; On                 ; On                 ;
; Power-Up Don't Care                                              ; On                 ; On                 ;
; Remove Redundant Logic Cells                                     ; Off                ; Off                ;
; Remove Duplicate Registers                                       ; On                 ; On                 ;
; Ignore CARRY Buffers                                             ; Off                ; Off                ;
; Ignore CASCADE Buffers                                           ; Off                ; Off                ;
; Ignore GLOBAL Buffers                                            ; Off                ; Off                ;
; Ignore ROW GLOBAL Buffers                                        ; Off                ; Off                ;
; Ignore LCELL Buffers                                             ; Off                ; Off                ;
; Ignore SOFT Buffers                                              ; On                 ; On                 ;
; Limit AHDL Integers to 32 Bits                                   ; Off                ; Off                ;
; Optimization Technique                                           ; Balanced           ; Balanced           ;
; Carry Chain Length                                               ; 70                 ; 70                 ;
; Auto Carry Chains                                                ; On                 ; On                 ;
; Auto Open-Drain Pins                                             ; On                 ; On                 ;
; Perform WYSIWYG Primitive Resynthesis                            ; Off                ; Off                ;
; Auto ROM Replacement                                             ; On                 ; On                 ;
; Auto RAM Replacement                                             ; On                 ; On                 ;
; Auto DSP Block Replacement                                       ; On                 ; On                 ;
; Auto Shift Register Replacement                                  ; Auto               ; Auto               ;
; Allow Shift Register Merging across Hierarchies                  ; Auto               ; Auto               ;
; Auto Clock Enable Replacement                                    ; On                 ; On                 ;
; Strict RAM Replacement                                           ; Off                ; Off                ;
; Allow Synchronous Control Signals                                ; On                 ; On                 ;
; Force Use of Synchronous Clear Signals                           ; Off                ; Off                ;
; Auto RAM Block Balancing                                         ; On                 ; On                 ;
; Auto RAM to Logic Cell Conversion                                ; Off                ; Off                ;
; Auto Resource Sharing                                            ; Off                ; Off                ;
; Allow Any RAM Size For Recognition                               ; Off                ; Off                ;
; Allow Any ROM Size For Recognition                               ; Off                ; Off                ;
; Allow Any Shift Register Size For Recognition                    ; Off                ; Off                ;
; Use LogicLock Constraints during Resource Balancing              ; On                 ; On                 ;
; Ignore translate_off and synthesis_off directives                ; Off                ; Off                ;
; Timing-Driven Synthesis                                          ; On                 ; On                 ;
; Report Parameter Settings                                        ; On                 ; On                 ;
; Report Source Assignments                                        ; On                 ; On                 ;
; Report Connectivity Checks                                       ; On                 ; On                 ;
; Ignore Maximum Fan-Out Assignments                               ; Off                ; Off                ;
; Synchronization Register Chain Length                            ; 2                  ; 2                  ;
; Power Optimization During Synthesis                              ; Normal compilation ; Normal compilation ;
; HDL message level                                                ; Level2             ; Level2             ;
; Suppress Register Optimization Related Messages                  ; Off                ; Off                ;
; Number of Removed Registers Reported in Synthesis Report         ; 5000               ; 5000               ;
; Number of Swept Nodes Reported in Synthesis Report               ; 5000               ; 5000               ;
; Number of Inverted Registers Reported in Synthesis Report        ; 100                ; 100                ;
; Clock MUX Protection                                             ; On                 ; On                 ;
; Auto Gated Clock Conversion                                      ; Off                ; Off                ;
; Block Design Naming                                              ; Auto               ; Auto               ;
; SDC constraint protection                                        ; Off                ; Off                ;
; Synthesis Effort                                                 ; Auto               ; Auto               ;
; Shift Register Replacement - Allow Asynchronous Clear Signal     ; On                 ; On                 ;
; Pre-Mapping Resynthesis Optimization                             ; Off                ; Off                ;
; Analysis & Synthesis Message Level                               ; Medium             ; Medium             ;
; Disable Register Merging Across Hierarchies                      ; Auto               ; Auto               ;
; Resource Aware Inference For Block RAM                           ; On                 ; On                 ;
+------------------------------------------------------------------+--------------------+--------------------+


+------------------------------------------+
; Parallel Compilation                     ;
+----------------------------+-------------+
; Processors                 ; Number      ;
+----------------------------+-------------+
; Number detected on machine ; 4           ;
; Maximum allowed            ; 2           ;
;                            ;             ;
; Average used               ; 1.00        ;
; Maximum used               ; 2           ;
;                            ;             ;
; Usage by Processor         ; % Time Used ;
;     Processor 1            ; 100.0%      ;
;     Processor 2            ;   0.0%      ;
+----------------------------+-------------+


+-----------------------------------------------------------------------------------------------------------------------------------------------------------------+
; Analysis & Synthesis Source Files Read                                                                                                                          ;
+----------------------------------+-----------------+-----------------+--------------------------------------------------------------------------------+---------+
; File Name with User-Entered Path ; Used in Netlist ; File Type       ; File Name with Absolute Path                                                   ; Library ;
+----------------------------------+-----------------+-----------------+--------------------------------------------------------------------------------+---------+
; top_level_entity.vhd             ; yes             ; User VHDL File  ; /home/andrea/Documents/Tesi_287628/287628/hyperram_system/top_level_entity.vhd ;         ;
; reg.vhd                          ; yes             ; User VHDL File  ; /home/andrea/Documents/Tesi_287628/287628/hyperram_system/reg.vhd              ;         ;
+----------------------------------+-----------------+-----------------+--------------------------------------------------------------------------------+---------+


+--------------------------------------------------------------+
; Analysis & Synthesis Resource Usage Summary                  ;
+---------------------------------------------+----------------+
; Resource                                    ; Usage          ;
+---------------------------------------------+----------------+
; Estimated Total logic elements              ; 8              ;
;                                             ;                ;
; Total combinational functions               ; 0              ;
; Logic element usage by number of LUT inputs ;                ;
;     -- 4 input functions                    ; 0              ;
;     -- 3 input functions                    ; 0              ;
;     -- <=2 input functions                  ; 0              ;
;                                             ;                ;
; Logic elements by mode                      ;                ;
;     -- normal mode                          ; 0              ;
;     -- arithmetic mode                      ; 0              ;
;                                             ;                ;
; Total registers                             ; 8              ;
;     -- Dedicated logic registers            ; 8              ;
;     -- I/O registers                        ; 0              ;
;                                             ;                ;
; I/O pins                                    ; 62             ;
;                                             ;                ;
; Embedded Multiplier 9-bit elements          ; 0              ;
;                                             ;                ;
; Maximum fan-out node                        ; hBusRwds~input ;
; Maximum fan-out                             ; 8              ;
; Total fan-out                               ; 132            ;
; Average fan-out                             ; 0.74           ;
+---------------------------------------------+----------------+


+---------------------------------------------------------------------------------------------------------------------------------------------------------------------------------------------------------------------------+
; Analysis & Synthesis Resource Utilization by Entity                                                                                                                                                                       ;
+----------------------------+---------------------+---------------------------+-------------+--------------+---------+-----------+------+--------------+---------------------------------+------------------+--------------+
; Compilation Hierarchy Node ; Combinational ALUTs ; Dedicated Logic Registers ; Memory Bits ; DSP Elements ; DSP 9x9 ; DSP 18x18 ; Pins ; Virtual Pins ; Full Hierarchy Name             ; Entity Name      ; Library Name ;
+----------------------------+---------------------+---------------------------+-------------+--------------+---------+-----------+------+--------------+---------------------------------+------------------+--------------+
; |top_level_entity          ; 0 (0)               ; 8 (0)                     ; 0           ; 0            ; 0       ; 0         ; 62   ; 0            ; |top_level_entity               ; top_level_entity ; work         ;
;    |reg:dummy_reg|         ; 0 (0)               ; 8 (8)                     ; 0           ; 0            ; 0       ; 0         ; 0    ; 0            ; |top_level_entity|reg:dummy_reg ; reg              ; work         ;
+----------------------------+---------------------+---------------------------+-------------+--------------+---------+-----------+------+--------------+---------------------------------+------------------+--------------+
Note: For table entries with two numbers listed, the numbers in parentheses indicate the number of resources of the given type used by the specific entity alone. The numbers listed outside of parentheses indicate the total resources of the given type used by the specific entity and all of its sub-entities in the hierarchy.


+------------------------------------------------------+
; General Register Statistics                          ;
+----------------------------------------------+-------+
; Statistic                                    ; Value ;
+----------------------------------------------+-------+
; Total registers                              ; 8     ;
; Number of registers using Synchronous Clear  ; 0     ;
; Number of registers using Synchronous Load   ; 0     ;
; Number of registers using Asynchronous Clear ; 0     ;
; Number of registers using Asynchronous Load  ; 0     ;
; Number of registers using Clock Enable       ; 0     ;
; Number of registers using Preset             ; 0     ;
+----------------------------------------------+-------+


+------------------------------------------------------------+
; Parameter Settings for User Entity Instance: reg:dummy_reg ;
+----------------+-------+-----------------------------------+
; Parameter Name ; Value ; Type                              ;
+----------------+-------+-----------------------------------+
; n              ; 8     ; Signed Integer                    ;
+----------------+-------+-----------------------------------+
Note: In order to hide this table in the UI and the text report file, please set the "Show Parameter Settings in Synthesis Report" option in "Analysis and Synthesis Settings -> More Settings" to "Off".


+-------------------------------------------+
; Port Connectivity Checks: "reg:dummy_reg" ;
+---------+-------+----------+--------------+
; Port    ; Type  ; Severity ; Details      ;
+---------+-------+----------+--------------+
; enable  ; Input ; Info     ; Stuck at VCC ;
; clear_n ; Input ; Info     ; Stuck at VCC ;
; reset_n ; Input ; Info     ; Stuck at VCC ;
+---------+-------+----------+--------------+


+-----------------------------------------------------+
; Post-Synthesis Netlist Statistics for Top Partition ;
+-----------------------+-----------------------------+
; Type                  ; Count                       ;
+-----------------------+-----------------------------+
; boundary_port         ; 62                          ;
; cycloneiii_ff         ; 8                           ;
;     plain             ; 8                           ;
; cycloneiii_io_obuf    ; 46                          ;
; cycloneiii_lcell_comb ; 1                           ;
;     normal            ; 1                           ;
;         0 data inputs ; 1                           ;
;                       ;                             ;
; Max LUT depth         ; 0.00                        ;
; Average LUT depth     ; 0.00                        ;
+-----------------------+-----------------------------+


+-------------------------------+
; Elapsed Time Per Partition    ;
+----------------+--------------+
; Partition Name ; Elapsed Time ;
+----------------+--------------+
; Top            ; 00:00:00     ;
+----------------+--------------+


+-------------------------------+
; Analysis & Synthesis Messages ;
+-------------------------------+
Info: *******************************************************************
Info: Running Quartus Prime Analysis & Synthesis
    Info: Version 22.1std.1 Build 917 02/14/2023 SC Lite Edition
    Info: Processing started: Fri Dec  8 18:45:28 2023
Info: Command: quartus_map --read_settings_files=on --write_settings_files=off hyperram_system -c hyperram_system
Warning (18236): Number of processors has not been specified which may cause overloading on shared machines.  Set the global assignment NUM_PARALLEL_PROCESSORS in your QSF to an appropriate value for best performance.
Info (20030): Parallel compilation is enabled and will use 2 of the 2 processors detected
Info (12021): Found 2 design units, including 1 entities, in source file top_level_entity.vhd
    Info (12022): Found design unit 1: top_level_entity-behavior File: /home/andrea/Documents/Tesi_287628/287628/hyperram_system/top_level_entity.vhd Line: 40
    Info (12023): Found entity 1: top_level_entity File: /home/andrea/Documents/Tesi_287628/287628/hyperram_system/top_level_entity.vhd Line: 9
Info (12021): Found 2 design units, including 1 entities, in source file reg.vhd
    Info (12022): Found design unit 1: reg-behavior File: /home/andrea/Documents/Tesi_287628/287628/hyperram_system/reg.vhd Line: 23
    Info (12023): Found entity 1: reg File: /home/andrea/Documents/Tesi_287628/287628/hyperram_system/reg.vhd Line: 7
Info (12127): Elaborating entity "top_level_entity" for the top level hierarchy
Warning (10541): VHDL Signal Declaration warning at top_level_entity.vhd(18): used implicit default value for signal "hBusCk" because signal was never assigned a value or an explicit default value. Use of implicit default value may introduce unintended design optimizations. File: /home/andrea/Documents/Tesi_287628/287628/hyperram_system/top_level_entity.vhd Line: 18
Warning (10541): VHDL Signal Declaration warning at top_level_entity.vhd(19): used implicit default value for signal "hBusnCk" because signal was never assigned a value or an explicit default value. Use of implicit default value may introduce unintended design optimizations. File: /home/andrea/Documents/Tesi_287628/287628/hyperram_system/top_level_entity.vhd Line: 19
Warning (10541): VHDL Signal Declaration warning at top_level_entity.vhd(20): used implicit default value for signal "hBusCs" because signal was never assigned a value or an explicit default value. Use of implicit default value may introduce unintended design optimizations. File: /home/andrea/Documents/Tesi_287628/287628/hyperram_system/top_level_entity.vhd Line: 20
Warning (10541): VHDL Signal Declaration warning at top_level_entity.vhd(21): used implicit default value for signal "hBusRst" because signal was never assigned a value or an explicit default value. Use of implicit default value may introduce unintended design optimizations. File: /home/andrea/Documents/Tesi_287628/287628/hyperram_system/top_level_entity.vhd Line: 21
Warning (10541): VHDL Signal Declaration warning at top_level_entity.vhd(30): used implicit default value for signal "mcuUartRx" because signal was never assigned a value or an explicit default value. Use of implicit default value may introduce unintended design optimizations. File: /home/andrea/Documents/Tesi_287628/287628/hyperram_system/top_level_entity.vhd Line: 30
Warning (10541): VHDL Signal Declaration warning at top_level_entity.vhd(36): used implicit default value for signal "leds" because signal was never assigned a value or an explicit default value. Use of implicit default value may introduce unintended design optimizations. File: /home/andrea/Documents/Tesi_287628/287628/hyperram_system/top_level_entity.vhd Line: 36
Info (12128): Elaborating entity "reg" for hierarchy "reg:dummy_reg" File: /home/andrea/Documents/Tesi_287628/287628/hyperram_system/top_level_entity.vhd Line: 62
Warning (13034): The following nodes have both tri-state and non-tri-state drivers
    Warning (13035): Inserted always-enabled tri-state buffer between "lsasBus[0]" and its non-tri-state driver. File: /home/andrea/Documents/Tesi_287628/287628/hyperram_system/top_level_entity.vhd Line: 34
    Warning (13035): Inserted always-enabled tri-state buffer between "lsasBus[1]" and its non-tri-state driver. File: /home/andrea/Documents/Tesi_287628/287628/hyperram_system/top_level_entity.vhd Line: 34
    Warning (13035): Inserted always-enabled tri-state buffer between "lsasBus[2]" and its non-tri-state driver. File: /home/andrea/Documents/Tesi_287628/287628/hyperram_system/top_level_entity.vhd Line: 34
    Warning (13035): Inserted always-enabled tri-state buffer between "lsasBus[3]" and its non-tri-state driver. File: /home/andrea/Documents/Tesi_287628/287628/hyperram_system/top_level_entity.vhd Line: 34
    Warning (13035): Inserted always-enabled tri-state buffer between "lsasBus[4]" and its non-tri-state driver. File: /home/andrea/Documents/Tesi_287628/287628/hyperram_system/top_level_entity.vhd Line: 34
    Warning (13035): Inserted always-enabled tri-state buffer between "lsasBus[5]" and its non-tri-state driver. File: /home/andrea/Documents/Tesi_287628/287628/hyperram_system/top_level_entity.vhd Line: 34
    Warning (13035): Inserted always-enabled tri-state buffer between "lsasBus[6]" and its non-tri-state driver. File: /home/andrea/Documents/Tesi_287628/287628/hyperram_system/top_level_entity.vhd Line: 34
    Warning (13035): Inserted always-enabled tri-state buffer between "lsasBus[7]" and its non-tri-state driver. File: /home/andrea/Documents/Tesi_287628/287628/hyperram_system/top_level_entity.vhd Line: 34
Warning (13039): The following bidirectional pins have no drivers
    Warning (13040): bidirectional pin "hBusD[0]" has no driver File: /home/andrea/Documents/Tesi_287628/287628/hyperram_system/top_level_entity.vhd Line: 22
    Warning (13040): bidirectional pin "hBusD[1]" has no driver File: /home/andrea/Documents/Tesi_287628/287628/hyperram_system/top_level_entity.vhd Line: 22
    Warning (13040): bidirectional pin "hBusD[2]" has no driver File: /home/andrea/Documents/Tesi_287628/287628/hyperram_system/top_level_entity.vhd Line: 22
    Warning (13040): bidirectional pin "hBusD[3]" has no driver File: /home/andrea/Documents/Tesi_287628/287628/hyperram_system/top_level_entity.vhd Line: 22
    Warning (13040): bidirectional pin "hBusD[4]" has no driver File: /home/andrea/Documents/Tesi_287628/287628/hyperram_system/top_level_entity.vhd Line: 22
    Warning (13040): bidirectional pin "hBusD[5]" has no driver File: /home/andrea/Documents/Tesi_287628/287628/hyperram_system/top_level_entity.vhd Line: 22
    Warning (13040): bidirectional pin "hBusD[6]" has no driver File: /home/andrea/Documents/Tesi_287628/287628/hyperram_system/top_level_entity.vhd Line: 22
    Warning (13040): bidirectional pin "hBusD[7]" has no driver File: /home/andrea/Documents/Tesi_287628/287628/hyperram_system/top_level_entity.vhd Line: 22
    Warning (13040): bidirectional pin "hBusRwds" has no driver File: /home/andrea/Documents/Tesi_287628/287628/hyperram_system/top_level_entity.vhd Line: 23
    Warning (13040): bidirectional pin "mcuSpiIo[0]" has no driver File: /home/andrea/Documents/Tesi_287628/287628/hyperram_system/top_level_entity.vhd Line: 27
    Warning (13040): bidirectional pin "mcuSpiIo[1]" has no driver File: /home/andrea/Documents/Tesi_287628/287628/hyperram_system/top_level_entity.vhd Line: 27
    Warning (13040): bidirectional pin "mcuSpiIo[2]" has no driver File: /home/andrea/Documents/Tesi_287628/287628/hyperram_system/top_level_entity.vhd Line: 27
    Warning (13040): bidirectional pin "mcuSpiIo[3]" has no driver File: /home/andrea/Documents/Tesi_287628/287628/hyperram_system/top_level_entity.vhd Line: 27
    Warning (13040): bidirectional pin "mcuI2cSda" has no driver File: /home/andrea/Documents/Tesi_287628/287628/hyperram_system/top_level_entity.vhd Line: 32
    Warning (13040): bidirectional pin "lsasBus[8]" has no driver File: /home/andrea/Documents/Tesi_287628/287628/hyperram_system/top_level_entity.vhd Line: 34
    Warning (13040): bidirectional pin "lsasBus[9]" has no driver File: /home/andrea/Documents/Tesi_287628/287628/hyperram_system/top_level_entity.vhd Line: 34
    Warning (13040): bidirectional pin "lsasBus[10]" has no driver File: /home/andrea/Documents/Tesi_287628/287628/hyperram_system/top_level_entity.vhd Line: 34
    Warning (13040): bidirectional pin "lsasBus[11]" has no driver File: /home/andrea/Documents/Tesi_287628/287628/hyperram_system/top_level_entity.vhd Line: 34
    Warning (13040): bidirectional pin "lsasBus[12]" has no driver File: /home/andrea/Documents/Tesi_287628/287628/hyperram_system/top_level_entity.vhd Line: 34
    Warning (13040): bidirectional pin "lsasBus[13]" has no driver File: /home/andrea/Documents/Tesi_287628/287628/hyperram_system/top_level_entity.vhd Line: 34
    Warning (13040): bidirectional pin "lsasBus[14]" has no driver File: /home/andrea/Documents/Tesi_287628/287628/hyperram_system/top_level_entity.vhd Line: 34
    Warning (13040): bidirectional pin "lsasBus[15]" has no driver File: /home/andrea/Documents/Tesi_287628/287628/hyperram_system/top_level_entity.vhd Line: 34
    Warning (13040): bidirectional pin "lsasBus[16]" has no driver File: /home/andrea/Documents/Tesi_287628/287628/hyperram_system/top_level_entity.vhd Line: 34
    Warning (13040): bidirectional pin "lsasBus[17]" has no driver File: /home/andrea/Documents/Tesi_287628/287628/hyperram_system/top_level_entity.vhd Line: 34
    Warning (13040): bidirectional pin "lsasBus[18]" has no driver File: /home/andrea/Documents/Tesi_287628/287628/hyperram_system/top_level_entity.vhd Line: 34
    Warning (13040): bidirectional pin "lsasBus[19]" has no driver File: /home/andrea/Documents/Tesi_287628/287628/hyperram_system/top_level_entity.vhd Line: 34
    Warning (13040): bidirectional pin "lsasBus[20]" has no driver File: /home/andrea/Documents/Tesi_287628/287628/hyperram_system/top_level_entity.vhd Line: 34
    Warning (13040): bidirectional pin "lsasBus[21]" has no driver File: /home/andrea/Documents/Tesi_287628/287628/hyperram_system/top_level_entity.vhd Line: 34
    Warning (13040): bidirectional pin "lsasBus[22]" has no driver File: /home/andrea/Documents/Tesi_287628/287628/hyperram_system/top_level_entity.vhd Line: 34
    Warning (13040): bidirectional pin "lsasBus[23]" has no driver File: /home/andrea/Documents/Tesi_287628/287628/hyperram_system/top_level_entity.vhd Line: 34
    Warning (13040): bidirectional pin "lsasBus[24]" has no driver File: /home/andrea/Documents/Tesi_287628/287628/hyperram_system/top_level_entity.vhd Line: 34
    Warning (13040): bidirectional pin "lsasBus[25]" has no driver File: /home/andrea/Documents/Tesi_287628/287628/hyperram_system/top_level_entity.vhd Line: 34
    Warning (13040): bidirectional pin "lsasBus[26]" has no driver File: /home/andrea/Documents/Tesi_287628/287628/hyperram_system/top_level_entity.vhd Line: 34
    Warning (13040): bidirectional pin "lsasBus[27]" has no driver File: /home/andrea/Documents/Tesi_287628/287628/hyperram_system/top_level_entity.vhd Line: 34
    Warning (13040): bidirectional pin "lsasBus[28]" has no driver File: /home/andrea/Documents/Tesi_287628/287628/hyperram_system/top_level_entity.vhd Line: 34
    Warning (13040): bidirectional pin "lsasBus[29]" has no driver File: /home/andrea/Documents/Tesi_287628/287628/hyperram_system/top_level_entity.vhd Line: 34
    Warning (13040): bidirectional pin "lsasBus[30]" has no driver File: /home/andrea/Documents/Tesi_287628/287628/hyperram_system/top_level_entity.vhd Line: 34
    Warning (13040): bidirectional pin "lsasBus[31]" has no driver File: /home/andrea/Documents/Tesi_287628/287628/hyperram_system/top_level_entity.vhd Line: 34
Warning (13009): TRI or OPNDRN buffers permanently enabled
    Warning (13010): Node "lsasBus[0]~synth" File: /home/andrea/Documents/Tesi_287628/287628/hyperram_system/top_level_entity.vhd Line: 34
    Warning (13010): Node "lsasBus[1]~synth" File: /home/andrea/Documents/Tesi_287628/287628/hyperram_system/top_level_entity.vhd Line: 34
    Warning (13010): Node "lsasBus[2]~synth" File: /home/andrea/Documents/Tesi_287628/287628/hyperram_system/top_level_entity.vhd Line: 34
    Warning (13010): Node "lsasBus[3]~synth" File: /home/andrea/Documents/Tesi_287628/287628/hyperram_system/top_level_entity.vhd Line: 34
    Warning (13010): Node "lsasBus[4]~synth" File: /home/andrea/Documents/Tesi_287628/287628/hyperram_system/top_level_entity.vhd Line: 34
    Warning (13010): Node "lsasBus[5]~synth" File: /home/andrea/Documents/Tesi_287628/287628/hyperram_system/top_level_entity.vhd Line: 34
    Warning (13010): Node "lsasBus[6]~synth" File: /home/andrea/Documents/Tesi_287628/287628/hyperram_system/top_level_entity.vhd Line: 34
    Warning (13010): Node "lsasBus[7]~synth" File: /home/andrea/Documents/Tesi_287628/287628/hyperram_system/top_level_entity.vhd Line: 34
Warning (13024): Output pins are stuck at VCC or GND
    Warning (13410): Pin "hBusCk" is stuck at GND File: /home/andrea/Documents/Tesi_287628/287628/hyperram_system/top_level_entity.vhd Line: 18
    Warning (13410): Pin "hBusnCk" is stuck at GND File: /home/andrea/Documents/Tesi_287628/287628/hyperram_system/top_level_entity.vhd Line: 19
    Warning (13410): Pin "hBusCs" is stuck at GND File: /home/andrea/Documents/Tesi_287628/287628/hyperram_system/top_level_entity.vhd Line: 20
    Warning (13410): Pin "hBusRst" is stuck at GND File: /home/andrea/Documents/Tesi_287628/287628/hyperram_system/top_level_entity.vhd Line: 21
    Warning (13410): Pin "mcuUartRx" is stuck at GND File: /home/andrea/Documents/Tesi_287628/287628/hyperram_system/top_level_entity.vhd Line: 30
    Warning (13410): Pin "leds[0]" is stuck at GND File: /home/andrea/Documents/Tesi_287628/287628/hyperram_system/top_level_entity.vhd Line: 36
    Warning (13410): Pin "leds[1]" is stuck at GND File: /home/andrea/Documents/Tesi_287628/287628/hyperram_system/top_level_entity.vhd Line: 36
    Warning (13410): Pin "leds[2]" is stuck at GND File: /home/andrea/Documents/Tesi_287628/287628/hyperram_system/top_level_entity.vhd Line: 36
    Warning (13410): Pin "leds[3]" is stuck at GND File: /home/andrea/Documents/Tesi_287628/287628/hyperram_system/top_level_entity.vhd Line: 36
Info (286030): Timing-Driven Synthesis is running
Info (16010): Generating hard_block partition "hard_block:auto_generated_inst"
    Info (16011): Adding 0 node(s), including 0 DDIO, 0 PLL, 0 transceiver and 0 LCELL
Warning (21074): Design contains 7 input pin(s) that do not drive logic
    Warning (15610): No output dependent on input pin "mainClk" File: /home/andrea/Documents/Tesi_287628/287628/hyperram_system/top_level_entity.vhd Line: 13
    Warning (15610): No output dependent on input pin "slowClk" File: /home/andrea/Documents/Tesi_287628/287628/hyperram_system/top_level_entity.vhd Line: 14
    Warning (15610): No output dependent on input pin "reset" File: /home/andrea/Documents/Tesi_287628/287628/hyperram_system/top_level_entity.vhd Line: 16
    Warning (15610): No output dependent on input pin "mcuSpiCk" File: /home/andrea/Documents/Tesi_287628/287628/hyperram_system/top_level_entity.vhd Line: 25
    Warning (15610): No output dependent on input pin "mcuSpiCs" File: /home/andrea/Documents/Tesi_287628/287628/hyperram_system/top_level_entity.vhd Line: 26
    Warning (15610): No output dependent on input pin "mcuUartTx" File: /home/andrea/Documents/Tesi_287628/287628/hyperram_system/top_level_entity.vhd Line: 29
    Warning (15610): No output dependent on input pin "mcuI2cScl" File: /home/andrea/Documents/Tesi_287628/287628/hyperram_system/top_level_entity.vhd Line: 31
Info (21057): Implemented 70 device resources after synthesis - the final resource count might be different
    Info (21058): Implemented 7 input pins
    Info (21059): Implemented 9 output pins
    Info (21060): Implemented 46 bidirectional pins
    Info (21061): Implemented 8 logic cells
Info: Quartus Prime Analysis & Synthesis was successful. 0 errors, 82 warnings
    Info: Peak virtual memory: 420 megabytes
    Info: Processing ended: Fri Dec  8 18:45:39 2023
    Info: Elapsed time: 00:00:11
    Info: Total CPU time (on all processors): 00:00:27


