Flow report for AvalonMM_to_SSRAM_v1
Sun May 14 15:36:03 2023
Quartus Prime Version 22.1std.1 Build 917 02/14/2023 SC Lite Edition


---------------------
; Table of Contents ;
---------------------
  1. Legal Notice
  2. Flow Summary
  3. Flow Settings
  4. Flow Non-Default Global Settings
  5. Flow Elapsed Time
  6. Flow OS Summary
  7. Flow Log
  8. Flow Messages
  9. Flow Suppressed Messages



----------------
; Legal Notice ;
----------------
Copyright (C) 2023  Intel Corporation. All rights reserved.
Your use of Intel Corporation's design tools, logic functions 
and other software and tools, and any partner logic 
functions, and any output files from any of the foregoing 
(including device programming or simulation files), and any 
associated documentation or information are expressly subject 
to the terms and conditions of the Intel Program License 
Subscription Agreement, the Intel Quartus Prime License Agreement,
the Intel FPGA IP License Agreement, or other applicable license
agreement, including, without limitation, that your use is for
the sole purpose of programming logic devices manufactured by
Intel and sold by Intel or its authorized distributors.  Please
refer to the applicable agreement for further details, at
https://fpgasoftware.intel.com/eula.



+-------------------------------------------------------------------------------------+
; Flow Summary                                                                        ;
+------------------------------------+------------------------------------------------+
; Flow Status                        ; Successful - Sun May 14 15:36:03 2023          ;
; Quartus Prime Version              ; 22.1std.1 Build 917 02/14/2023 SC Lite Edition ;
; Revision Name                      ; AvalonMM_to_SSRAM_v1                           ;
; Top-level Entity Name              ; AvalonMM_to_SSRAM                              ;
; Family                             ; Cyclone 10 LP                                  ;
; Device                             ; 10CL025YE144C8G                                ;
; Timing Models                      ; Final                                          ;
; Total logic elements               ; 425                                            ;
;     Total combinational functions  ; 358                                            ;
;     Dedicated logic registers      ; 288                                            ;
; Total registers                    ; 288                                            ;
; Total pins                         ; 139                                            ;
; Total virtual pins                 ; 0                                              ;
; Total memory bits                  ; 0                                              ;
; Embedded Multiplier 9-bit elements ; 0                                              ;
; Total PLLs                         ; 0                                              ;
+------------------------------------+------------------------------------------------+


+------------------------------------------+
; Flow Settings                            ;
+-------------------+----------------------+
; Option            ; Setting              ;
+-------------------+----------------------+
; Start date & time ; 05/14/2023 15:35:52  ;
; Main task         ; Compilation          ;
; Revision Name     ; AvalonMM_to_SSRAM_v1 ;
+-------------------+----------------------+


+-------------------------------------------------------------------------------------------------------------------------------------------------------------+
; Flow Non-Default Global Settings                                                                                                                            ;
+-------------------------------------+----------------------------------------+----------------------+-------------------+-----------------------------------+
; Assignment Name                     ; Value                                  ; Default Value        ; Entity Name       ; Section Id                        ;
+-------------------------------------+----------------------------------------+----------------------+-------------------+-----------------------------------+
; COMPILER_SIGNATURE_ID               ; 106024607881685.168407135212494        ; --                   ; --                ; --                                ;
; EDA_GENERATE_FUNCTIONAL_NETLIST     ; Off                                    ; --                   ; --                ; eda_board_design_timing           ;
; EDA_GENERATE_FUNCTIONAL_NETLIST     ; Off                                    ; --                   ; --                ; eda_board_design_boundary_scan    ;
; EDA_GENERATE_FUNCTIONAL_NETLIST     ; Off                                    ; --                   ; --                ; eda_board_design_signal_integrity ;
; EDA_GENERATE_FUNCTIONAL_NETLIST     ; Off                                    ; --                   ; --                ; eda_board_design_symbol           ;
; EDA_OUTPUT_DATA_FORMAT              ; Vhdl                                   ; --                   ; --                ; eda_simulation                    ;
; EDA_SIMULATION_TOOL                 ; ModelSim (VHDL)                        ; <None>               ; --                ; --                                ;
; EDA_TIME_SCALE                      ; 1 ps                                   ; --                   ; --                ; eda_simulation                    ;
; MAX_CORE_JUNCTION_TEMP              ; 85                                     ; --                   ; --                ; --                                ;
; MIN_CORE_JUNCTION_TEMP              ; 0                                      ; --                   ; --                ; --                                ;
; NOMINAL_CORE_SUPPLY_VOLTAGE         ; 1.2V                                   ; --                   ; --                ; --                                ;
; PARTITION_COLOR                     ; -- (Not supported for targeted family) ; --                   ; AvalonMM_to_SSRAM ; Top                               ;
; PARTITION_FITTER_PRESERVATION_LEVEL ; -- (Not supported for targeted family) ; --                   ; AvalonMM_to_SSRAM ; Top                               ;
; PARTITION_NETLIST_TYPE              ; -- (Not supported for targeted family) ; --                   ; AvalonMM_to_SSRAM ; Top                               ;
; POWER_BOARD_THERMAL_MODEL           ; None (CONSERVATIVE)                    ; --                   ; --                ; --                                ;
; POWER_PRESET_COOLING_SOLUTION       ; 23 MM HEAT SINK WITH 200 LFPM AIRFLOW  ; --                   ; --                ; --                                ;
; PROJECT_OUTPUT_DIRECTORY            ; output_files                           ; --                   ; --                ; --                                ;
; TOP_LEVEL_ENTITY                    ; AvalonMM_to_SSRAM                      ; AvalonMM_to_SSRAM_v1 ; --                ; --                                ;
+-------------------------------------+----------------------------------------+----------------------+-------------------+-----------------------------------+


+--------------------------------------------------------------------------------------------------------------------------+
; Flow Elapsed Time                                                                                                        ;
+----------------------+--------------+-------------------------+---------------------+------------------------------------+
; Module Name          ; Elapsed Time ; Average Processors Used ; Peak Virtual Memory ; Total CPU Time (on all processors) ;
+----------------------+--------------+-------------------------+---------------------+------------------------------------+
; Analysis & Synthesis ; 00:00:11     ; 1.0                     ; 426 MB              ; 00:00:23                           ;
; Total                ; 00:00:11     ; --                      ; --                  ; 00:00:23                           ;
+----------------------+--------------+-------------------------+---------------------+------------------------------------+


+----------------------------------------------------------------------------------------+
; Flow OS Summary                                                                        ;
+----------------------+------------------+----------------+------------+----------------+
; Module Name          ; Machine Hostname ; OS Name        ; OS Version ; Processor type ;
+----------------------+------------------+----------------+------------+----------------+
; Analysis & Synthesis ; shaq97           ; Ubuntu 20.04.6 ; 20         ; x86_64         ;
+----------------------+------------------+----------------+------------+----------------+


------------
; Flow Log ;
------------
quartus_map --read_settings_files=on --write_settings_files=off AvalonMM_to_SSRAM_v1 -c AvalonMM_to_SSRAM_v1



