Analysis & Synthesis report for avs_to_hram_converter
Thu Nov 23 17:13:07 2023
Quartus Prime Version 22.1std.1 Build 917 02/14/2023 SC Lite Edition


---------------------
; Table of Contents ;
---------------------
  1. Legal Notice
  2. Analysis & Synthesis Summary
  3. Analysis & Synthesis Settings
  4. Parallel Compilation
  5. Analysis & Synthesis Source Files Read
  6. Analysis & Synthesis Resource Usage Summary
  7. Analysis & Synthesis Resource Utilization by Entity
  8. Analysis & Synthesis IP Cores Summary
  9. State Machine - |synchronizer|synchronizer_CU:CU|present_state
 10. General Register Statistics
 11. Multiplexer Restructuring Statistics (Restructuring Performed)
 12. Parameter Settings for User Entity Instance: synchronizer_EU:EU|counter_Nbit:code_counter
 13. Parameter Settings for User Entity Instance: synchronizer_EU:EU|reg:din11
 14. Parameter Settings for User Entity Instance: synchronizer_EU:EU|reg:readdata10
 15. Parameter Settings for User Entity Instance: synchronizer_EU:EU|reg:readdata01
 16. Parameter Settings for User Entity Instance: synchronizer_EU:EU|reg:readdata00
 17. Parameter Settings for User Entity Instance: synchronizer_EU:EU|mux_4to1:datamux
 18. Parameter Settings for User Entity Instance: synchronizer_EU:EU|reg:outreg
 19. Parameter Settings for User Entity Instance: synchronizer_EU:EU|reg:burstlen
 20. Parameter Settings for User Entity Instance: synchronizer_EU:EU|counter_11bit_updown:burstlen_counter|lpm_counter:LPM_COUNTER_component
 21. Parameter Settings for User Entity Instance: synchronizer_EU:EU|comparator_Nbit:burstlen_cmp
 22. Parameter Settings for User Entity Instance: synchronizer_EU:EU|counter_Nbit:data_counter
 23. Parameter Settings for User Entity Instance: synchronizer_EU:EU|reg:outpipe
 24. Port Connectivity Checks: "synchronizer_EU:EU|reg:outpipe"
 25. Port Connectivity Checks: "synchronizer_EU:EU|d_flipflop:busy_pipe"
 26. Port Connectivity Checks: "synchronizer_EU:EU|d_flipflop:valid_pipe"
 27. Port Connectivity Checks: "synchronizer_EU:EU|counter_Nbit:data_counter"
 28. Port Connectivity Checks: "synchronizer_EU:EU|reg:burstlen"
 29. Port Connectivity Checks: "synchronizer_EU:EU|reg:outreg"
 30. Port Connectivity Checks: "synchronizer_EU:EU|reg:readdata00"
 31. Port Connectivity Checks: "synchronizer_EU:EU|reg:readdata01"
 32. Port Connectivity Checks: "synchronizer_EU:EU|reg:readdata10"
 33. Port Connectivity Checks: "synchronizer_EU:EU|reg:din11"
 34. Port Connectivity Checks: "synchronizer_EU:EU|counter_Nbit:code_counter|t_flipflop:\g1:1:chain_tff"
 35. Port Connectivity Checks: "synchronizer_EU:EU|counter_Nbit:code_counter|t_flipflop:entry_tff"
 36. Post-Synthesis Netlist Statistics for Top Partition
 37. Elapsed Time Per Partition
 38. Analysis & Synthesis Messages



----------------
; Legal Notice ;
----------------
Copyright (C) 2023  Intel Corporation. All rights reserved.
Your use of Intel Corporation's design tools, logic functions 
and other software and tools, and any partner logic 
functions, and any output files from any of the foregoing 
(including device programming or simulation files), and any 
associated documentation or information are expressly subject 
to the terms and conditions of the Intel Program License 
Subscription Agreement, the Intel Quartus Prime License Agreement,
the Intel FPGA IP License Agreement, or other applicable license
agreement, including, without limitation, that your use is for
the sole purpose of programming logic devices manufactured by
Intel and sold by Intel or its authorized distributors.  Please
refer to the applicable agreement for further details, at
https://fpgasoftware.intel.com/eula.



+-------------------------------------------------------------------------------------+
; Analysis & Synthesis Summary                                                        ;
+------------------------------------+------------------------------------------------+
; Analysis & Synthesis Status        ; Successful - Thu Nov 23 17:13:07 2023          ;
; Quartus Prime Version              ; 22.1std.1 Build 917 02/14/2023 SC Lite Edition ;
; Revision Name                      ; avs_to_hram_converter                          ;
; Top-level Entity Name              ; synchronizer                                   ;
; Family                             ; Cyclone 10 LP                                  ;
; Total logic elements               ; 167                                            ;
;     Total combinational functions  ; 90                                             ;
;     Dedicated logic registers      ; 131                                            ;
; Total registers                    ; 131                                            ;
; Total pins                         ; 64                                             ;
; Total virtual pins                 ; 0                                              ;
; Total memory bits                  ; 0                                              ;
; Embedded Multiplier 9-bit elements ; 0                                              ;
; Total PLLs                         ; 0                                              ;
+------------------------------------+------------------------------------------------+


+---------------------------------------------------------------------------------------------------------------+
; Analysis & Synthesis Settings                                                                                 ;
+------------------------------------------------------------------+--------------------+-----------------------+
; Option                                                           ; Setting            ; Default Value         ;
+------------------------------------------------------------------+--------------------+-----------------------+
; Device                                                           ; 10CL025YE144C8G    ;                       ;
; Top-level entity name                                            ; synchronizer       ; avs_to_hram_converter ;
; Family name                                                      ; Cyclone 10 LP      ; Cyclone V             ;
; Use smart compilation                                            ; Off                ; Off                   ;
; Enable parallel Assembler and Timing Analyzer during compilation ; On                 ; On                    ;
; Enable compact report table                                      ; Off                ; Off                   ;
; Restructure Multiplexers                                         ; Auto               ; Auto                  ;
; Create Debugging Nodes for IP Cores                              ; Off                ; Off                   ;
; Preserve fewer node names                                        ; On                 ; On                    ;
; Intel FPGA IP Evaluation Mode                                    ; Enable             ; Enable                ;
; Verilog Version                                                  ; Verilog_2001       ; Verilog_2001          ;
; VHDL Version                                                     ; VHDL_1993          ; VHDL_1993             ;
; State Machine Processing                                         ; Auto               ; Auto                  ;
; Safe State Machine                                               ; Off                ; Off                   ;
; Extract Verilog State Machines                                   ; On                 ; On                    ;
; Extract VHDL State Machines                                      ; On                 ; On                    ;
; Ignore Verilog initial constructs                                ; Off                ; Off                   ;
; Iteration limit for constant Verilog loops                       ; 5000               ; 5000                  ;
; Iteration limit for non-constant Verilog loops                   ; 250                ; 250                   ;
; Add Pass-Through Logic to Inferred RAMs                          ; On                 ; On                    ;
; Infer RAMs from Raw Logic                                        ; On                 ; On                    ;
; Parallel Synthesis                                               ; On                 ; On                    ;
; DSP Block Balancing                                              ; Auto               ; Auto                  ;
; NOT Gate Push-Back                                               ; On                 ; On                    ;
; Power-Up Don't Care                                              ; On                 ; On                    ;
; Remove Redundant Logic Cells                                     ; Off                ; Off                   ;
; Remove Duplicate Registers                                       ; On                 ; On                    ;
; Ignore CARRY Buffers                                             ; Off                ; Off                   ;
; Ignore CASCADE Buffers                                           ; Off                ; Off                   ;
; Ignore GLOBAL Buffers                                            ; Off                ; Off                   ;
; Ignore ROW GLOBAL Buffers                                        ; Off                ; Off                   ;
; Ignore LCELL Buffers                                             ; Off                ; Off                   ;
; Ignore SOFT Buffers                                              ; On                 ; On                    ;
; Limit AHDL Integers to 32 Bits                                   ; Off                ; Off                   ;
; Optimization Technique                                           ; Balanced           ; Balanced              ;
; Carry Chain Length                                               ; 70                 ; 70                    ;
; Auto Carry Chains                                                ; On                 ; On                    ;
; Auto Open-Drain Pins                                             ; On                 ; On                    ;
; Perform WYSIWYG Primitive Resynthesis                            ; Off                ; Off                   ;
; Auto ROM Replacement                                             ; On                 ; On                    ;
; Auto RAM Replacement                                             ; On                 ; On                    ;
; Auto DSP Block Replacement                                       ; On                 ; On                    ;
; Auto Shift Register Replacement                                  ; Auto               ; Auto                  ;
; Allow Shift Register Merging across Hierarchies                  ; Auto               ; Auto                  ;
; Auto Clock Enable Replacement                                    ; On                 ; On                    ;
; Strict RAM Replacement                                           ; Off                ; Off                   ;
; Allow Synchronous Control Signals                                ; On                 ; On                    ;
; Force Use of Synchronous Clear Signals                           ; Off                ; Off                   ;
; Auto RAM Block Balancing                                         ; On                 ; On                    ;
; Auto RAM to Logic Cell Conversion                                ; Off                ; Off                   ;
; Auto Resource Sharing                                            ; Off                ; Off                   ;
; Allow Any RAM Size For Recognition                               ; Off                ; Off                   ;
; Allow Any ROM Size For Recognition                               ; Off                ; Off                   ;
; Allow Any Shift Register Size For Recognition                    ; Off                ; Off                   ;
; Use LogicLock Constraints during Resource Balancing              ; On                 ; On                    ;
; Ignore translate_off and synthesis_off directives                ; Off                ; Off                   ;
; Timing-Driven Synthesis                                          ; On                 ; On                    ;
; Report Parameter Settings                                        ; On                 ; On                    ;
; Report Source Assignments                                        ; On                 ; On                    ;
; Report Connectivity Checks                                       ; On                 ; On                    ;
; Ignore Maximum Fan-Out Assignments                               ; Off                ; Off                   ;
; Synchronization Register Chain Length                            ; 2                  ; 2                     ;
; Power Optimization During Synthesis                              ; Normal compilation ; Normal compilation    ;
; HDL message level                                                ; Level2             ; Level2                ;
; Suppress Register Optimization Related Messages                  ; Off                ; Off                   ;
; Number of Removed Registers Reported in Synthesis Report         ; 5000               ; 5000                  ;
; Number of Swept Nodes Reported in Synthesis Report               ; 5000               ; 5000                  ;
; Number of Inverted Registers Reported in Synthesis Report        ; 100                ; 100                   ;
; Clock MUX Protection                                             ; On                 ; On                    ;
; Auto Gated Clock Conversion                                      ; Off                ; Off                   ;
; Block Design Naming                                              ; Auto               ; Auto                  ;
; SDC constraint protection                                        ; Off                ; Off                   ;
; Synthesis Effort                                                 ; Auto               ; Auto                  ;
; Shift Register Replacement - Allow Asynchronous Clear Signal     ; On                 ; On                    ;
; Pre-Mapping Resynthesis Optimization                             ; Off                ; Off                   ;
; Analysis & Synthesis Message Level                               ; Medium             ; Medium                ;
; Disable Register Merging Across Hierarchies                      ; Auto               ; Auto                  ;
; Resource Aware Inference For Block RAM                           ; On                 ; On                    ;
+------------------------------------------------------------------+--------------------+-----------------------+


+------------------------------------------+
; Parallel Compilation                     ;
+----------------------------+-------------+
; Processors                 ; Number      ;
+----------------------------+-------------+
; Number detected on machine ; 4           ;
; Maximum allowed            ; 2           ;
;                            ;             ;
; Average used               ; 1.00        ;
; Maximum used               ; 2           ;
;                            ;             ;
; Usage by Processor         ; % Time Used ;
;     Processor 1            ; 100.0%      ;
;     Processor 2            ;   0.1%      ;
+----------------------------+-------------+


+-----------------------------------------------------------------------------------------------------------------------------------------------------------------------------------------------------------------------------------------------------+
; Analysis & Synthesis Source Files Read                                                                                                                                                                                                              ;
+---------------------------------------------------+-----------------+------------------------------+--------------------------------------------------------------------------------------------------------------------------------------+---------+
; File Name with User-Entered Path                  ; Used in Netlist ; File Type                    ; File Name with Absolute Path                                                                                                         ; Library ;
+---------------------------------------------------+-----------------+------------------------------+--------------------------------------------------------------------------------------------------------------------------------------+---------+
; hdl/counter_11bit_updown/counter_11bit_updown.vhd ; yes             ; User Wizard-Generated File   ; /home/andrea/Documents/Tesi_287628/287628/hyperram_system/ip/avs_to_hram_converter/hdl/counter_11bit_updown/counter_11bit_updown.vhd ;         ;
; hdl/t_flipflop.vhd                                ; yes             ; User VHDL File               ; /home/andrea/Documents/Tesi_287628/287628/hyperram_system/ip/avs_to_hram_converter/hdl/t_flipflop.vhd                                ;         ;
; hdl/synchronizer_EU.vhd                           ; yes             ; User VHDL File               ; /home/andrea/Documents/Tesi_287628/287628/hyperram_system/ip/avs_to_hram_converter/hdl/synchronizer_EU.vhd                           ;         ;
; hdl/synchronizer_CU.vhd                           ; yes             ; User VHDL File               ; /home/andrea/Documents/Tesi_287628/287628/hyperram_system/ip/avs_to_hram_converter/hdl/synchronizer_CU.vhd                           ;         ;
; hdl/synchronizer.vhd                              ; yes             ; User VHDL File               ; /home/andrea/Documents/Tesi_287628/287628/hyperram_system/ip/avs_to_hram_converter/hdl/synchronizer.vhd                              ;         ;
; hdl/sr_flipflop.vhd                               ; yes             ; User VHDL File               ; /home/andrea/Documents/Tesi_287628/287628/hyperram_system/ip/avs_to_hram_converter/hdl/sr_flipflop.vhd                               ;         ;
; hdl/reg.vhd                                       ; yes             ; User VHDL File               ; /home/andrea/Documents/Tesi_287628/287628/hyperram_system/ip/avs_to_hram_converter/hdl/reg.vhd                                       ;         ;
; hdl/mux_4to1.vhd                                  ; yes             ; User VHDL File               ; /home/andrea/Documents/Tesi_287628/287628/hyperram_system/ip/avs_to_hram_converter/hdl/mux_4to1.vhd                                  ;         ;
; hdl/decoder_2bit.vhd                              ; yes             ; User VHDL File               ; /home/andrea/Documents/Tesi_287628/287628/hyperram_system/ip/avs_to_hram_converter/hdl/decoder_2bit.vhd                              ;         ;
; hdl/d_flipflop.vhd                                ; yes             ; User VHDL File               ; /home/andrea/Documents/Tesi_287628/287628/hyperram_system/ip/avs_to_hram_converter/hdl/d_flipflop.vhd                                ;         ;
; hdl/counter_Nbit.vhd                              ; yes             ; User VHDL File               ; /home/andrea/Documents/Tesi_287628/287628/hyperram_system/ip/avs_to_hram_converter/hdl/counter_Nbit.vhd                              ;         ;
; hdl/comparator_Nbit.vhd                           ; yes             ; User VHDL File               ; /home/andrea/Documents/Tesi_287628/287628/hyperram_system/ip/avs_to_hram_converter/hdl/comparator_Nbit.vhd                           ;         ;
; lpm_counter.tdf                                   ; yes             ; Megafunction                 ; /home/andrea/intelFPGA_lite/22.1std/quartus/libraries/megafunctions/lpm_counter.tdf                                                  ;         ;
; lpm_constant.inc                                  ; yes             ; Megafunction                 ; /home/andrea/intelFPGA_lite/22.1std/quartus/libraries/megafunctions/lpm_constant.inc                                                 ;         ;
; lpm_decode.inc                                    ; yes             ; Megafunction                 ; /home/andrea/intelFPGA_lite/22.1std/quartus/libraries/megafunctions/lpm_decode.inc                                                   ;         ;
; lpm_add_sub.inc                                   ; yes             ; Megafunction                 ; /home/andrea/intelFPGA_lite/22.1std/quartus/libraries/megafunctions/lpm_add_sub.inc                                                  ;         ;
; cmpconst.inc                                      ; yes             ; Megafunction                 ; /home/andrea/intelFPGA_lite/22.1std/quartus/libraries/megafunctions/cmpconst.inc                                                     ;         ;
; lpm_compare.inc                                   ; yes             ; Megafunction                 ; /home/andrea/intelFPGA_lite/22.1std/quartus/libraries/megafunctions/lpm_compare.inc                                                  ;         ;
; lpm_counter.inc                                   ; yes             ; Megafunction                 ; /home/andrea/intelFPGA_lite/22.1std/quartus/libraries/megafunctions/lpm_counter.inc                                                  ;         ;
; dffeea.inc                                        ; yes             ; Megafunction                 ; /home/andrea/intelFPGA_lite/22.1std/quartus/libraries/megafunctions/dffeea.inc                                                       ;         ;
; alt_counter_stratix.inc                           ; yes             ; Megafunction                 ; /home/andrea/intelFPGA_lite/22.1std/quartus/libraries/megafunctions/alt_counter_stratix.inc                                          ;         ;
; aglobal221.inc                                    ; yes             ; Megafunction                 ; /home/andrea/intelFPGA_lite/22.1std/quartus/libraries/megafunctions/aglobal221.inc                                                   ;         ;
; db/cntr_7lh.tdf                                   ; yes             ; Auto-Generated Megafunction  ; /home/andrea/Documents/Tesi_287628/287628/hyperram_system/ip/avs_to_hram_converter/db/cntr_7lh.tdf                                   ;         ;
+---------------------------------------------------+-----------------+------------------------------+--------------------------------------------------------------------------------------------------------------------------------------+---------+


+------------------------------------------------------------------+
; Analysis & Synthesis Resource Usage Summary                      ;
+---------------------------------------------+--------------------+
; Resource                                    ; Usage              ;
+---------------------------------------------+--------------------+
; Estimated Total logic elements              ; 167                ;
;                                             ;                    ;
; Total combinational functions               ; 90                 ;
; Logic element usage by number of LUT inputs ;                    ;
;     -- 4 input functions                    ; 49                 ;
;     -- 3 input functions                    ; 15                 ;
;     -- <=2 input functions                  ; 26                 ;
;                                             ;                    ;
; Logic elements by mode                      ;                    ;
;     -- normal mode                          ; 80                 ;
;     -- arithmetic mode                      ; 10                 ;
;                                             ;                    ;
; Total registers                             ; 131                ;
;     -- Dedicated logic registers            ; 131                ;
;     -- I/O registers                        ; 0                  ;
;                                             ;                    ;
; I/O pins                                    ; 64                 ;
;                                             ;                    ;
; Embedded Multiplier 9-bit elements          ; 0                  ;
;                                             ;                    ;
; Maximum fan-out node                        ; synch_strobe~input ;
; Maximum fan-out                             ; 78                 ;
; Total fan-out                               ; 796                ;
; Average fan-out                             ; 2.28               ;
+---------------------------------------------+--------------------+


+---------------------------------------------------------------------------------------------------------------------------------------------------------------------------------------------------------------------------------------------------------------------------------------------------------------------------------------------------+
; Analysis & Synthesis Resource Utilization by Entity                                                                                                                                                                                                                                                                                               ;
+-----------------------------------------------+---------------------+---------------------------+-------------+--------------+---------+-----------+------+--------------+----------------------------------------------------------------------------------------------------------------------------------+----------------------+--------------+
; Compilation Hierarchy Node                    ; Combinational ALUTs ; Dedicated Logic Registers ; Memory Bits ; DSP Elements ; DSP 9x9 ; DSP 18x18 ; Pins ; Virtual Pins ; Full Hierarchy Name                                                                                                              ; Entity Name          ; Library Name ;
+-----------------------------------------------+---------------------+---------------------------+-------------+--------------+---------+-----------+------+--------------+----------------------------------------------------------------------------------------------------------------------------------+----------------------+--------------+
; |synchronizer                                 ; 90 (1)              ; 131 (0)                   ; 0           ; 0            ; 0       ; 0         ; 64   ; 0            ; |synchronizer                                                                                                                    ; synchronizer         ; work         ;
;    |synchronizer_CU:CU|                       ; 10 (10)             ; 6 (6)                     ; 0           ; 0            ; 0       ; 0         ; 0    ; 0            ; |synchronizer|synchronizer_CU:CU                                                                                                 ; synchronizer_CU      ; work         ;
;    |synchronizer_EU:EU|                       ; 79 (4)              ; 125 (0)                   ; 0           ; 0            ; 0       ; 0         ; 0    ; 0            ; |synchronizer|synchronizer_EU:EU                                                                                                 ; synchronizer_EU      ; work         ;
;       |comparator_Nbit:burstlen_cmp|          ; 7 (7)               ; 0 (0)                     ; 0           ; 0            ; 0       ; 0         ; 0    ; 0            ; |synchronizer|synchronizer_EU:EU|comparator_Nbit:burstlen_cmp                                                                    ; comparator_Nbit      ; work         ;
;       |counter_11bit_updown:burstlen_counter| ; 12 (0)              ; 11 (0)                    ; 0           ; 0            ; 0       ; 0         ; 0    ; 0            ; |synchronizer|synchronizer_EU:EU|counter_11bit_updown:burstlen_counter                                                           ; counter_11bit_updown ; work         ;
;          |lpm_counter:LPM_COUNTER_component|  ; 12 (0)              ; 11 (0)                    ; 0           ; 0            ; 0       ; 0         ; 0    ; 0            ; |synchronizer|synchronizer_EU:EU|counter_11bit_updown:burstlen_counter|lpm_counter:LPM_COUNTER_component                         ; lpm_counter          ; work         ;
;             |cntr_7lh:auto_generated|         ; 12 (12)             ; 11 (11)                   ; 0           ; 0            ; 0       ; 0         ; 0    ; 0            ; |synchronizer|synchronizer_EU:EU|counter_11bit_updown:burstlen_counter|lpm_counter:LPM_COUNTER_component|cntr_7lh:auto_generated ; cntr_7lh             ; work         ;
;       |counter_Nbit:code_counter|             ; 2 (0)               ; 2 (0)                     ; 0           ; 0            ; 0       ; 0         ; 0    ; 0            ; |synchronizer|synchronizer_EU:EU|counter_Nbit:code_counter                                                                       ; counter_Nbit         ; work         ;
;          |t_flipflop:\g1:1:chain_tff|         ; 1 (1)               ; 1 (1)                     ; 0           ; 0            ; 0       ; 0         ; 0    ; 0            ; |synchronizer|synchronizer_EU:EU|counter_Nbit:code_counter|t_flipflop:\g1:1:chain_tff                                            ; t_flipflop           ; work         ;
;          |t_flipflop:entry_tff|               ; 1 (1)               ; 1 (1)                     ; 0           ; 0            ; 0       ; 0         ; 0    ; 0            ; |synchronizer|synchronizer_EU:EU|counter_Nbit:code_counter|t_flipflop:entry_tff                                                  ; t_flipflop           ; work         ;
;       |counter_Nbit:data_counter|             ; 2 (0)               ; 2 (0)                     ; 0           ; 0            ; 0       ; 0         ; 0    ; 0            ; |synchronizer|synchronizer_EU:EU|counter_Nbit:data_counter                                                                       ; counter_Nbit         ; work         ;
;          |t_flipflop:\g1:1:chain_tff|         ; 1 (1)               ; 1 (1)                     ; 0           ; 0            ; 0       ; 0         ; 0    ; 0            ; |synchronizer|synchronizer_EU:EU|counter_Nbit:data_counter|t_flipflop:\g1:1:chain_tff                                            ; t_flipflop           ; work         ;
;          |t_flipflop:entry_tff|               ; 1 (1)               ; 1 (1)                     ; 0           ; 0            ; 0       ; 0         ; 0    ; 0            ; |synchronizer|synchronizer_EU:EU|counter_Nbit:data_counter|t_flipflop:entry_tff                                                  ; t_flipflop           ; work         ;
;       |d_flipflop:busy_pipe|                  ; 0 (0)               ; 1 (1)                     ; 0           ; 0            ; 0       ; 0         ; 0    ; 0            ; |synchronizer|synchronizer_EU:EU|d_flipflop:busy_pipe                                                                            ; d_flipflop           ; work         ;
;       |d_flipflop:valid_pipe|                 ; 0 (0)               ; 1 (1)                     ; 0           ; 0            ; 0       ; 0         ; 0    ; 0            ; |synchronizer|synchronizer_EU:EU|d_flipflop:valid_pipe                                                                           ; d_flipflop           ; work         ;
;       |decoder_2bit:dec|                      ; 3 (3)               ; 0 (0)                     ; 0           ; 0            ; 0       ; 0         ; 0    ; 0            ; |synchronizer|synchronizer_EU:EU|decoder_2bit:dec                                                                                ; decoder_2bit         ; work         ;
;       |mux_4to1:datamux|                      ; 32 (32)             ; 0 (0)                     ; 0           ; 0            ; 0       ; 0         ; 0    ; 0            ; |synchronizer|synchronizer_EU:EU|mux_4to1:datamux                                                                                ; mux_4to1             ; work         ;
;       |reg:burstlen|                          ; 0 (0)               ; 11 (11)                   ; 0           ; 0            ; 0       ; 0         ; 0    ; 0            ; |synchronizer|synchronizer_EU:EU|reg:burstlen                                                                                    ; reg                  ; work         ;
;       |reg:din11|                             ; 0 (0)               ; 16 (16)                   ; 0           ; 0            ; 0       ; 0         ; 0    ; 0            ; |synchronizer|synchronizer_EU:EU|reg:din11                                                                                       ; reg                  ; work         ;
;       |reg:outpipe|                           ; 16 (16)             ; 16 (16)                   ; 0           ; 0            ; 0       ; 0         ; 0    ; 0            ; |synchronizer|synchronizer_EU:EU|reg:outpipe                                                                                     ; reg                  ; work         ;
;       |reg:outreg|                            ; 0 (0)               ; 16 (16)                   ; 0           ; 0            ; 0       ; 0         ; 0    ; 0            ; |synchronizer|synchronizer_EU:EU|reg:outreg                                                                                      ; reg                  ; work         ;
;       |reg:readdata00|                        ; 0 (0)               ; 16 (16)                   ; 0           ; 0            ; 0       ; 0         ; 0    ; 0            ; |synchronizer|synchronizer_EU:EU|reg:readdata00                                                                                  ; reg                  ; work         ;
;       |reg:readdata01|                        ; 0 (0)               ; 16 (16)                   ; 0           ; 0            ; 0       ; 0         ; 0    ; 0            ; |synchronizer|synchronizer_EU:EU|reg:readdata01                                                                                  ; reg                  ; work         ;
;       |reg:readdata10|                        ; 0 (0)               ; 16 (16)                   ; 0           ; 0            ; 0       ; 0         ; 0    ; 0            ; |synchronizer|synchronizer_EU:EU|reg:readdata10                                                                                  ; reg                  ; work         ;
;       |sr_flipflop:synchronizer|              ; 1 (1)               ; 1 (1)                     ; 0           ; 0            ; 0       ; 0         ; 0    ; 0            ; |synchronizer|synchronizer_EU:EU|sr_flipflop:synchronizer                                                                        ; sr_flipflop          ; work         ;
+-----------------------------------------------+---------------------+---------------------------+-------------+--------------+---------+-----------+------+--------------+----------------------------------------------------------------------------------------------------------------------------------+----------------------+--------------+
Note: For table entries with two numbers listed, the numbers in parentheses indicate the number of resources of the given type used by the specific entity alone. The numbers listed outside of parentheses indicate the total resources of the given type used by the specific entity and all of its sub-entities in the hierarchy.


+--------------------------------------------------------------------------------------------------------------------------------------------------------------------------------------------+
; Analysis & Synthesis IP Cores Summary                                                                                                                                                      ;
+--------+--------------+---------+--------------+--------------+------------------------------------------------------------------------+---------------------------------------------------+
; Vendor ; IP Core Name ; Version ; Release Date ; License Type ; Entity Instance                                                        ; IP Include File                                   ;
+--------+--------------+---------+--------------+--------------+------------------------------------------------------------------------+---------------------------------------------------+
; Altera ; LPM_COUNTER  ; 22.1    ; N/A          ; N/A          ; |synchronizer|synchronizer_EU:EU|counter_11bit_updown:burstlen_counter ; hdl/counter_11bit_updown/counter_11bit_updown.vhd ;
+--------+--------------+---------+--------------+--------------+------------------------------------------------------------------------+---------------------------------------------------+


Encoding Type:  One-Hot
+-------------------------------------------------------------------------------------------------------------------------------------------------------------------------------------------+
; State Machine - |synchronizer|synchronizer_CU:CU|present_state                                                                                                                            ;
+------------------------------+--------------------------+-------------------------+------------------------------+-----------------------------+--------------------+---------------------+
; Name                         ; present_state.idle_clear ; present_state.reception ; present_state.reception_init ; present_state.idle_disabled ; present_state.idle ; present_state.reset ;
+------------------------------+--------------------------+-------------------------+------------------------------+-----------------------------+--------------------+---------------------+
; present_state.reset          ; 0                        ; 0                       ; 0                            ; 0                           ; 0                  ; 0                   ;
; present_state.idle           ; 0                        ; 0                       ; 0                            ; 0                           ; 1                  ; 1                   ;
; present_state.idle_disabled  ; 0                        ; 0                       ; 0                            ; 1                           ; 0                  ; 1                   ;
; present_state.reception_init ; 0                        ; 0                       ; 1                            ; 0                           ; 0                  ; 1                   ;
; present_state.reception      ; 0                        ; 1                       ; 0                            ; 0                           ; 0                  ; 1                   ;
; present_state.idle_clear     ; 1                        ; 0                       ; 0                            ; 0                           ; 0                  ; 1                   ;
+------------------------------+--------------------------+-------------------------+------------------------------+-----------------------------+--------------------+---------------------+


+------------------------------------------------------+
; General Register Statistics                          ;
+----------------------------------------------+-------+
; Statistic                                    ; Value ;
+----------------------------------------------+-------+
; Total registers                              ; 131   ;
; Number of registers using Synchronous Clear  ; 0     ;
; Number of registers using Synchronous Load   ; 11    ;
; Number of registers using Asynchronous Clear ; 9     ;
; Number of registers using Asynchronous Load  ; 0     ;
; Number of registers using Clock Enable       ; 120   ;
; Number of registers using Preset             ; 0     ;
+----------------------------------------------+-------+


+---------------------------------------------------------------------------------------------------------------------------------------------------------------------+
; Multiplexer Restructuring Statistics (Restructuring Performed)                                                                                                      ;
+--------------------+-----------+---------------+----------------------+------------------------+------------+-------------------------------------------------------+
; Multiplexer Inputs ; Bus Width ; Baseline Area ; Area if Restructured ; Saving if Restructured ; Registered ; Example Multiplexer Output                            ;
+--------------------+-----------+---------------+----------------------+------------------------+------------+-------------------------------------------------------+
; 4:1                ; 16 bits   ; 32 LEs        ; 32 LEs               ; 0 LEs                  ; Yes        ; |synchronizer|synchronizer_EU:EU|reg:outreg|dout[11]  ;
; 3:1                ; 18 bits   ; 36 LEs        ; 18 LEs               ; 18 LEs                 ; Yes        ; |synchronizer|synchronizer_EU:EU|reg:outpipe|dout[15] ;
+--------------------+-----------+---------------+----------------------+------------------------+------------+-------------------------------------------------------+


+-------------------------------------------------------------------------------------------+
; Parameter Settings for User Entity Instance: synchronizer_EU:EU|counter_Nbit:code_counter ;
+----------------+-------+------------------------------------------------------------------+
; Parameter Name ; Value ; Type                                                             ;
+----------------+-------+------------------------------------------------------------------+
; n              ; 2     ; Signed Integer                                                   ;
+----------------+-------+------------------------------------------------------------------+
Note: In order to hide this table in the UI and the text report file, please set the "Show Parameter Settings in Synthesis Report" option in "Analysis and Synthesis Settings -> More Settings" to "Off".


+---------------------------------------------------------------------------+
; Parameter Settings for User Entity Instance: synchronizer_EU:EU|reg:din11 ;
+----------------+-------+--------------------------------------------------+
; Parameter Name ; Value ; Type                                             ;
+----------------+-------+--------------------------------------------------+
; n              ; 16    ; Signed Integer                                   ;
+----------------+-------+--------------------------------------------------+
Note: In order to hide this table in the UI and the text report file, please set the "Show Parameter Settings in Synthesis Report" option in "Analysis and Synthesis Settings -> More Settings" to "Off".


+--------------------------------------------------------------------------------+
; Parameter Settings for User Entity Instance: synchronizer_EU:EU|reg:readdata10 ;
+----------------+-------+-------------------------------------------------------+
; Parameter Name ; Value ; Type                                                  ;
+----------------+-------+-------------------------------------------------------+
; n              ; 16    ; Signed Integer                                        ;
+----------------+-------+-------------------------------------------------------+
Note: In order to hide this table in the UI and the text report file, please set the "Show Parameter Settings in Synthesis Report" option in "Analysis and Synthesis Settings -> More Settings" to "Off".


+--------------------------------------------------------------------------------+
; Parameter Settings for User Entity Instance: synchronizer_EU:EU|reg:readdata01 ;
+----------------+-------+-------------------------------------------------------+
; Parameter Name ; Value ; Type                                                  ;
+----------------+-------+-------------------------------------------------------+
; n              ; 16    ; Signed Integer                                        ;
+----------------+-------+-------------------------------------------------------+
Note: In order to hide this table in the UI and the text report file, please set the "Show Parameter Settings in Synthesis Report" option in "Analysis and Synthesis Settings -> More Settings" to "Off".


+--------------------------------------------------------------------------------+
; Parameter Settings for User Entity Instance: synchronizer_EU:EU|reg:readdata00 ;
+----------------+-------+-------------------------------------------------------+
; Parameter Name ; Value ; Type                                                  ;
+----------------+-------+-------------------------------------------------------+
; n              ; 16    ; Signed Integer                                        ;
+----------------+-------+-------------------------------------------------------+
Note: In order to hide this table in the UI and the text report file, please set the "Show Parameter Settings in Synthesis Report" option in "Analysis and Synthesis Settings -> More Settings" to "Off".


+----------------------------------------------------------------------------------+
; Parameter Settings for User Entity Instance: synchronizer_EU:EU|mux_4to1:datamux ;
+----------------+-------+---------------------------------------------------------+
; Parameter Name ; Value ; Type                                                    ;
+----------------+-------+---------------------------------------------------------+
; n              ; 16    ; Signed Integer                                          ;
+----------------+-------+---------------------------------------------------------+
Note: In order to hide this table in the UI and the text report file, please set the "Show Parameter Settings in Synthesis Report" option in "Analysis and Synthesis Settings -> More Settings" to "Off".


+----------------------------------------------------------------------------+
; Parameter Settings for User Entity Instance: synchronizer_EU:EU|reg:outreg ;
+----------------+-------+---------------------------------------------------+
; Parameter Name ; Value ; Type                                              ;
+----------------+-------+---------------------------------------------------+
; n              ; 16    ; Signed Integer                                    ;
+----------------+-------+---------------------------------------------------+
Note: In order to hide this table in the UI and the text report file, please set the "Show Parameter Settings in Synthesis Report" option in "Analysis and Synthesis Settings -> More Settings" to "Off".


+------------------------------------------------------------------------------+
; Parameter Settings for User Entity Instance: synchronizer_EU:EU|reg:burstlen ;
+----------------+-------+-----------------------------------------------------+
; Parameter Name ; Value ; Type                                                ;
+----------------+-------+-----------------------------------------------------+
; n              ; 11    ; Signed Integer                                      ;
+----------------+-------+-----------------------------------------------------+
Note: In order to hide this table in the UI and the text report file, please set the "Show Parameter Settings in Synthesis Report" option in "Analysis and Synthesis Settings -> More Settings" to "Off".


+-----------------------------------------------------------------------------------------------------------------------------------------+
; Parameter Settings for User Entity Instance: synchronizer_EU:EU|counter_11bit_updown:burstlen_counter|lpm_counter:LPM_COUNTER_component ;
+------------------------+---------------+------------------------------------------------------------------------------------------------+
; Parameter Name         ; Value         ; Type                                                                                           ;
+------------------------+---------------+------------------------------------------------------------------------------------------------+
; AUTO_CARRY_CHAINS      ; ON            ; AUTO_CARRY                                                                                     ;
; IGNORE_CARRY_BUFFERS   ; OFF           ; IGNORE_CARRY                                                                                   ;
; AUTO_CASCADE_CHAINS    ; ON            ; AUTO_CASCADE                                                                                   ;
; IGNORE_CASCADE_BUFFERS ; OFF           ; IGNORE_CASCADE                                                                                 ;
; LPM_WIDTH              ; 11            ; Signed Integer                                                                                 ;
; LPM_DIRECTION          ; DEFAULT       ; Untyped                                                                                        ;
; LPM_MODULUS            ; 0             ; Untyped                                                                                        ;
; LPM_AVALUE             ; UNUSED        ; Untyped                                                                                        ;
; LPM_SVALUE             ; UNUSED        ; Untyped                                                                                        ;
; LPM_PORT_UPDOWN        ; PORT_USED     ; Untyped                                                                                        ;
; DEVICE_FAMILY          ; Cyclone 10 LP ; Untyped                                                                                        ;
; CARRY_CHAIN            ; MANUAL        ; Untyped                                                                                        ;
; CARRY_CHAIN_LENGTH     ; 48            ; CARRY_CHAIN_LENGTH                                                                             ;
; NOT_GATE_PUSH_BACK     ; ON            ; NOT_GATE_PUSH_BACK                                                                             ;
; CARRY_CNT_EN           ; SMART         ; Untyped                                                                                        ;
; LABWIDE_SCLR           ; ON            ; Untyped                                                                                        ;
; USE_NEW_VERSION        ; TRUE          ; Untyped                                                                                        ;
; CBXI_PARAMETER         ; cntr_7lh      ; Untyped                                                                                        ;
+------------------------+---------------+------------------------------------------------------------------------------------------------+
Note: In order to hide this table in the UI and the text report file, please set the "Show Parameter Settings in Synthesis Report" option in "Analysis and Synthesis Settings -> More Settings" to "Off".


+----------------------------------------------------------------------------------------------+
; Parameter Settings for User Entity Instance: synchronizer_EU:EU|comparator_Nbit:burstlen_cmp ;
+----------------+-------+---------------------------------------------------------------------+
; Parameter Name ; Value ; Type                                                                ;
+----------------+-------+---------------------------------------------------------------------+
; n              ; 11    ; Signed Integer                                                      ;
+----------------+-------+---------------------------------------------------------------------+
Note: In order to hide this table in the UI and the text report file, please set the "Show Parameter Settings in Synthesis Report" option in "Analysis and Synthesis Settings -> More Settings" to "Off".


+-------------------------------------------------------------------------------------------+
; Parameter Settings for User Entity Instance: synchronizer_EU:EU|counter_Nbit:data_counter ;
+----------------+-------+------------------------------------------------------------------+
; Parameter Name ; Value ; Type                                                             ;
+----------------+-------+------------------------------------------------------------------+
; n              ; 2     ; Signed Integer                                                   ;
+----------------+-------+------------------------------------------------------------------+
Note: In order to hide this table in the UI and the text report file, please set the "Show Parameter Settings in Synthesis Report" option in "Analysis and Synthesis Settings -> More Settings" to "Off".


+-----------------------------------------------------------------------------+
; Parameter Settings for User Entity Instance: synchronizer_EU:EU|reg:outpipe ;
+----------------+-------+----------------------------------------------------+
; Parameter Name ; Value ; Type                                               ;
+----------------+-------+----------------------------------------------------+
; n              ; 16    ; Signed Integer                                     ;
+----------------+-------+----------------------------------------------------+
Note: In order to hide this table in the UI and the text report file, please set the "Show Parameter Settings in Synthesis Report" option in "Analysis and Synthesis Settings -> More Settings" to "Off".


+------------------------------------------------------------+
; Port Connectivity Checks: "synchronizer_EU:EU|reg:outpipe" ;
+---------+-------+----------+-------------------------------+
; Port    ; Type  ; Severity ; Details                       ;
+---------+-------+----------+-------------------------------+
; reset_n ; Input ; Info     ; Stuck at VCC                  ;
+---------+-------+----------+-------------------------------+


+---------------------------------------------------------------------+
; Port Connectivity Checks: "synchronizer_EU:EU|d_flipflop:busy_pipe" ;
+---------+-------+----------+----------------------------------------+
; Port    ; Type  ; Severity ; Details                                ;
+---------+-------+----------+----------------------------------------+
; reset_n ; Input ; Info     ; Stuck at VCC                           ;
+---------+-------+----------+----------------------------------------+


+----------------------------------------------------------------------+
; Port Connectivity Checks: "synchronizer_EU:EU|d_flipflop:valid_pipe" ;
+---------+-------+----------+-----------------------------------------+
; Port    ; Type  ; Severity ; Details                                 ;
+---------+-------+----------+-----------------------------------------+
; reset_n ; Input ; Info     ; Stuck at VCC                            ;
+---------+-------+----------+-----------------------------------------+


+--------------------------------------------------------------------------+
; Port Connectivity Checks: "synchronizer_EU:EU|counter_Nbit:data_counter" ;
+---------+-------+----------+---------------------------------------------+
; Port    ; Type  ; Severity ; Details                                     ;
+---------+-------+----------+---------------------------------------------+
; reset_n ; Input ; Info     ; Stuck at VCC                                ;
+---------+-------+----------+---------------------------------------------+


+-------------------------------------------------------------+
; Port Connectivity Checks: "synchronizer_EU:EU|reg:burstlen" ;
+---------+-------+----------+--------------------------------+
; Port    ; Type  ; Severity ; Details                        ;
+---------+-------+----------+--------------------------------+
; clear_n ; Input ; Info     ; Stuck at VCC                   ;
; reset_n ; Input ; Info     ; Stuck at VCC                   ;
+---------+-------+----------+--------------------------------+


+-----------------------------------------------------------+
; Port Connectivity Checks: "synchronizer_EU:EU|reg:outreg" ;
+---------+-------+----------+------------------------------+
; Port    ; Type  ; Severity ; Details                      ;
+---------+-------+----------+------------------------------+
; clear_n ; Input ; Info     ; Stuck at VCC                 ;
; reset_n ; Input ; Info     ; Stuck at VCC                 ;
+---------+-------+----------+------------------------------+


+---------------------------------------------------------------+
; Port Connectivity Checks: "synchronizer_EU:EU|reg:readdata00" ;
+---------+-------+----------+----------------------------------+
; Port    ; Type  ; Severity ; Details                          ;
+---------+-------+----------+----------------------------------+
; clear_n ; Input ; Info     ; Stuck at VCC                     ;
; reset_n ; Input ; Info     ; Stuck at VCC                     ;
+---------+-------+----------+----------------------------------+


+---------------------------------------------------------------+
; Port Connectivity Checks: "synchronizer_EU:EU|reg:readdata01" ;
+---------+-------+----------+----------------------------------+
; Port    ; Type  ; Severity ; Details                          ;
+---------+-------+----------+----------------------------------+
; clear_n ; Input ; Info     ; Stuck at VCC                     ;
; reset_n ; Input ; Info     ; Stuck at VCC                     ;
+---------+-------+----------+----------------------------------+


+---------------------------------------------------------------+
; Port Connectivity Checks: "synchronizer_EU:EU|reg:readdata10" ;
+---------+-------+----------+----------------------------------+
; Port    ; Type  ; Severity ; Details                          ;
+---------+-------+----------+----------------------------------+
; clear_n ; Input ; Info     ; Stuck at VCC                     ;
; reset_n ; Input ; Info     ; Stuck at VCC                     ;
+---------+-------+----------+----------------------------------+


+----------------------------------------------------------+
; Port Connectivity Checks: "synchronizer_EU:EU|reg:din11" ;
+---------+-------+----------+-----------------------------+
; Port    ; Type  ; Severity ; Details                     ;
+---------+-------+----------+-----------------------------+
; clear_n ; Input ; Info     ; Stuck at VCC                ;
; reset_n ; Input ; Info     ; Stuck at VCC                ;
+---------+-------+----------+-----------------------------+


+-----------------------------------------------------------------------------------------------------+
; Port Connectivity Checks: "synchronizer_EU:EU|counter_Nbit:code_counter|t_flipflop:\g1:1:chain_tff" ;
+--------+-------+----------+-------------------------------------------------------------------------+
; Port   ; Type  ; Severity ; Details                                                                 ;
+--------+-------+----------+-------------------------------------------------------------------------+
; enable ; Input ; Info     ; Stuck at VCC                                                            ;
+--------+-------+----------+-------------------------------------------------------------------------+


+-----------------------------------------------------------------------------------------------+
; Port Connectivity Checks: "synchronizer_EU:EU|counter_Nbit:code_counter|t_flipflop:entry_tff" ;
+--------+-------+----------+-------------------------------------------------------------------+
; Port   ; Type  ; Severity ; Details                                                           ;
+--------+-------+----------+-------------------------------------------------------------------+
; enable ; Input ; Info     ; Stuck at VCC                                                      ;
+--------+-------+----------+-------------------------------------------------------------------+


+-----------------------------------------------------+
; Post-Synthesis Netlist Statistics for Top Partition ;
+-----------------------+-----------------------------+
; Type                  ; Count                       ;
+-----------------------+-----------------------------+
; boundary_port         ; 64                          ;
; cycloneiii_ff         ; 131                         ;
;     CLR               ; 9                           ;
;     ENA               ; 109                         ;
;     ENA SLD           ; 11                          ;
;     plain             ; 2                           ;
; cycloneiii_lcell_comb ; 90                          ;
;     arith             ; 10                          ;
;         3 data inputs ; 10                          ;
;     normal            ; 80                          ;
;         0 data inputs ; 1                           ;
;         1 data inputs ; 1                           ;
;         2 data inputs ; 24                          ;
;         3 data inputs ; 5                           ;
;         4 data inputs ; 49                          ;
;                       ;                             ;
; Max LUT depth         ; 3.00                        ;
; Average LUT depth     ; 1.52                        ;
+-----------------------+-----------------------------+


+-------------------------------+
; Elapsed Time Per Partition    ;
+----------------+--------------+
; Partition Name ; Elapsed Time ;
+----------------+--------------+
; Top            ; 00:00:00     ;
+----------------+--------------+


+-------------------------------+
; Analysis & Synthesis Messages ;
+-------------------------------+
Info: *******************************************************************
Info: Running Quartus Prime Analysis & Synthesis
    Info: Version 22.1std.1 Build 917 02/14/2023 SC Lite Edition
    Info: Processing started: Thu Nov 23 17:12:55 2023
Info: Command: quartus_map --read_settings_files=on --write_settings_files=off avs_to_hram_converter -c avs_to_hram_converter
Warning (18236): Number of processors has not been specified which may cause overloading on shared machines.  Set the global assignment NUM_PARALLEL_PROCESSORS in your QSF to an appropriate value for best performance.
Info (20030): Parallel compilation is enabled and will use 2 of the 2 processors detected
Info (12021): Found 2 design units, including 1 entities, in source file hdl/counter_11bit_updown/counter_11bit_updown.vhd
    Info (12022): Found design unit 1: counter_11bit_updown-SYN File: /home/andrea/Documents/Tesi_287628/287628/hyperram_system/ip/avs_to_hram_converter/hdl/counter_11bit_updown/counter_11bit_updown.vhd Line: 55
    Info (12023): Found entity 1: counter_11bit_updown File: /home/andrea/Documents/Tesi_287628/287628/hyperram_system/ip/avs_to_hram_converter/hdl/counter_11bit_updown/counter_11bit_updown.vhd Line: 43
Info (12021): Found 2 design units, including 1 entities, in source file hdl/t_flipflop.vhd
    Info (12022): Found design unit 1: t_flipflop-behavior File: /home/andrea/Documents/Tesi_287628/287628/hyperram_system/ip/avs_to_hram_converter/hdl/t_flipflop.vhd Line: 21
    Info (12023): Found entity 1: t_flipflop File: /home/andrea/Documents/Tesi_287628/287628/hyperram_system/ip/avs_to_hram_converter/hdl/t_flipflop.vhd Line: 8
Info (12021): Found 2 design units, including 1 entities, in source file hdl/synchronizer_EU.vhd
    Info (12022): Found design unit 1: synchronizer_EU-rtl File: /home/andrea/Documents/Tesi_287628/287628/hyperram_system/ip/avs_to_hram_converter/hdl/synchronizer_EU.vhd Line: 47
    Info (12023): Found entity 1: synchronizer_EU File: /home/andrea/Documents/Tesi_287628/287628/hyperram_system/ip/avs_to_hram_converter/hdl/synchronizer_EU.vhd Line: 9
Info (12021): Found 2 design units, including 1 entities, in source file hdl/synchronizer_CU.vhd
    Info (12022): Found design unit 1: synchronizer_CU-fsm File: /home/andrea/Documents/Tesi_287628/287628/hyperram_system/ip/avs_to_hram_converter/hdl/synchronizer_CU.vhd Line: 34
    Info (12023): Found entity 1: synchronizer_CU File: /home/andrea/Documents/Tesi_287628/287628/hyperram_system/ip/avs_to_hram_converter/hdl/synchronizer_CU.vhd Line: 9
Info (12021): Found 2 design units, including 1 entities, in source file hdl/synchronizer.vhd
    Info (12022): Found design unit 1: synchronizer-rtl File: /home/andrea/Documents/Tesi_287628/287628/hyperram_system/ip/avs_to_hram_converter/hdl/synchronizer.vhd Line: 41
    Info (12023): Found entity 1: synchronizer File: /home/andrea/Documents/Tesi_287628/287628/hyperram_system/ip/avs_to_hram_converter/hdl/synchronizer.vhd Line: 21
Info (12021): Found 2 design units, including 1 entities, in source file hdl/sr_flipflop.vhd
    Info (12022): Found design unit 1: sr_flipflop-behavior File: /home/andrea/Documents/Tesi_287628/287628/hyperram_system/ip/avs_to_hram_converter/hdl/sr_flipflop.vhd Line: 17
    Info (12023): Found entity 1: sr_flipflop File: /home/andrea/Documents/Tesi_287628/287628/hyperram_system/ip/avs_to_hram_converter/hdl/sr_flipflop.vhd Line: 6
Info (12021): Found 2 design units, including 1 entities, in source file hdl/reg.vhd
    Info (12022): Found design unit 1: reg-behavior File: /home/andrea/Documents/Tesi_287628/287628/hyperram_system/ip/avs_to_hram_converter/hdl/reg.vhd Line: 23
    Info (12023): Found entity 1: reg File: /home/andrea/Documents/Tesi_287628/287628/hyperram_system/ip/avs_to_hram_converter/hdl/reg.vhd Line: 7
Info (12021): Found 2 design units, including 1 entities, in source file hdl/mux_4to1.vhd
    Info (12022): Found design unit 1: mux_4to1-behavior File: /home/andrea/Documents/Tesi_287628/287628/hyperram_system/ip/avs_to_hram_converter/hdl/mux_4to1.vhd Line: 23
    Info (12023): Found entity 1: mux_4to1 File: /home/andrea/Documents/Tesi_287628/287628/hyperram_system/ip/avs_to_hram_converter/hdl/mux_4to1.vhd Line: 7
Info (12021): Found 2 design units, including 1 entities, in source file hdl/mux_2to1.vhd
    Info (12022): Found design unit 1: mux_2to1-behavior File: /home/andrea/Documents/Tesi_287628/287628/hyperram_system/ip/avs_to_hram_converter/hdl/mux_2to1.vhd Line: 21
    Info (12023): Found entity 1: mux_2to1 File: /home/andrea/Documents/Tesi_287628/287628/hyperram_system/ip/avs_to_hram_converter/hdl/mux_2to1.vhd Line: 7
Info (12021): Found 2 design units, including 1 entities, in source file hdl/decoder_2bit.vhd
    Info (12022): Found design unit 1: decoder_2bit-behavior File: /home/andrea/Documents/Tesi_287628/287628/hyperram_system/ip/avs_to_hram_converter/hdl/decoder_2bit.vhd Line: 18
    Info (12023): Found entity 1: decoder_2bit File: /home/andrea/Documents/Tesi_287628/287628/hyperram_system/ip/avs_to_hram_converter/hdl/decoder_2bit.vhd Line: 7
Info (12021): Found 2 design units, including 1 entities, in source file hdl/d_flipflop.vhd
    Info (12022): Found design unit 1: d_flipflop-behavior File: /home/andrea/Documents/Tesi_287628/287628/hyperram_system/ip/avs_to_hram_converter/hdl/d_flipflop.vhd Line: 19
    Info (12023): Found entity 1: d_flipflop File: /home/andrea/Documents/Tesi_287628/287628/hyperram_system/ip/avs_to_hram_converter/hdl/d_flipflop.vhd Line: 7
Info (12021): Found 2 design units, including 1 entities, in source file hdl/counter_Nbit.vhd
    Info (12022): Found design unit 1: counter_Nbit-rtl File: /home/andrea/Documents/Tesi_287628/287628/hyperram_system/ip/avs_to_hram_converter/hdl/counter_Nbit.vhd Line: 24
    Info (12023): Found entity 1: counter_Nbit File: /home/andrea/Documents/Tesi_287628/287628/hyperram_system/ip/avs_to_hram_converter/hdl/counter_Nbit.vhd Line: 9
Info (12021): Found 2 design units, including 1 entities, in source file hdl/comparator_Nbit.vhd
    Info (12022): Found design unit 1: comparator_Nbit-behavior File: /home/andrea/Documents/Tesi_287628/287628/hyperram_system/ip/avs_to_hram_converter/hdl/comparator_Nbit.vhd Line: 21
    Info (12023): Found entity 1: comparator_Nbit File: /home/andrea/Documents/Tesi_287628/287628/hyperram_system/ip/avs_to_hram_converter/hdl/comparator_Nbit.vhd Line: 8
Info (12021): Found 2 design units, including 1 entities, in source file hdl/avs_to_hram_converter.vhd
    Info (12022): Found design unit 1: avs_to_hram_converter-rtl File: /home/andrea/Documents/Tesi_287628/287628/hyperram_system/ip/avs_to_hram_converter/hdl/avs_to_hram_converter.vhd Line: 33
    Info (12023): Found entity 1: avs_to_hram_converter File: /home/andrea/Documents/Tesi_287628/287628/hyperram_system/ip/avs_to_hram_converter/hdl/avs_to_hram_converter.vhd Line: 9
Info (12127): Elaborating entity "synchronizer" for the top level hierarchy
Info (12128): Elaborating entity "synchronizer_EU" for hierarchy "synchronizer_EU:EU" File: /home/andrea/Documents/Tesi_287628/287628/hyperram_system/ip/avs_to_hram_converter/hdl/synchronizer.vhd Line: 128
Info (12128): Elaborating entity "counter_Nbit" for hierarchy "synchronizer_EU:EU|counter_Nbit:code_counter" File: /home/andrea/Documents/Tesi_287628/287628/hyperram_system/ip/avs_to_hram_converter/hdl/synchronizer_EU.vhd Line: 195
Info (12128): Elaborating entity "t_flipflop" for hierarchy "synchronizer_EU:EU|counter_Nbit:code_counter|t_flipflop:entry_tff" File: /home/andrea/Documents/Tesi_287628/287628/hyperram_system/ip/avs_to_hram_converter/hdl/counter_Nbit.vhd Line: 49
Info (12128): Elaborating entity "sr_flipflop" for hierarchy "synchronizer_EU:EU|sr_flipflop:synchronizer" File: /home/andrea/Documents/Tesi_287628/287628/hyperram_system/ip/avs_to_hram_converter/hdl/synchronizer_EU.vhd Line: 210
Warning (10492): VHDL Process Statement warning at sr_flipflop.vhd(24): signal "rst_n" is read inside the Process Statement but isn't in the Process Statement's sensitivity list File: /home/andrea/Documents/Tesi_287628/287628/hyperram_system/ip/avs_to_hram_converter/hdl/sr_flipflop.vhd Line: 24
Info (12128): Elaborating entity "decoder_2bit" for hierarchy "synchronizer_EU:EU|decoder_2bit:dec" File: /home/andrea/Documents/Tesi_287628/287628/hyperram_system/ip/avs_to_hram_converter/hdl/synchronizer_EU.vhd Line: 221
Info (12128): Elaborating entity "reg" for hierarchy "synchronizer_EU:EU|reg:din11" File: /home/andrea/Documents/Tesi_287628/287628/hyperram_system/ip/avs_to_hram_converter/hdl/synchronizer_EU.vhd Line: 232
Info (12128): Elaborating entity "mux_4to1" for hierarchy "synchronizer_EU:EU|mux_4to1:datamux" File: /home/andrea/Documents/Tesi_287628/287628/hyperram_system/ip/avs_to_hram_converter/hdl/synchronizer_EU.vhd Line: 296
Info (12128): Elaborating entity "reg" for hierarchy "synchronizer_EU:EU|reg:burstlen" File: /home/andrea/Documents/Tesi_287628/287628/hyperram_system/ip/avs_to_hram_converter/hdl/synchronizer_EU.vhd Line: 328
Info (12128): Elaborating entity "counter_11bit_updown" for hierarchy "synchronizer_EU:EU|counter_11bit_updown:burstlen_counter" File: /home/andrea/Documents/Tesi_287628/287628/hyperram_system/ip/avs_to_hram_converter/hdl/synchronizer_EU.vhd Line: 344
Info (12128): Elaborating entity "lpm_counter" for hierarchy "synchronizer_EU:EU|counter_11bit_updown:burstlen_counter|lpm_counter:LPM_COUNTER_component" File: /home/andrea/Documents/Tesi_287628/287628/hyperram_system/ip/avs_to_hram_converter/hdl/counter_11bit_updown/counter_11bit_updown.vhd Line: 80
Info (12130): Elaborated megafunction instantiation "synchronizer_EU:EU|counter_11bit_updown:burstlen_counter|lpm_counter:LPM_COUNTER_component" File: /home/andrea/Documents/Tesi_287628/287628/hyperram_system/ip/avs_to_hram_converter/hdl/counter_11bit_updown/counter_11bit_updown.vhd Line: 80
Info (12133): Instantiated megafunction "synchronizer_EU:EU|counter_11bit_updown:burstlen_counter|lpm_counter:LPM_COUNTER_component" with the following parameter: File: /home/andrea/Documents/Tesi_287628/287628/hyperram_system/ip/avs_to_hram_converter/hdl/counter_11bit_updown/counter_11bit_updown.vhd Line: 80
    Info (12134): Parameter "lpm_direction" = "UNUSED"
    Info (12134): Parameter "lpm_port_updown" = "PORT_USED"
    Info (12134): Parameter "lpm_type" = "LPM_COUNTER"
    Info (12134): Parameter "lpm_width" = "11"
Info (12021): Found 1 design units, including 1 entities, in source file db/cntr_7lh.tdf
    Info (12023): Found entity 1: cntr_7lh File: /home/andrea/Documents/Tesi_287628/287628/hyperram_system/ip/avs_to_hram_converter/db/cntr_7lh.tdf Line: 26
Info (12128): Elaborating entity "cntr_7lh" for hierarchy "synchronizer_EU:EU|counter_11bit_updown:burstlen_counter|lpm_counter:LPM_COUNTER_component|cntr_7lh:auto_generated" File: /home/andrea/intelFPGA_lite/22.1std/quartus/libraries/megafunctions/lpm_counter.tdf Line: 259
Info (12128): Elaborating entity "comparator_Nbit" for hierarchy "synchronizer_EU:EU|comparator_Nbit:burstlen_cmp" File: /home/andrea/Documents/Tesi_287628/287628/hyperram_system/ip/avs_to_hram_converter/hdl/synchronizer_EU.vhd Line: 355
Info (12128): Elaborating entity "d_flipflop" for hierarchy "synchronizer_EU:EU|d_flipflop:valid_pipe" File: /home/andrea/Documents/Tesi_287628/287628/hyperram_system/ip/avs_to_hram_converter/hdl/synchronizer_EU.vhd Line: 383
Info (12128): Elaborating entity "synchronizer_CU" for hierarchy "synchronizer_CU:CU" File: /home/andrea/Documents/Tesi_287628/287628/hyperram_system/ip/avs_to_hram_converter/hdl/synchronizer.vhd Line: 162
Info (286030): Timing-Driven Synthesis is running
Info (16010): Generating hard_block partition "hard_block:auto_generated_inst"
    Info (16011): Adding 0 node(s), including 0 DDIO, 0 PLL, 0 transceiver and 0 LCELL
Info (21057): Implemented 232 device resources after synthesis - the final resource count might be different
    Info (21058): Implemented 35 input pins
    Info (21059): Implemented 29 output pins
    Info (21061): Implemented 168 logic cells
Info: Quartus Prime Analysis & Synthesis was successful. 0 errors, 2 warnings
    Info: Peak virtual memory: 424 megabytes
    Info: Processing ended: Thu Nov 23 17:13:07 2023
    Info: Elapsed time: 00:00:12
    Info: Total CPU time (on all processors): 00:00:27


