Analysis & Synthesis report for sampler
Sun Jan  7 16:49:47 2024
Quartus Prime Version 22.1std.1 Build 917 02/14/2023 SC Lite Edition


---------------------
; Table of Contents ;
---------------------
  1. Legal Notice
  2. Analysis & Synthesis Summary
  3. Analysis & Synthesis Settings
  4. Parallel Compilation
  5. Analysis & Synthesis Source Files Read
  6. Analysis & Synthesis Resource Usage Summary
  7. Analysis & Synthesis Resource Utilization by Entity
  8. State Machine - |DDR_to_SDR_converter|DDR_to_SDR_converter_CU:CU|present_state
  9. Registers Removed During Synthesis
 10. General Register Statistics
 11. Multiplexer Restructuring Statistics (Restructuring Performed)
 12. Parameter Settings for User Entity Instance: DDR_to_SDR_converter_EU:EU|voter:voter_inst|reg:pipereg1
 13. Parameter Settings for User Entity Instance: DDR_to_SDR_converter_EU:EU|voter:voter_inst|reg:pipereg2
 14. Parameter Settings for User Entity Instance: DDR_to_SDR_converter_EU:EU|voter:voter_inst|reg:pipereg3
 15. Parameter Settings for User Entity Instance: DDR_to_SDR_converter_EU:EU|voter:voter_inst|reg:pipereg4
 16. Parameter Settings for User Entity Instance: DDR_to_SDR_converter_EU:EU|voter:voter_inst|reg:pipereg5
 17. Parameter Settings for User Entity Instance: DDR_to_SDR_converter_EU:EU|reg:regp1
 18. Parameter Settings for User Entity Instance: DDR_to_SDR_converter_EU:EU|reg:regp2
 19. Parameter Settings for User Entity Instance: DDR_to_SDR_converter_EU:EU|reg:pipereg1
 20. Parameter Settings for User Entity Instance: DDR_to_SDR_converter_EU:EU|reg:pipereg2
 21. Parameter Settings for User Entity Instance: DDR_to_SDR_converter_EU:EU|reg:pipereg3
 22. Parameter Settings for User Entity Instance: DDR_to_SDR_converter_EU:EU|reg:pipereg4
 23. Parameter Settings for User Entity Instance: DDR_to_SDR_converter_EU:EU|reg:pipereg5
 24. Parameter Settings for User Entity Instance: DDR_to_SDR_converter_EU:EU|reg:pipereg6
 25. Parameter Settings for User Entity Instance: DDR_to_SDR_converter_EU:EU|reg:pipereg7
 26. Parameter Settings for User Entity Instance: DDR_to_SDR_converter_EU:EU|reg:msb
 27. Parameter Settings for User Entity Instance: DDR_to_SDR_converter_EU:EU|reg:lsb
 28. Port Connectivity Checks: "DDR_to_SDR_converter_EU:EU|t_flipflop:rwdsgen"
 29. Port Connectivity Checks: "DDR_to_SDR_converter_EU:EU|reg:lsb"
 30. Port Connectivity Checks: "DDR_to_SDR_converter_EU:EU|reg:msb"
 31. Port Connectivity Checks: "DDR_to_SDR_converter_EU:EU|reg:pipereg7"
 32. Port Connectivity Checks: "DDR_to_SDR_converter_EU:EU|reg:pipereg6"
 33. Port Connectivity Checks: "DDR_to_SDR_converter_EU:EU|reg:pipereg5"
 34. Port Connectivity Checks: "DDR_to_SDR_converter_EU:EU|reg:pipereg4"
 35. Port Connectivity Checks: "DDR_to_SDR_converter_EU:EU|reg:pipereg3"
 36. Port Connectivity Checks: "DDR_to_SDR_converter_EU:EU|reg:pipereg2"
 37. Port Connectivity Checks: "DDR_to_SDR_converter_EU:EU|reg:pipereg1"
 38. Port Connectivity Checks: "DDR_to_SDR_converter_EU:EU|reg:regp2"
 39. Port Connectivity Checks: "DDR_to_SDR_converter_EU:EU|reg:regp1"
 40. Port Connectivity Checks: "DDR_to_SDR_converter_EU:EU|t_flipflop:tracker"
 41. Port Connectivity Checks: "DDR_to_SDR_converter_EU:EU|voter:voter_inst|reg:pipereg5"
 42. Port Connectivity Checks: "DDR_to_SDR_converter_EU:EU|voter:voter_inst|reg:pipereg4"
 43. Port Connectivity Checks: "DDR_to_SDR_converter_EU:EU|voter:voter_inst|reg:pipereg3"
 44. Port Connectivity Checks: "DDR_to_SDR_converter_EU:EU|voter:voter_inst|reg:pipereg2"
 45. Port Connectivity Checks: "DDR_to_SDR_converter_EU:EU|voter:voter_inst|reg:pipereg1"
 46. Port Connectivity Checks: "DDR_to_SDR_converter_EU:EU|voter:voter_inst"
 47. Port Connectivity Checks: "DDR_to_SDR_converter_EU:EU|dff_negedge:ndff1_pipeline"
 48. Port Connectivity Checks: "DDR_to_SDR_converter_EU:EU|dff_negedge:ndff1"
 49. Port Connectivity Checks: "DDR_to_SDR_converter_EU:EU|dff_negedge:ndff2_pipeline"
 50. Port Connectivity Checks: "DDR_to_SDR_converter_EU:EU|dff_negedge:ndff2"
 51. Port Connectivity Checks: "DDR_to_SDR_converter_EU:EU|dff_negedge:ndff3_pipeline"
 52. Port Connectivity Checks: "DDR_to_SDR_converter_EU:EU|dff_negedge:ndff3"
 53. Port Connectivity Checks: "DDR_to_SDR_converter_EU:EU|dff_negedge:ndff4_pipeline"
 54. Port Connectivity Checks: "DDR_to_SDR_converter_EU:EU|dff_negedge:ndff4"
 55. Port Connectivity Checks: "DDR_to_SDR_converter_EU:EU|d_flipflop:pdff1_pipeline"
 56. Port Connectivity Checks: "DDR_to_SDR_converter_EU:EU|d_flipflop:pdff1"
 57. Port Connectivity Checks: "DDR_to_SDR_converter_EU:EU|d_flipflop:pdff2_pipeline"
 58. Port Connectivity Checks: "DDR_to_SDR_converter_EU:EU|d_flipflop:pdff2"
 59. Port Connectivity Checks: "DDR_to_SDR_converter_EU:EU|d_flipflop:pdff3_pipeline"
 60. Port Connectivity Checks: "DDR_to_SDR_converter_EU:EU|d_flipflop:pdff3"
 61. Port Connectivity Checks: "DDR_to_SDR_converter_EU:EU|d_flipflop:pdff4_pipeline"
 62. Port Connectivity Checks: "DDR_to_SDR_converter_EU:EU|d_flipflop:pdff4"
 63. Post-Synthesis Netlist Statistics for Top Partition
 64. Elapsed Time Per Partition
 65. Analysis & Synthesis Messages



----------------
; Legal Notice ;
----------------
Copyright (C) 2023  Intel Corporation. All rights reserved.
Your use of Intel Corporation's design tools, logic functions 
and other software and tools, and any partner logic 
functions, and any output files from any of the foregoing 
(including device programming or simulation files), and any 
associated documentation or information are expressly subject 
to the terms and conditions of the Intel Program License 
Subscription Agreement, the Intel Quartus Prime License Agreement,
the Intel FPGA IP License Agreement, or other applicable license
agreement, including, without limitation, that your use is for
the sole purpose of programming logic devices manufactured by
Intel and sold by Intel or its authorized distributors.  Please
refer to the applicable agreement for further details, at
https://fpgasoftware.intel.com/eula.



+-------------------------------------------------------------------------------------+
; Analysis & Synthesis Summary                                                        ;
+------------------------------------+------------------------------------------------+
; Analysis & Synthesis Status        ; Successful - Sun Jan  7 16:49:47 2024          ;
; Quartus Prime Version              ; 22.1std.1 Build 917 02/14/2023 SC Lite Edition ;
; Revision Name                      ; sampler                                        ;
; Top-level Entity Name              ; DDR_to_SDR_converter                           ;
; Family                             ; Cyclone 10 LP                                  ;
; Total logic elements               ; 139                                            ;
;     Total combinational functions  ; 120                                            ;
;     Dedicated logic registers      ; 134                                            ;
; Total registers                    ; 134                                            ;
; Total pins                         ; 29                                             ;
; Total virtual pins                 ; 0                                              ;
; Total memory bits                  ; 0                                              ;
; Embedded Multiplier 9-bit elements ; 0                                              ;
; Total PLLs                         ; 0                                              ;
+------------------------------------+------------------------------------------------+


+--------------------------------------------------------------------------------------------------------------+
; Analysis & Synthesis Settings                                                                                ;
+------------------------------------------------------------------+----------------------+--------------------+
; Option                                                           ; Setting              ; Default Value      ;
+------------------------------------------------------------------+----------------------+--------------------+
; Device                                                           ; 10CL025YE144C8G      ;                    ;
; Top-level entity name                                            ; DDR_to_SDR_converter ; sampler            ;
; Family name                                                      ; Cyclone 10 LP        ; Cyclone V          ;
; Use smart compilation                                            ; Off                  ; Off                ;
; Enable parallel Assembler and Timing Analyzer during compilation ; On                   ; On                 ;
; Enable compact report table                                      ; Off                  ; Off                ;
; Restructure Multiplexers                                         ; Auto                 ; Auto               ;
; Create Debugging Nodes for IP Cores                              ; Off                  ; Off                ;
; Preserve fewer node names                                        ; On                   ; On                 ;
; Intel FPGA IP Evaluation Mode                                    ; Enable               ; Enable             ;
; Verilog Version                                                  ; Verilog_2001         ; Verilog_2001       ;
; VHDL Version                                                     ; VHDL_1993            ; VHDL_1993          ;
; State Machine Processing                                         ; Auto                 ; Auto               ;
; Safe State Machine                                               ; Off                  ; Off                ;
; Extract Verilog State Machines                                   ; On                   ; On                 ;
; Extract VHDL State Machines                                      ; On                   ; On                 ;
; Ignore Verilog initial constructs                                ; Off                  ; Off                ;
; Iteration limit for constant Verilog loops                       ; 5000                 ; 5000               ;
; Iteration limit for non-constant Verilog loops                   ; 250                  ; 250                ;
; Add Pass-Through Logic to Inferred RAMs                          ; On                   ; On                 ;
; Infer RAMs from Raw Logic                                        ; On                   ; On                 ;
; Parallel Synthesis                                               ; On                   ; On                 ;
; DSP Block Balancing                                              ; Auto                 ; Auto               ;
; NOT Gate Push-Back                                               ; On                   ; On                 ;
; Power-Up Don't Care                                              ; On                   ; On                 ;
; Remove Redundant Logic Cells                                     ; Off                  ; Off                ;
; Remove Duplicate Registers                                       ; On                   ; On                 ;
; Ignore CARRY Buffers                                             ; Off                  ; Off                ;
; Ignore CASCADE Buffers                                           ; Off                  ; Off                ;
; Ignore GLOBAL Buffers                                            ; Off                  ; Off                ;
; Ignore ROW GLOBAL Buffers                                        ; Off                  ; Off                ;
; Ignore LCELL Buffers                                             ; Off                  ; Off                ;
; Ignore SOFT Buffers                                              ; On                   ; On                 ;
; Limit AHDL Integers to 32 Bits                                   ; Off                  ; Off                ;
; Optimization Technique                                           ; Balanced             ; Balanced           ;
; Carry Chain Length                                               ; 70                   ; 70                 ;
; Auto Carry Chains                                                ; On                   ; On                 ;
; Auto Open-Drain Pins                                             ; On                   ; On                 ;
; Perform WYSIWYG Primitive Resynthesis                            ; Off                  ; Off                ;
; Auto ROM Replacement                                             ; On                   ; On                 ;
; Auto RAM Replacement                                             ; On                   ; On                 ;
; Auto DSP Block Replacement                                       ; On                   ; On                 ;
; Auto Shift Register Replacement                                  ; Auto                 ; Auto               ;
; Allow Shift Register Merging across Hierarchies                  ; Auto                 ; Auto               ;
; Auto Clock Enable Replacement                                    ; On                   ; On                 ;
; Strict RAM Replacement                                           ; Off                  ; Off                ;
; Allow Synchronous Control Signals                                ; On                   ; On                 ;
; Force Use of Synchronous Clear Signals                           ; Off                  ; Off                ;
; Auto RAM Block Balancing                                         ; On                   ; On                 ;
; Auto RAM to Logic Cell Conversion                                ; Off                  ; Off                ;
; Auto Resource Sharing                                            ; Off                  ; Off                ;
; Allow Any RAM Size For Recognition                               ; Off                  ; Off                ;
; Allow Any ROM Size For Recognition                               ; Off                  ; Off                ;
; Allow Any Shift Register Size For Recognition                    ; Off                  ; Off                ;
; Use LogicLock Constraints during Resource Balancing              ; On                   ; On                 ;
; Ignore translate_off and synthesis_off directives                ; Off                  ; Off                ;
; Timing-Driven Synthesis                                          ; On                   ; On                 ;
; Report Parameter Settings                                        ; On                   ; On                 ;
; Report Source Assignments                                        ; On                   ; On                 ;
; Report Connectivity Checks                                       ; On                   ; On                 ;
; Ignore Maximum Fan-Out Assignments                               ; Off                  ; Off                ;
; Synchronization Register Chain Length                            ; 2                    ; 2                  ;
; Power Optimization During Synthesis                              ; Normal compilation   ; Normal compilation ;
; HDL message level                                                ; Level2               ; Level2             ;
; Suppress Register Optimization Related Messages                  ; Off                  ; Off                ;
; Number of Removed Registers Reported in Synthesis Report         ; 5000                 ; 5000               ;
; Number of Swept Nodes Reported in Synthesis Report               ; 5000                 ; 5000               ;
; Number of Inverted Registers Reported in Synthesis Report        ; 100                  ; 100                ;
; Clock MUX Protection                                             ; On                   ; On                 ;
; Auto Gated Clock Conversion                                      ; Off                  ; Off                ;
; Block Design Naming                                              ; Auto                 ; Auto               ;
; SDC constraint protection                                        ; Off                  ; Off                ;
; Synthesis Effort                                                 ; Auto                 ; Auto               ;
; Shift Register Replacement - Allow Asynchronous Clear Signal     ; On                   ; On                 ;
; Pre-Mapping Resynthesis Optimization                             ; Off                  ; Off                ;
; Analysis & Synthesis Message Level                               ; Medium               ; Medium             ;
; Disable Register Merging Across Hierarchies                      ; Auto                 ; Auto               ;
; Resource Aware Inference For Block RAM                           ; On                   ; On                 ;
+------------------------------------------------------------------+----------------------+--------------------+


+------------------------------------------+
; Parallel Compilation                     ;
+----------------------------+-------------+
; Processors                 ; Number      ;
+----------------------------+-------------+
; Number detected on machine ; 4           ;
; Maximum allowed            ; 2           ;
;                            ;             ;
; Average used               ; 1.00        ;
; Maximum used               ; 2           ;
;                            ;             ;
; Usage by Processor         ; % Time Used ;
;     Processor 1            ; 100.0%      ;
;     Processor 2            ;   0.1%      ;
+----------------------------+-------------+


+----------------------------------------------------------------------------------------------------------------------------------------------------------------------------------------------------+
; Analysis & Synthesis Source Files Read                                                                                                                                                             ;
+------------------------------------+-----------------+-----------------+-----------------------------------------------------------------------------------------------------------------+---------+
; File Name with User-Entered Path   ; Used in Netlist ; File Type       ; File Name with Absolute Path                                                                                    ; Library ;
+------------------------------------+-----------------+-----------------+-----------------------------------------------------------------------------------------------------------------+---------+
; ../hdl/halfadder.vhd               ; yes             ; User VHDL File  ; /home/andrea/Documents/Tesi_287628/287628/hyperram_system/ip/avs_hram_converter/hdl/halfadder.vhd               ;         ;
; ../hdl/fulladder.vhd               ; yes             ; User VHDL File  ; /home/andrea/Documents/Tesi_287628/287628/hyperram_system/ip/avs_hram_converter/hdl/fulladder.vhd               ;         ;
; ../hdl/voter.vhd                   ; yes             ; User VHDL File  ; /home/andrea/Documents/Tesi_287628/287628/hyperram_system/ip/avs_hram_converter/hdl/voter.vhd                   ;         ;
; ../hdl/reg.vhd                     ; yes             ; User VHDL File  ; /home/andrea/Documents/Tesi_287628/287628/hyperram_system/ip/avs_hram_converter/hdl/reg.vhd                     ;         ;
; ../hdl/t_flipflop.vhd              ; yes             ; User VHDL File  ; /home/andrea/Documents/Tesi_287628/287628/hyperram_system/ip/avs_hram_converter/hdl/t_flipflop.vhd              ;         ;
; ../hdl/d_flipflop.vhd              ; yes             ; User VHDL File  ; /home/andrea/Documents/Tesi_287628/287628/hyperram_system/ip/avs_hram_converter/hdl/d_flipflop.vhd              ;         ;
; ../hdl/dff_negedge.vhd             ; yes             ; User VHDL File  ; /home/andrea/Documents/Tesi_287628/287628/hyperram_system/ip/avs_hram_converter/hdl/dff_negedge.vhd             ;         ;
; ../hdl/DDR_to_SDR_converter_EU.vhd ; yes             ; User VHDL File  ; /home/andrea/Documents/Tesi_287628/287628/hyperram_system/ip/avs_hram_converter/hdl/DDR_to_SDR_converter_EU.vhd ;         ;
; ../hdl/DDR_to_SDR_converter_CU.vhd ; yes             ; User VHDL File  ; /home/andrea/Documents/Tesi_287628/287628/hyperram_system/ip/avs_hram_converter/hdl/DDR_to_SDR_converter_CU.vhd ;         ;
; ../hdl/DDR_to_SDR_converter.vhd    ; yes             ; User VHDL File  ; /home/andrea/Documents/Tesi_287628/287628/hyperram_system/ip/avs_hram_converter/hdl/DDR_to_SDR_converter.vhd    ;         ;
+------------------------------------+-----------------+-----------------+-----------------------------------------------------------------------------------------------------------------+---------+


+------------------------------------------------------------+
; Analysis & Synthesis Resource Usage Summary                ;
+---------------------------------------------+--------------+
; Resource                                    ; Usage        ;
+---------------------------------------------+--------------+
; Estimated Total logic elements              ; 139          ;
;                                             ;              ;
; Total combinational functions               ; 120          ;
; Logic element usage by number of LUT inputs ;              ;
;     -- 4 input functions                    ; 6            ;
;     -- 3 input functions                    ; 10           ;
;     -- <=2 input functions                  ; 104          ;
;                                             ;              ;
; Logic elements by mode                      ;              ;
;     -- normal mode                          ; 120          ;
;     -- arithmetic mode                      ; 0            ;
;                                             ;              ;
; Total registers                             ; 134          ;
;     -- Dedicated logic registers            ; 134          ;
;     -- I/O registers                        ; 0            ;
;                                             ;              ;
; I/O pins                                    ; 29           ;
;                                             ;              ;
; Embedded Multiplier 9-bit elements          ; 0            ;
;                                             ;              ;
; Maximum fan-out node                        ; clk_x8~input ;
; Maximum fan-out                             ; 134          ;
; Total fan-out                               ; 610          ;
; Average fan-out                             ; 1.96         ;
+---------------------------------------------+--------------+


+--------------------------------------------------------------------------------------------------------------------------------------------------------------------------------------------------------------------------------------------------------------------------------------------------------------+
; Analysis & Synthesis Resource Utilization by Entity                                                                                                                                                                                                                                                          ;
+------------------------------------+---------------------+---------------------------+-------------+--------------+---------+-----------+------+--------------+-----------------------------------------------------------------------------------------------------+-------------------------+--------------+
; Compilation Hierarchy Node         ; Combinational ALUTs ; Dedicated Logic Registers ; Memory Bits ; DSP Elements ; DSP 9x9 ; DSP 18x18 ; Pins ; Virtual Pins ; Full Hierarchy Name                                                                                 ; Entity Name             ; Library Name ;
+------------------------------------+---------------------+---------------------------+-------------+--------------+---------+-----------+------+--------------+-----------------------------------------------------------------------------------------------------+-------------------------+--------------+
; |DDR_to_SDR_converter              ; 120 (0)             ; 134 (0)                   ; 0           ; 0            ; 0       ; 0         ; 29   ; 0            ; |DDR_to_SDR_converter                                                                               ; DDR_to_SDR_converter    ; work         ;
;    |DDR_to_SDR_converter_CU:CU|    ; 7 (7)               ; 8 (8)                     ; 0           ; 0            ; 0       ; 0         ; 0    ; 0            ; |DDR_to_SDR_converter|DDR_to_SDR_converter_CU:CU                                                    ; DDR_to_SDR_converter_CU ; work         ;
;    |DDR_to_SDR_converter_EU:EU|    ; 113 (0)             ; 126 (0)                   ; 0           ; 0            ; 0       ; 0         ; 0    ; 0            ; |DDR_to_SDR_converter|DDR_to_SDR_converter_EU:EU                                                    ; DDR_to_SDR_converter_EU ; work         ;
;       |d_flipflop:pdff1_pipeline|  ; 1 (1)               ; 1 (1)                     ; 0           ; 0            ; 0       ; 0         ; 0    ; 0            ; |DDR_to_SDR_converter|DDR_to_SDR_converter_EU:EU|d_flipflop:pdff1_pipeline                          ; d_flipflop              ; work         ;
;       |d_flipflop:pdff1|           ; 0 (0)               ; 1 (1)                     ; 0           ; 0            ; 0       ; 0         ; 0    ; 0            ; |DDR_to_SDR_converter|DDR_to_SDR_converter_EU:EU|d_flipflop:pdff1                                   ; d_flipflop              ; work         ;
;       |d_flipflop:pdff2_pipeline|  ; 1 (1)               ; 1 (1)                     ; 0           ; 0            ; 0       ; 0         ; 0    ; 0            ; |DDR_to_SDR_converter|DDR_to_SDR_converter_EU:EU|d_flipflop:pdff2_pipeline                          ; d_flipflop              ; work         ;
;       |d_flipflop:pdff2|           ; 0 (0)               ; 1 (1)                     ; 0           ; 0            ; 0       ; 0         ; 0    ; 0            ; |DDR_to_SDR_converter|DDR_to_SDR_converter_EU:EU|d_flipflop:pdff2                                   ; d_flipflop              ; work         ;
;       |d_flipflop:pdff3_pipeline|  ; 1 (1)               ; 1 (1)                     ; 0           ; 0            ; 0       ; 0         ; 0    ; 0            ; |DDR_to_SDR_converter|DDR_to_SDR_converter_EU:EU|d_flipflop:pdff3_pipeline                          ; d_flipflop              ; work         ;
;       |d_flipflop:pdff3|           ; 0 (0)               ; 1 (1)                     ; 0           ; 0            ; 0       ; 0         ; 0    ; 0            ; |DDR_to_SDR_converter|DDR_to_SDR_converter_EU:EU|d_flipflop:pdff3                                   ; d_flipflop              ; work         ;
;       |d_flipflop:pdff4_pipeline|  ; 1 (1)               ; 1 (1)                     ; 0           ; 0            ; 0       ; 0         ; 0    ; 0            ; |DDR_to_SDR_converter|DDR_to_SDR_converter_EU:EU|d_flipflop:pdff4_pipeline                          ; d_flipflop              ; work         ;
;       |d_flipflop:pdff4|           ; 1 (1)               ; 1 (1)                     ; 0           ; 0            ; 0       ; 0         ; 0    ; 0            ; |DDR_to_SDR_converter|DDR_to_SDR_converter_EU:EU|d_flipflop:pdff4                                   ; d_flipflop              ; work         ;
;       |dff_negedge:ndff1_pipeline| ; 1 (1)               ; 1 (1)                     ; 0           ; 0            ; 0       ; 0         ; 0    ; 0            ; |DDR_to_SDR_converter|DDR_to_SDR_converter_EU:EU|dff_negedge:ndff1_pipeline                         ; dff_negedge             ; work         ;
;       |dff_negedge:ndff1|          ; 0 (0)               ; 1 (1)                     ; 0           ; 0            ; 0       ; 0         ; 0    ; 0            ; |DDR_to_SDR_converter|DDR_to_SDR_converter_EU:EU|dff_negedge:ndff1                                  ; dff_negedge             ; work         ;
;       |dff_negedge:ndff2_pipeline| ; 1 (1)               ; 1 (1)                     ; 0           ; 0            ; 0       ; 0         ; 0    ; 0            ; |DDR_to_SDR_converter|DDR_to_SDR_converter_EU:EU|dff_negedge:ndff2_pipeline                         ; dff_negedge             ; work         ;
;       |dff_negedge:ndff2|          ; 0 (0)               ; 1 (1)                     ; 0           ; 0            ; 0       ; 0         ; 0    ; 0            ; |DDR_to_SDR_converter|DDR_to_SDR_converter_EU:EU|dff_negedge:ndff2                                  ; dff_negedge             ; work         ;
;       |dff_negedge:ndff3_pipeline| ; 1 (1)               ; 1 (1)                     ; 0           ; 0            ; 0       ; 0         ; 0    ; 0            ; |DDR_to_SDR_converter|DDR_to_SDR_converter_EU:EU|dff_negedge:ndff3_pipeline                         ; dff_negedge             ; work         ;
;       |dff_negedge:ndff3|          ; 0 (0)               ; 1 (1)                     ; 0           ; 0            ; 0       ; 0         ; 0    ; 0            ; |DDR_to_SDR_converter|DDR_to_SDR_converter_EU:EU|dff_negedge:ndff3                                  ; dff_negedge             ; work         ;
;       |dff_negedge:ndff4_pipeline| ; 1 (1)               ; 1 (1)                     ; 0           ; 0            ; 0       ; 0         ; 0    ; 0            ; |DDR_to_SDR_converter|DDR_to_SDR_converter_EU:EU|dff_negedge:ndff4_pipeline                         ; dff_negedge             ; work         ;
;       |dff_negedge:ndff4|          ; 0 (0)               ; 1 (1)                     ; 0           ; 0            ; 0       ; 0         ; 0    ; 0            ; |DDR_to_SDR_converter|DDR_to_SDR_converter_EU:EU|dff_negedge:ndff4                                  ; dff_negedge             ; work         ;
;       |reg:lsb|                    ; 9 (9)               ; 8 (8)                     ; 0           ; 0            ; 0       ; 0         ; 0    ; 0            ; |DDR_to_SDR_converter|DDR_to_SDR_converter_EU:EU|reg:lsb                                            ; reg                     ; work         ;
;       |reg:msb|                    ; 1 (1)               ; 8 (8)                     ; 0           ; 0            ; 0       ; 0         ; 0    ; 0            ; |DDR_to_SDR_converter|DDR_to_SDR_converter_EU:EU|reg:msb                                            ; reg                     ; work         ;
;       |reg:pipereg1|               ; 8 (8)               ; 8 (8)                     ; 0           ; 0            ; 0       ; 0         ; 0    ; 0            ; |DDR_to_SDR_converter|DDR_to_SDR_converter_EU:EU|reg:pipereg1                                       ; reg                     ; work         ;
;       |reg:pipereg2|               ; 8 (8)               ; 8 (8)                     ; 0           ; 0            ; 0       ; 0         ; 0    ; 0            ; |DDR_to_SDR_converter|DDR_to_SDR_converter_EU:EU|reg:pipereg2                                       ; reg                     ; work         ;
;       |reg:pipereg3|               ; 8 (8)               ; 8 (8)                     ; 0           ; 0            ; 0       ; 0         ; 0    ; 0            ; |DDR_to_SDR_converter|DDR_to_SDR_converter_EU:EU|reg:pipereg3                                       ; reg                     ; work         ;
;       |reg:pipereg4|               ; 8 (8)               ; 8 (8)                     ; 0           ; 0            ; 0       ; 0         ; 0    ; 0            ; |DDR_to_SDR_converter|DDR_to_SDR_converter_EU:EU|reg:pipereg4                                       ; reg                     ; work         ;
;       |reg:pipereg5|               ; 8 (8)               ; 8 (8)                     ; 0           ; 0            ; 0       ; 0         ; 0    ; 0            ; |DDR_to_SDR_converter|DDR_to_SDR_converter_EU:EU|reg:pipereg5                                       ; reg                     ; work         ;
;       |reg:pipereg6|               ; 8 (8)               ; 8 (8)                     ; 0           ; 0            ; 0       ; 0         ; 0    ; 0            ; |DDR_to_SDR_converter|DDR_to_SDR_converter_EU:EU|reg:pipereg6                                       ; reg                     ; work         ;
;       |reg:pipereg7|               ; 8 (8)               ; 8 (8)                     ; 0           ; 0            ; 0       ; 0         ; 0    ; 0            ; |DDR_to_SDR_converter|DDR_to_SDR_converter_EU:EU|reg:pipereg7                                       ; reg                     ; work         ;
;       |reg:regp1|                  ; 8 (8)               ; 8 (8)                     ; 0           ; 0            ; 0       ; 0         ; 0    ; 0            ; |DDR_to_SDR_converter|DDR_to_SDR_converter_EU:EU|reg:regp1                                          ; reg                     ; work         ;
;       |reg:regp2|                  ; 8 (8)               ; 8 (8)                     ; 0           ; 0            ; 0       ; 0         ; 0    ; 0            ; |DDR_to_SDR_converter|DDR_to_SDR_converter_EU:EU|reg:regp2                                          ; reg                     ; work         ;
;       |t_flipflop:rwdsgen|         ; 1 (1)               ; 1 (1)                     ; 0           ; 0            ; 0       ; 0         ; 0    ; 0            ; |DDR_to_SDR_converter|DDR_to_SDR_converter_EU:EU|t_flipflop:rwdsgen                                 ; t_flipflop              ; work         ;
;       |t_flipflop:tracker|         ; 1 (1)               ; 1 (1)                     ; 0           ; 0            ; 0       ; 0         ; 0    ; 0            ; |DDR_to_SDR_converter|DDR_to_SDR_converter_EU:EU|t_flipflop:tracker                                 ; t_flipflop              ; work         ;
;       |voter:voter_inst|           ; 20 (2)              ; 20 (0)                    ; 0           ; 0            ; 0       ; 0         ; 0    ; 0            ; |DDR_to_SDR_converter|DDR_to_SDR_converter_EU:EU|voter:voter_inst                                   ; voter                   ; work         ;
;          |fulladder:fa00|          ; 2 (1)               ; 0 (0)                     ; 0           ; 0            ; 0       ; 0         ; 0    ; 0            ; |DDR_to_SDR_converter|DDR_to_SDR_converter_EU:EU|voter:voter_inst|fulladder:fa00                    ; fulladder               ; work         ;
;             |halfadder:ha2_inst|   ; 1 (1)               ; 0 (0)                     ; 0           ; 0            ; 0       ; 0         ; 0    ; 0            ; |DDR_to_SDR_converter|DDR_to_SDR_converter_EU:EU|voter:voter_inst|fulladder:fa00|halfadder:ha2_inst ; halfadder               ; work         ;
;          |fulladder:fa01|          ; 2 (1)               ; 0 (0)                     ; 0           ; 0            ; 0       ; 0         ; 0    ; 0            ; |DDR_to_SDR_converter|DDR_to_SDR_converter_EU:EU|voter:voter_inst|fulladder:fa01                    ; fulladder               ; work         ;
;             |halfadder:ha2_inst|   ; 1 (1)               ; 0 (0)                     ; 0           ; 0            ; 0       ; 0         ; 0    ; 0            ; |DDR_to_SDR_converter|DDR_to_SDR_converter_EU:EU|voter:voter_inst|fulladder:fa01|halfadder:ha2_inst ; halfadder               ; work         ;
;          |fulladder:faw0|          ; 2 (1)               ; 0 (0)                     ; 0           ; 0            ; 0       ; 0         ; 0    ; 0            ; |DDR_to_SDR_converter|DDR_to_SDR_converter_EU:EU|voter:voter_inst|fulladder:faw0                    ; fulladder               ; work         ;
;             |halfadder:ha2_inst|   ; 1 (1)               ; 0 (0)                     ; 0           ; 0            ; 0       ; 0         ; 0    ; 0            ; |DDR_to_SDR_converter|DDR_to_SDR_converter_EU:EU|voter:voter_inst|fulladder:faw0|halfadder:ha2_inst ; halfadder               ; work         ;
;          |fulladder:faw1|          ; 2 (1)               ; 0 (0)                     ; 0           ; 0            ; 0       ; 0         ; 0    ; 0            ; |DDR_to_SDR_converter|DDR_to_SDR_converter_EU:EU|voter:voter_inst|fulladder:faw1                    ; fulladder               ; work         ;
;             |halfadder:ha2_inst|   ; 1 (1)               ; 0 (0)                     ; 0           ; 0            ; 0       ; 0         ; 0    ; 0            ; |DDR_to_SDR_converter|DDR_to_SDR_converter_EU:EU|voter:voter_inst|fulladder:faw1|halfadder:ha2_inst ; halfadder               ; work         ;
;          |halfadder:ha02|          ; 2 (2)               ; 0 (0)                     ; 0           ; 0            ; 0       ; 0         ; 0    ; 0            ; |DDR_to_SDR_converter|DDR_to_SDR_converter_EU:EU|voter:voter_inst|halfadder:ha02                    ; halfadder               ; work         ;
;          |reg:pipereg1|            ; 8 (8)               ; 8 (8)                     ; 0           ; 0            ; 0       ; 0         ; 0    ; 0            ; |DDR_to_SDR_converter|DDR_to_SDR_converter_EU:EU|voter:voter_inst|reg:pipereg1                      ; reg                     ; work         ;
;          |reg:pipereg2|            ; 0 (0)               ; 6 (6)                     ; 0           ; 0            ; 0       ; 0         ; 0    ; 0            ; |DDR_to_SDR_converter|DDR_to_SDR_converter_EU:EU|voter:voter_inst|reg:pipereg2                      ; reg                     ; work         ;
;          |reg:pipereg3|            ; 0 (0)               ; 3 (3)                     ; 0           ; 0            ; 0       ; 0         ; 0    ; 0            ; |DDR_to_SDR_converter|DDR_to_SDR_converter_EU:EU|voter:voter_inst|reg:pipereg3                      ; reg                     ; work         ;
;          |reg:pipereg4|            ; 0 (0)               ; 1 (1)                     ; 0           ; 0            ; 0       ; 0         ; 0    ; 0            ; |DDR_to_SDR_converter|DDR_to_SDR_converter_EU:EU|voter:voter_inst|reg:pipereg4                      ; reg                     ; work         ;
;          |reg:pipereg5|            ; 0 (0)               ; 2 (2)                     ; 0           ; 0            ; 0       ; 0         ; 0    ; 0            ; |DDR_to_SDR_converter|DDR_to_SDR_converter_EU:EU|voter:voter_inst|reg:pipereg5                      ; reg                     ; work         ;
+------------------------------------+---------------------+---------------------------+-------------+--------------+---------+-----------+------+--------------+-----------------------------------------------------------------------------------------------------+-------------------------+--------------+
Note: For table entries with two numbers listed, the numbers in parentheses indicate the number of resources of the given type used by the specific entity alone. The numbers listed outside of parentheses indicate the total resources of the given type used by the specific entity and all of its sub-entities in the hierarchy.


Encoding Type:  One-Hot
+-------------------------------------------------------------------------------------------------------------------------------------------------------------------------+
; State Machine - |DDR_to_SDR_converter|DDR_to_SDR_converter_CU:CU|present_state                                                                                          ;
+--------------------------+----------------------+----------------------+--------------------------+--------------------+--------------------------+---------------------+
; Name                     ; present_state.lsb_tx ; present_state.msb_tx ; present_state.idle_intra ; present_state.idle ; present_state.reset_wait ; present_state.reset ;
+--------------------------+----------------------+----------------------+--------------------------+--------------------+--------------------------+---------------------+
; present_state.reset      ; 0                    ; 0                    ; 0                        ; 0                  ; 0                        ; 0                   ;
; present_state.reset_wait ; 0                    ; 0                    ; 0                        ; 0                  ; 1                        ; 1                   ;
; present_state.idle       ; 0                    ; 0                    ; 0                        ; 1                  ; 0                        ; 1                   ;
; present_state.idle_intra ; 0                    ; 0                    ; 1                        ; 0                  ; 0                        ; 1                   ;
; present_state.msb_tx     ; 0                    ; 1                    ; 0                        ; 0                  ; 0                        ; 1                   ;
; present_state.lsb_tx     ; 1                    ; 0                    ; 0                        ; 0                  ; 0                        ; 1                   ;
+--------------------------+----------------------+----------------------+--------------------------+--------------------+--------------------------+---------------------+


+--------------------------------------------------------------------------+
; Registers Removed During Synthesis                                       ;
+-----------------------------------------------------+--------------------+
; Register name                                       ; Reason for Removal ;
+-----------------------------------------------------+--------------------+
; DDR_to_SDR_converter_CU:CU|present_state.reset_wait ; Lost fanout        ;
; DDR_to_SDR_converter_CU:CU|present_state.idle       ; Lost fanout        ;
; Total Number of Removed Registers = 2               ;                    ;
+-----------------------------------------------------+--------------------+


+------------------------------------------------------+
; General Register Statistics                          ;
+----------------------------------------------+-------+
; Statistic                                    ; Value ;
+----------------------------------------------+-------+
; Total registers                              ; 134   ;
; Number of registers using Synchronous Clear  ; 14    ;
; Number of registers using Synchronous Load   ; 0     ;
; Number of registers using Asynchronous Clear ; 4     ;
; Number of registers using Asynchronous Load  ; 0     ;
; Number of registers using Clock Enable       ; 16    ;
; Number of registers using Preset             ; 0     ;
+----------------------------------------------+-------+


+--------------------------------------------------------------------------------------------------------------------------------------------------------------------------------+
; Multiplexer Restructuring Statistics (Restructuring Performed)                                                                                                                 ;
+--------------------+-----------+---------------+----------------------+------------------------+------------+------------------------------------------------------------------+
; Multiplexer Inputs ; Bus Width ; Baseline Area ; Area if Restructured ; Saving if Restructured ; Registered ; Example Multiplexer Output                                       ;
+--------------------+-----------+---------------+----------------------+------------------------+------------+------------------------------------------------------------------+
; 3:1                ; 8 bits    ; 16 LEs        ; 8 LEs                ; 8 LEs                  ; Yes        ; |DDR_to_SDR_converter|DDR_to_SDR_converter_EU:EU|reg:lsb|dout[7] ;
; 3:1                ; 8 bits    ; 16 LEs        ; 8 LEs                ; 8 LEs                  ; Yes        ; |DDR_to_SDR_converter|DDR_to_SDR_converter_EU:EU|reg:msb|dout[7] ;
; 3:1                ; 2 bits    ; 4 LEs         ; 2 LEs                ; 2 LEs                  ; No         ; |DDR_to_SDR_converter|DDR_to_SDR_converter_CU:CU|present_state   ;
+--------------------+-----------+---------------+----------------------+------------------------+------------+------------------------------------------------------------------+


+-------------------------------------------------------------------------------------------------------+
; Parameter Settings for User Entity Instance: DDR_to_SDR_converter_EU:EU|voter:voter_inst|reg:pipereg1 ;
+----------------+-------+------------------------------------------------------------------------------+
; Parameter Name ; Value ; Type                                                                         ;
+----------------+-------+------------------------------------------------------------------------------+
; n              ; 8     ; Signed Integer                                                               ;
+----------------+-------+------------------------------------------------------------------------------+
Note: In order to hide this table in the UI and the text report file, please set the "Show Parameter Settings in Synthesis Report" option in "Analysis and Synthesis Settings -> More Settings" to "Off".


+-------------------------------------------------------------------------------------------------------+
; Parameter Settings for User Entity Instance: DDR_to_SDR_converter_EU:EU|voter:voter_inst|reg:pipereg2 ;
+----------------+-------+------------------------------------------------------------------------------+
; Parameter Name ; Value ; Type                                                                         ;
+----------------+-------+------------------------------------------------------------------------------+
; n              ; 6     ; Signed Integer                                                               ;
+----------------+-------+------------------------------------------------------------------------------+
Note: In order to hide this table in the UI and the text report file, please set the "Show Parameter Settings in Synthesis Report" option in "Analysis and Synthesis Settings -> More Settings" to "Off".


+-------------------------------------------------------------------------------------------------------+
; Parameter Settings for User Entity Instance: DDR_to_SDR_converter_EU:EU|voter:voter_inst|reg:pipereg3 ;
+----------------+-------+------------------------------------------------------------------------------+
; Parameter Name ; Value ; Type                                                                         ;
+----------------+-------+------------------------------------------------------------------------------+
; n              ; 4     ; Signed Integer                                                               ;
+----------------+-------+------------------------------------------------------------------------------+
Note: In order to hide this table in the UI and the text report file, please set the "Show Parameter Settings in Synthesis Report" option in "Analysis and Synthesis Settings -> More Settings" to "Off".


+-------------------------------------------------------------------------------------------------------+
; Parameter Settings for User Entity Instance: DDR_to_SDR_converter_EU:EU|voter:voter_inst|reg:pipereg4 ;
+----------------+-------+------------------------------------------------------------------------------+
; Parameter Name ; Value ; Type                                                                         ;
+----------------+-------+------------------------------------------------------------------------------+
; n              ; 4     ; Signed Integer                                                               ;
+----------------+-------+------------------------------------------------------------------------------+
Note: In order to hide this table in the UI and the text report file, please set the "Show Parameter Settings in Synthesis Report" option in "Analysis and Synthesis Settings -> More Settings" to "Off".


+-------------------------------------------------------------------------------------------------------+
; Parameter Settings for User Entity Instance: DDR_to_SDR_converter_EU:EU|voter:voter_inst|reg:pipereg5 ;
+----------------+-------+------------------------------------------------------------------------------+
; Parameter Name ; Value ; Type                                                                         ;
+----------------+-------+------------------------------------------------------------------------------+
; n              ; 2     ; Signed Integer                                                               ;
+----------------+-------+------------------------------------------------------------------------------+
Note: In order to hide this table in the UI and the text report file, please set the "Show Parameter Settings in Synthesis Report" option in "Analysis and Synthesis Settings -> More Settings" to "Off".


+-----------------------------------------------------------------------------------+
; Parameter Settings for User Entity Instance: DDR_to_SDR_converter_EU:EU|reg:regp1 ;
+----------------+-------+----------------------------------------------------------+
; Parameter Name ; Value ; Type                                                     ;
+----------------+-------+----------------------------------------------------------+
; n              ; 8     ; Signed Integer                                           ;
+----------------+-------+----------------------------------------------------------+
Note: In order to hide this table in the UI and the text report file, please set the "Show Parameter Settings in Synthesis Report" option in "Analysis and Synthesis Settings -> More Settings" to "Off".


+-----------------------------------------------------------------------------------+
; Parameter Settings for User Entity Instance: DDR_to_SDR_converter_EU:EU|reg:regp2 ;
+----------------+-------+----------------------------------------------------------+
; Parameter Name ; Value ; Type                                                     ;
+----------------+-------+----------------------------------------------------------+
; n              ; 8     ; Signed Integer                                           ;
+----------------+-------+----------------------------------------------------------+
Note: In order to hide this table in the UI and the text report file, please set the "Show Parameter Settings in Synthesis Report" option in "Analysis and Synthesis Settings -> More Settings" to "Off".


+--------------------------------------------------------------------------------------+
; Parameter Settings for User Entity Instance: DDR_to_SDR_converter_EU:EU|reg:pipereg1 ;
+----------------+-------+-------------------------------------------------------------+
; Parameter Name ; Value ; Type                                                        ;
+----------------+-------+-------------------------------------------------------------+
; n              ; 8     ; Signed Integer                                              ;
+----------------+-------+-------------------------------------------------------------+
Note: In order to hide this table in the UI and the text report file, please set the "Show Parameter Settings in Synthesis Report" option in "Analysis and Synthesis Settings -> More Settings" to "Off".


+--------------------------------------------------------------------------------------+
; Parameter Settings for User Entity Instance: DDR_to_SDR_converter_EU:EU|reg:pipereg2 ;
+----------------+-------+-------------------------------------------------------------+
; Parameter Name ; Value ; Type                                                        ;
+----------------+-------+-------------------------------------------------------------+
; n              ; 8     ; Signed Integer                                              ;
+----------------+-------+-------------------------------------------------------------+
Note: In order to hide this table in the UI and the text report file, please set the "Show Parameter Settings in Synthesis Report" option in "Analysis and Synthesis Settings -> More Settings" to "Off".


+--------------------------------------------------------------------------------------+
; Parameter Settings for User Entity Instance: DDR_to_SDR_converter_EU:EU|reg:pipereg3 ;
+----------------+-------+-------------------------------------------------------------+
; Parameter Name ; Value ; Type                                                        ;
+----------------+-------+-------------------------------------------------------------+
; n              ; 8     ; Signed Integer                                              ;
+----------------+-------+-------------------------------------------------------------+
Note: In order to hide this table in the UI and the text report file, please set the "Show Parameter Settings in Synthesis Report" option in "Analysis and Synthesis Settings -> More Settings" to "Off".


+--------------------------------------------------------------------------------------+
; Parameter Settings for User Entity Instance: DDR_to_SDR_converter_EU:EU|reg:pipereg4 ;
+----------------+-------+-------------------------------------------------------------+
; Parameter Name ; Value ; Type                                                        ;
+----------------+-------+-------------------------------------------------------------+
; n              ; 8     ; Signed Integer                                              ;
+----------------+-------+-------------------------------------------------------------+
Note: In order to hide this table in the UI and the text report file, please set the "Show Parameter Settings in Synthesis Report" option in "Analysis and Synthesis Settings -> More Settings" to "Off".


+--------------------------------------------------------------------------------------+
; Parameter Settings for User Entity Instance: DDR_to_SDR_converter_EU:EU|reg:pipereg5 ;
+----------------+-------+-------------------------------------------------------------+
; Parameter Name ; Value ; Type                                                        ;
+----------------+-------+-------------------------------------------------------------+
; n              ; 8     ; Signed Integer                                              ;
+----------------+-------+-------------------------------------------------------------+
Note: In order to hide this table in the UI and the text report file, please set the "Show Parameter Settings in Synthesis Report" option in "Analysis and Synthesis Settings -> More Settings" to "Off".


+--------------------------------------------------------------------------------------+
; Parameter Settings for User Entity Instance: DDR_to_SDR_converter_EU:EU|reg:pipereg6 ;
+----------------+-------+-------------------------------------------------------------+
; Parameter Name ; Value ; Type                                                        ;
+----------------+-------+-------------------------------------------------------------+
; n              ; 8     ; Signed Integer                                              ;
+----------------+-------+-------------------------------------------------------------+
Note: In order to hide this table in the UI and the text report file, please set the "Show Parameter Settings in Synthesis Report" option in "Analysis and Synthesis Settings -> More Settings" to "Off".


+--------------------------------------------------------------------------------------+
; Parameter Settings for User Entity Instance: DDR_to_SDR_converter_EU:EU|reg:pipereg7 ;
+----------------+-------+-------------------------------------------------------------+
; Parameter Name ; Value ; Type                                                        ;
+----------------+-------+-------------------------------------------------------------+
; n              ; 8     ; Signed Integer                                              ;
+----------------+-------+-------------------------------------------------------------+
Note: In order to hide this table in the UI and the text report file, please set the "Show Parameter Settings in Synthesis Report" option in "Analysis and Synthesis Settings -> More Settings" to "Off".


+---------------------------------------------------------------------------------+
; Parameter Settings for User Entity Instance: DDR_to_SDR_converter_EU:EU|reg:msb ;
+----------------+-------+--------------------------------------------------------+
; Parameter Name ; Value ; Type                                                   ;
+----------------+-------+--------------------------------------------------------+
; n              ; 8     ; Signed Integer                                         ;
+----------------+-------+--------------------------------------------------------+
Note: In order to hide this table in the UI and the text report file, please set the "Show Parameter Settings in Synthesis Report" option in "Analysis and Synthesis Settings -> More Settings" to "Off".


+---------------------------------------------------------------------------------+
; Parameter Settings for User Entity Instance: DDR_to_SDR_converter_EU:EU|reg:lsb ;
+----------------+-------+--------------------------------------------------------+
; Parameter Name ; Value ; Type                                                   ;
+----------------+-------+--------------------------------------------------------+
; n              ; 8     ; Signed Integer                                         ;
+----------------+-------+--------------------------------------------------------+
Note: In order to hide this table in the UI and the text report file, please set the "Show Parameter Settings in Synthesis Report" option in "Analysis and Synthesis Settings -> More Settings" to "Off".


+---------------------------------------------------------------------------+
; Port Connectivity Checks: "DDR_to_SDR_converter_EU:EU|t_flipflop:rwdsgen" ;
+---------+-------+----------+----------------------------------------------+
; Port    ; Type  ; Severity ; Details                                      ;
+---------+-------+----------+----------------------------------------------+
; enable  ; Input ; Info     ; Stuck at VCC                                 ;
; reset_n ; Input ; Info     ; Stuck at VCC                                 ;
+---------+-------+----------+----------------------------------------------+


+----------------------------------------------------------------+
; Port Connectivity Checks: "DDR_to_SDR_converter_EU:EU|reg:lsb" ;
+---------+-------+----------+-----------------------------------+
; Port    ; Type  ; Severity ; Details                           ;
+---------+-------+----------+-----------------------------------+
; reset_n ; Input ; Info     ; Stuck at VCC                      ;
+---------+-------+----------+-----------------------------------+


+----------------------------------------------------------------+
; Port Connectivity Checks: "DDR_to_SDR_converter_EU:EU|reg:msb" ;
+---------+-------+----------+-----------------------------------+
; Port    ; Type  ; Severity ; Details                           ;
+---------+-------+----------+-----------------------------------+
; reset_n ; Input ; Info     ; Stuck at VCC                      ;
+---------+-------+----------+-----------------------------------+


+---------------------------------------------------------------------+
; Port Connectivity Checks: "DDR_to_SDR_converter_EU:EU|reg:pipereg7" ;
+---------+-------+----------+----------------------------------------+
; Port    ; Type  ; Severity ; Details                                ;
+---------+-------+----------+----------------------------------------+
; enable  ; Input ; Info     ; Stuck at VCC                           ;
; reset_n ; Input ; Info     ; Stuck at VCC                           ;
+---------+-------+----------+----------------------------------------+


+---------------------------------------------------------------------+
; Port Connectivity Checks: "DDR_to_SDR_converter_EU:EU|reg:pipereg6" ;
+---------+-------+----------+----------------------------------------+
; Port    ; Type  ; Severity ; Details                                ;
+---------+-------+----------+----------------------------------------+
; enable  ; Input ; Info     ; Stuck at VCC                           ;
; reset_n ; Input ; Info     ; Stuck at VCC                           ;
+---------+-------+----------+----------------------------------------+


+---------------------------------------------------------------------+
; Port Connectivity Checks: "DDR_to_SDR_converter_EU:EU|reg:pipereg5" ;
+---------+-------+----------+----------------------------------------+
; Port    ; Type  ; Severity ; Details                                ;
+---------+-------+----------+----------------------------------------+
; enable  ; Input ; Info     ; Stuck at VCC                           ;
; reset_n ; Input ; Info     ; Stuck at VCC                           ;
+---------+-------+----------+----------------------------------------+


+---------------------------------------------------------------------+
; Port Connectivity Checks: "DDR_to_SDR_converter_EU:EU|reg:pipereg4" ;
+---------+-------+----------+----------------------------------------+
; Port    ; Type  ; Severity ; Details                                ;
+---------+-------+----------+----------------------------------------+
; enable  ; Input ; Info     ; Stuck at VCC                           ;
; reset_n ; Input ; Info     ; Stuck at VCC                           ;
+---------+-------+----------+----------------------------------------+


+---------------------------------------------------------------------+
; Port Connectivity Checks: "DDR_to_SDR_converter_EU:EU|reg:pipereg3" ;
+---------+-------+----------+----------------------------------------+
; Port    ; Type  ; Severity ; Details                                ;
+---------+-------+----------+----------------------------------------+
; enable  ; Input ; Info     ; Stuck at VCC                           ;
; reset_n ; Input ; Info     ; Stuck at VCC                           ;
+---------+-------+----------+----------------------------------------+


+---------------------------------------------------------------------+
; Port Connectivity Checks: "DDR_to_SDR_converter_EU:EU|reg:pipereg2" ;
+---------+-------+----------+----------------------------------------+
; Port    ; Type  ; Severity ; Details                                ;
+---------+-------+----------+----------------------------------------+
; enable  ; Input ; Info     ; Stuck at VCC                           ;
; reset_n ; Input ; Info     ; Stuck at VCC                           ;
+---------+-------+----------+----------------------------------------+


+---------------------------------------------------------------------+
; Port Connectivity Checks: "DDR_to_SDR_converter_EU:EU|reg:pipereg1" ;
+---------+-------+----------+----------------------------------------+
; Port    ; Type  ; Severity ; Details                                ;
+---------+-------+----------+----------------------------------------+
; enable  ; Input ; Info     ; Stuck at VCC                           ;
; reset_n ; Input ; Info     ; Stuck at VCC                           ;
+---------+-------+----------+----------------------------------------+


+------------------------------------------------------------------+
; Port Connectivity Checks: "DDR_to_SDR_converter_EU:EU|reg:regp2" ;
+---------+-------+----------+-------------------------------------+
; Port    ; Type  ; Severity ; Details                             ;
+---------+-------+----------+-------------------------------------+
; enable  ; Input ; Info     ; Stuck at VCC                        ;
; reset_n ; Input ; Info     ; Stuck at VCC                        ;
+---------+-------+----------+-------------------------------------+


+------------------------------------------------------------------+
; Port Connectivity Checks: "DDR_to_SDR_converter_EU:EU|reg:regp1" ;
+---------+-------+----------+-------------------------------------+
; Port    ; Type  ; Severity ; Details                             ;
+---------+-------+----------+-------------------------------------+
; enable  ; Input ; Info     ; Stuck at VCC                        ;
; reset_n ; Input ; Info     ; Stuck at VCC                        ;
+---------+-------+----------+-------------------------------------+


+---------------------------------------------------------------------------+
; Port Connectivity Checks: "DDR_to_SDR_converter_EU:EU|t_flipflop:tracker" ;
+---------+-------+----------+----------------------------------------------+
; Port    ; Type  ; Severity ; Details                                      ;
+---------+-------+----------+----------------------------------------------+
; enable  ; Input ; Info     ; Stuck at VCC                                 ;
; reset_n ; Input ; Info     ; Stuck at VCC                                 ;
+---------+-------+----------+----------------------------------------------+


+--------------------------------------------------------------------------------------+
; Port Connectivity Checks: "DDR_to_SDR_converter_EU:EU|voter:voter_inst|reg:pipereg5" ;
+---------+-------+----------+---------------------------------------------------------+
; Port    ; Type  ; Severity ; Details                                                 ;
+---------+-------+----------+---------------------------------------------------------+
; reset_n ; Input ; Info     ; Stuck at VCC                                            ;
+---------+-------+----------+---------------------------------------------------------+


+----------------------------------------------------------------------------------------------------------------------+
; Port Connectivity Checks: "DDR_to_SDR_converter_EU:EU|voter:voter_inst|reg:pipereg4"                                 ;
+------------+--------+----------+-------------------------------------------------------------------------------------+
; Port       ; Type   ; Severity ; Details                                                                             ;
+------------+--------+----------+-------------------------------------------------------------------------------------+
; reset_n    ; Input  ; Info     ; Stuck at VCC                                                                        ;
; dout[3..1] ; Output ; Info     ; Connected to dangling logic. Logic that only feeds a dangling port will be removed. ;
+------------+--------+----------+-------------------------------------------------------------------------------------+


+-------------------------------------------------------------------------------------------------------------------+
; Port Connectivity Checks: "DDR_to_SDR_converter_EU:EU|voter:voter_inst|reg:pipereg3"                              ;
+---------+--------+----------+-------------------------------------------------------------------------------------+
; Port    ; Type   ; Severity ; Details                                                                             ;
+---------+--------+----------+-------------------------------------------------------------------------------------+
; reset_n ; Input  ; Info     ; Stuck at VCC                                                                        ;
; dout[0] ; Output ; Info     ; Connected to dangling logic. Logic that only feeds a dangling port will be removed. ;
+---------+--------+----------+-------------------------------------------------------------------------------------+


+--------------------------------------------------------------------------------------+
; Port Connectivity Checks: "DDR_to_SDR_converter_EU:EU|voter:voter_inst|reg:pipereg2" ;
+---------+-------+----------+---------------------------------------------------------+
; Port    ; Type  ; Severity ; Details                                                 ;
+---------+-------+----------+---------------------------------------------------------+
; reset_n ; Input ; Info     ; Stuck at VCC                                            ;
+---------+-------+----------+---------------------------------------------------------+


+--------------------------------------------------------------------------------------+
; Port Connectivity Checks: "DDR_to_SDR_converter_EU:EU|voter:voter_inst|reg:pipereg1" ;
+---------+-------+----------+---------------------------------------------------------+
; Port    ; Type  ; Severity ; Details                                                 ;
+---------+-------+----------+---------------------------------------------------------+
; reset_n ; Input ; Info     ; Stuck at VCC                                            ;
+---------+-------+----------+---------------------------------------------------------+


+-------------------------------------------------------------------------+
; Port Connectivity Checks: "DDR_to_SDR_converter_EU:EU|voter:voter_inst" ;
+--------+-------+----------+---------------------------------------------+
; Port   ; Type  ; Severity ; Details                                     ;
+--------+-------+----------+---------------------------------------------+
; enable ; Input ; Info     ; Stuck at VCC                                ;
+--------+-------+----------+---------------------------------------------+


+-----------------------------------------------------------------------------------+
; Port Connectivity Checks: "DDR_to_SDR_converter_EU:EU|dff_negedge:ndff1_pipeline" ;
+---------+-------+----------+------------------------------------------------------+
; Port    ; Type  ; Severity ; Details                                              ;
+---------+-------+----------+------------------------------------------------------+
; enable  ; Input ; Info     ; Stuck at VCC                                         ;
; reset_n ; Input ; Info     ; Stuck at VCC                                         ;
+---------+-------+----------+------------------------------------------------------+


+--------------------------------------------------------------------------+
; Port Connectivity Checks: "DDR_to_SDR_converter_EU:EU|dff_negedge:ndff1" ;
+---------+-------+----------+---------------------------------------------+
; Port    ; Type  ; Severity ; Details                                     ;
+---------+-------+----------+---------------------------------------------+
; enable  ; Input ; Info     ; Stuck at VCC                                ;
; reset_n ; Input ; Info     ; Stuck at VCC                                ;
+---------+-------+----------+---------------------------------------------+


+-----------------------------------------------------------------------------------+
; Port Connectivity Checks: "DDR_to_SDR_converter_EU:EU|dff_negedge:ndff2_pipeline" ;
+---------+-------+----------+------------------------------------------------------+
; Port    ; Type  ; Severity ; Details                                              ;
+---------+-------+----------+------------------------------------------------------+
; enable  ; Input ; Info     ; Stuck at VCC                                         ;
; reset_n ; Input ; Info     ; Stuck at VCC                                         ;
+---------+-------+----------+------------------------------------------------------+


+--------------------------------------------------------------------------+
; Port Connectivity Checks: "DDR_to_SDR_converter_EU:EU|dff_negedge:ndff2" ;
+---------+-------+----------+---------------------------------------------+
; Port    ; Type  ; Severity ; Details                                     ;
+---------+-------+----------+---------------------------------------------+
; enable  ; Input ; Info     ; Stuck at VCC                                ;
; reset_n ; Input ; Info     ; Stuck at VCC                                ;
+---------+-------+----------+---------------------------------------------+


+-----------------------------------------------------------------------------------+
; Port Connectivity Checks: "DDR_to_SDR_converter_EU:EU|dff_negedge:ndff3_pipeline" ;
+---------+-------+----------+------------------------------------------------------+
; Port    ; Type  ; Severity ; Details                                              ;
+---------+-------+----------+------------------------------------------------------+
; enable  ; Input ; Info     ; Stuck at VCC                                         ;
; reset_n ; Input ; Info     ; Stuck at VCC                                         ;
+---------+-------+----------+------------------------------------------------------+


+--------------------------------------------------------------------------+
; Port Connectivity Checks: "DDR_to_SDR_converter_EU:EU|dff_negedge:ndff3" ;
+---------+-------+----------+---------------------------------------------+
; Port    ; Type  ; Severity ; Details                                     ;
+---------+-------+----------+---------------------------------------------+
; enable  ; Input ; Info     ; Stuck at VCC                                ;
; reset_n ; Input ; Info     ; Stuck at VCC                                ;
+---------+-------+----------+---------------------------------------------+


+-----------------------------------------------------------------------------------+
; Port Connectivity Checks: "DDR_to_SDR_converter_EU:EU|dff_negedge:ndff4_pipeline" ;
+---------+-------+----------+------------------------------------------------------+
; Port    ; Type  ; Severity ; Details                                              ;
+---------+-------+----------+------------------------------------------------------+
; enable  ; Input ; Info     ; Stuck at VCC                                         ;
; reset_n ; Input ; Info     ; Stuck at VCC                                         ;
+---------+-------+----------+------------------------------------------------------+


+--------------------------------------------------------------------------+
; Port Connectivity Checks: "DDR_to_SDR_converter_EU:EU|dff_negedge:ndff4" ;
+---------+-------+----------+---------------------------------------------+
; Port    ; Type  ; Severity ; Details                                     ;
+---------+-------+----------+---------------------------------------------+
; enable  ; Input ; Info     ; Stuck at VCC                                ;
; reset_n ; Input ; Info     ; Stuck at VCC                                ;
+---------+-------+----------+---------------------------------------------+


+----------------------------------------------------------------------------------+
; Port Connectivity Checks: "DDR_to_SDR_converter_EU:EU|d_flipflop:pdff1_pipeline" ;
+---------+-------+----------+-----------------------------------------------------+
; Port    ; Type  ; Severity ; Details                                             ;
+---------+-------+----------+-----------------------------------------------------+
; enable  ; Input ; Info     ; Stuck at VCC                                        ;
; reset_n ; Input ; Info     ; Stuck at VCC                                        ;
+---------+-------+----------+-----------------------------------------------------+


+-------------------------------------------------------------------------+
; Port Connectivity Checks: "DDR_to_SDR_converter_EU:EU|d_flipflop:pdff1" ;
+---------+-------+----------+--------------------------------------------+
; Port    ; Type  ; Severity ; Details                                    ;
+---------+-------+----------+--------------------------------------------+
; enable  ; Input ; Info     ; Stuck at VCC                               ;
; reset_n ; Input ; Info     ; Stuck at VCC                               ;
+---------+-------+----------+--------------------------------------------+


+----------------------------------------------------------------------------------+
; Port Connectivity Checks: "DDR_to_SDR_converter_EU:EU|d_flipflop:pdff2_pipeline" ;
+---------+-------+----------+-----------------------------------------------------+
; Port    ; Type  ; Severity ; Details                                             ;
+---------+-------+----------+-----------------------------------------------------+
; enable  ; Input ; Info     ; Stuck at VCC                                        ;
; reset_n ; Input ; Info     ; Stuck at VCC                                        ;
+---------+-------+----------+-----------------------------------------------------+


+-------------------------------------------------------------------------+
; Port Connectivity Checks: "DDR_to_SDR_converter_EU:EU|d_flipflop:pdff2" ;
+---------+-------+----------+--------------------------------------------+
; Port    ; Type  ; Severity ; Details                                    ;
+---------+-------+----------+--------------------------------------------+
; enable  ; Input ; Info     ; Stuck at VCC                               ;
; reset_n ; Input ; Info     ; Stuck at VCC                               ;
+---------+-------+----------+--------------------------------------------+


+----------------------------------------------------------------------------------+
; Port Connectivity Checks: "DDR_to_SDR_converter_EU:EU|d_flipflop:pdff3_pipeline" ;
+---------+-------+----------+-----------------------------------------------------+
; Port    ; Type  ; Severity ; Details                                             ;
+---------+-------+----------+-----------------------------------------------------+
; enable  ; Input ; Info     ; Stuck at VCC                                        ;
; reset_n ; Input ; Info     ; Stuck at VCC                                        ;
+---------+-------+----------+-----------------------------------------------------+


+-------------------------------------------------------------------------+
; Port Connectivity Checks: "DDR_to_SDR_converter_EU:EU|d_flipflop:pdff3" ;
+---------+-------+----------+--------------------------------------------+
; Port    ; Type  ; Severity ; Details                                    ;
+---------+-------+----------+--------------------------------------------+
; enable  ; Input ; Info     ; Stuck at VCC                               ;
; reset_n ; Input ; Info     ; Stuck at VCC                               ;
+---------+-------+----------+--------------------------------------------+


+----------------------------------------------------------------------------------+
; Port Connectivity Checks: "DDR_to_SDR_converter_EU:EU|d_flipflop:pdff4_pipeline" ;
+---------+-------+----------+-----------------------------------------------------+
; Port    ; Type  ; Severity ; Details                                             ;
+---------+-------+----------+-----------------------------------------------------+
; enable  ; Input ; Info     ; Stuck at VCC                                        ;
; reset_n ; Input ; Info     ; Stuck at VCC                                        ;
+---------+-------+----------+-----------------------------------------------------+


+-------------------------------------------------------------------------+
; Port Connectivity Checks: "DDR_to_SDR_converter_EU:EU|d_flipflop:pdff4" ;
+---------+-------+----------+--------------------------------------------+
; Port    ; Type  ; Severity ; Details                                    ;
+---------+-------+----------+--------------------------------------------+
; enable  ; Input ; Info     ; Stuck at VCC                               ;
; reset_n ; Input ; Info     ; Stuck at VCC                               ;
+---------+-------+----------+--------------------------------------------+


+-----------------------------------------------------+
; Post-Synthesis Netlist Statistics for Top Partition ;
+-----------------------+-----------------------------+
; Type                  ; Count                       ;
+-----------------------+-----------------------------+
; boundary_port         ; 29                          ;
; cycloneiii_ff         ; 134                         ;
;     CLR               ; 4                           ;
;     ENA               ; 16                          ;
;     SCLR              ; 14                          ;
;     plain             ; 100                         ;
; cycloneiii_lcell_comb ; 121                         ;
;     normal            ; 121                         ;
;         1 data inputs ; 1                           ;
;         2 data inputs ; 104                         ;
;         3 data inputs ; 10                          ;
;         4 data inputs ; 6                           ;
;                       ;                             ;
; Max LUT depth         ; 2.00                        ;
; Average LUT depth     ; 0.97                        ;
+-----------------------+-----------------------------+


+-------------------------------+
; Elapsed Time Per Partition    ;
+----------------+--------------+
; Partition Name ; Elapsed Time ;
+----------------+--------------+
; Top            ; 00:00:01     ;
+----------------+--------------+


+-------------------------------+
; Analysis & Synthesis Messages ;
+-------------------------------+
Info: *******************************************************************
Info: Running Quartus Prime Analysis & Synthesis
    Info: Version 22.1std.1 Build 917 02/14/2023 SC Lite Edition
    Info: Processing started: Sun Jan  7 16:49:33 2024
Info: Command: quartus_map --read_settings_files=on --write_settings_files=off sampler -c sampler
Warning (18236): Number of processors has not been specified which may cause overloading on shared machines.  Set the global assignment NUM_PARALLEL_PROCESSORS in your QSF to an appropriate value for best performance.
Info (20030): Parallel compilation is enabled and will use 2 of the 2 processors detected
Info (12021): Found 2 design units, including 1 entities, in source file /home/andrea/Documents/Tesi_287628/287628/hyperram_system/ip/avs_hram_converter/hdl/halfadder.vhd
    Info (12022): Found design unit 1: halfadder-behavior File: /home/andrea/Documents/Tesi_287628/287628/hyperram_system/ip/avs_hram_converter/hdl/halfadder.vhd Line: 17
    Info (12023): Found entity 1: halfadder File: /home/andrea/Documents/Tesi_287628/287628/hyperram_system/ip/avs_hram_converter/hdl/halfadder.vhd Line: 7
Info (12021): Found 2 design units, including 1 entities, in source file /home/andrea/Documents/Tesi_287628/287628/hyperram_system/ip/avs_hram_converter/hdl/fulladder.vhd
    Info (12022): Found design unit 1: fulladder-behavior File: /home/andrea/Documents/Tesi_287628/287628/hyperram_system/ip/avs_hram_converter/hdl/fulladder.vhd Line: 18
    Info (12023): Found entity 1: fulladder File: /home/andrea/Documents/Tesi_287628/287628/hyperram_system/ip/avs_hram_converter/hdl/fulladder.vhd Line: 7
Info (12021): Found 2 design units, including 1 entities, in source file /home/andrea/Documents/Tesi_287628/287628/hyperram_system/ip/avs_hram_converter/hdl/voter.vhd
    Info (12022): Found design unit 1: voter-behavior File: /home/andrea/Documents/Tesi_287628/287628/hyperram_system/ip/avs_hram_converter/hdl/voter.vhd Line: 30
    Info (12023): Found entity 1: voter File: /home/andrea/Documents/Tesi_287628/287628/hyperram_system/ip/avs_hram_converter/hdl/voter.vhd Line: 11
Info (12021): Found 2 design units, including 1 entities, in source file /home/andrea/Documents/Tesi_287628/287628/hyperram_system/ip/avs_hram_converter/hdl/reg.vhd
    Info (12022): Found design unit 1: reg-behavior File: /home/andrea/Documents/Tesi_287628/287628/hyperram_system/ip/avs_hram_converter/hdl/reg.vhd Line: 23
    Info (12023): Found entity 1: reg File: /home/andrea/Documents/Tesi_287628/287628/hyperram_system/ip/avs_hram_converter/hdl/reg.vhd Line: 7
Info (12021): Found 2 design units, including 1 entities, in source file /home/andrea/Documents/Tesi_287628/287628/hyperram_system/ip/avs_hram_converter/hdl/t_flipflop.vhd
    Info (12022): Found design unit 1: t_flipflop-behavior File: /home/andrea/Documents/Tesi_287628/287628/hyperram_system/ip/avs_hram_converter/hdl/t_flipflop.vhd Line: 21
    Info (12023): Found entity 1: t_flipflop File: /home/andrea/Documents/Tesi_287628/287628/hyperram_system/ip/avs_hram_converter/hdl/t_flipflop.vhd Line: 8
Info (12021): Found 2 design units, including 1 entities, in source file /home/andrea/Documents/Tesi_287628/287628/hyperram_system/ip/avs_hram_converter/hdl/d_flipflop.vhd
    Info (12022): Found design unit 1: d_flipflop-behavior File: /home/andrea/Documents/Tesi_287628/287628/hyperram_system/ip/avs_hram_converter/hdl/d_flipflop.vhd Line: 19
    Info (12023): Found entity 1: d_flipflop File: /home/andrea/Documents/Tesi_287628/287628/hyperram_system/ip/avs_hram_converter/hdl/d_flipflop.vhd Line: 7
Info (12021): Found 2 design units, including 1 entities, in source file /home/andrea/Documents/Tesi_287628/287628/hyperram_system/ip/avs_hram_converter/hdl/dff_negedge.vhd
    Info (12022): Found design unit 1: dff_negedge-behavior File: /home/andrea/Documents/Tesi_287628/287628/hyperram_system/ip/avs_hram_converter/hdl/dff_negedge.vhd Line: 19
    Info (12023): Found entity 1: dff_negedge File: /home/andrea/Documents/Tesi_287628/287628/hyperram_system/ip/avs_hram_converter/hdl/dff_negedge.vhd Line: 7
Info (12021): Found 2 design units, including 1 entities, in source file /home/andrea/Documents/Tesi_287628/287628/hyperram_system/ip/avs_hram_converter/hdl/DDR_to_SDR_converter_EU.vhd
    Info (12022): Found design unit 1: DDR_to_SDR_converter_EU-rtl File: /home/andrea/Documents/Tesi_287628/287628/hyperram_system/ip/avs_hram_converter/hdl/DDR_to_SDR_converter_EU.vhd Line: 39
    Info (12023): Found entity 1: DDR_to_SDR_converter_EU File: /home/andrea/Documents/Tesi_287628/287628/hyperram_system/ip/avs_hram_converter/hdl/DDR_to_SDR_converter_EU.vhd Line: 16
Info (12021): Found 2 design units, including 1 entities, in source file /home/andrea/Documents/Tesi_287628/287628/hyperram_system/ip/avs_hram_converter/hdl/DDR_to_SDR_converter_CU.vhd
    Info (12022): Found design unit 1: DDR_to_SDR_converter_CU-fsm File: /home/andrea/Documents/Tesi_287628/287628/hyperram_system/ip/avs_hram_converter/hdl/DDR_to_SDR_converter_CU.vhd Line: 27
    Info (12023): Found entity 1: DDR_to_SDR_converter_CU File: /home/andrea/Documents/Tesi_287628/287628/hyperram_system/ip/avs_hram_converter/hdl/DDR_to_SDR_converter_CU.vhd Line: 10
Info (12021): Found 2 design units, including 1 entities, in source file /home/andrea/Documents/Tesi_287628/287628/hyperram_system/ip/avs_hram_converter/hdl/DDR_to_SDR_converter.vhd
    Info (12022): Found design unit 1: DDR_to_SDR_converter-rtl File: /home/andrea/Documents/Tesi_287628/287628/hyperram_system/ip/avs_hram_converter/hdl/DDR_to_SDR_converter.vhd Line: 31
    Info (12023): Found entity 1: DDR_to_SDR_converter File: /home/andrea/Documents/Tesi_287628/287628/hyperram_system/ip/avs_hram_converter/hdl/DDR_to_SDR_converter.vhd Line: 16
Info (12127): Elaborating entity "DDR_to_SDR_converter" for the top level hierarchy
Info (12128): Elaborating entity "DDR_to_SDR_converter_EU" for hierarchy "DDR_to_SDR_converter_EU:EU" File: /home/andrea/Documents/Tesi_287628/287628/hyperram_system/ip/avs_hram_converter/hdl/DDR_to_SDR_converter.vhd Line: 87
Info (12128): Elaborating entity "d_flipflop" for hierarchy "DDR_to_SDR_converter_EU:EU|d_flipflop:pdff4" File: /home/andrea/Documents/Tesi_287628/287628/hyperram_system/ip/avs_hram_converter/hdl/DDR_to_SDR_converter_EU.vhd Line: 157
Info (12128): Elaborating entity "dff_negedge" for hierarchy "DDR_to_SDR_converter_EU:EU|dff_negedge:ndff4" File: /home/andrea/Documents/Tesi_287628/287628/hyperram_system/ip/avs_hram_converter/hdl/DDR_to_SDR_converter_EU.vhd Line: 245
Info (12128): Elaborating entity "voter" for hierarchy "DDR_to_SDR_converter_EU:EU|voter:voter_inst" File: /home/andrea/Documents/Tesi_287628/287628/hyperram_system/ip/avs_hram_converter/hdl/DDR_to_SDR_converter_EU.vhd Line: 333
Info (12128): Elaborating entity "reg" for hierarchy "DDR_to_SDR_converter_EU:EU|voter:voter_inst|reg:pipereg1" File: /home/andrea/Documents/Tesi_287628/287628/hyperram_system/ip/avs_hram_converter/hdl/voter.vhd Line: 112
Info (12128): Elaborating entity "fulladder" for hierarchy "DDR_to_SDR_converter_EU:EU|voter:voter_inst|fulladder:fa00" File: /home/andrea/Documents/Tesi_287628/287628/hyperram_system/ip/avs_hram_converter/hdl/voter.vhd Line: 127
Info (12128): Elaborating entity "halfadder" for hierarchy "DDR_to_SDR_converter_EU:EU|voter:voter_inst|fulladder:fa00|halfadder:ha1_inst" File: /home/andrea/Documents/Tesi_287628/287628/hyperram_system/ip/avs_hram_converter/hdl/fulladder.vhd Line: 39
Info (12128): Elaborating entity "reg" for hierarchy "DDR_to_SDR_converter_EU:EU|voter:voter_inst|reg:pipereg2" File: /home/andrea/Documents/Tesi_287628/287628/hyperram_system/ip/avs_hram_converter/hdl/voter.vhd Line: 163
Info (12128): Elaborating entity "reg" for hierarchy "DDR_to_SDR_converter_EU:EU|voter:voter_inst|reg:pipereg3" File: /home/andrea/Documents/Tesi_287628/287628/hyperram_system/ip/avs_hram_converter/hdl/voter.vhd Line: 203
Info (12128): Elaborating entity "reg" for hierarchy "DDR_to_SDR_converter_EU:EU|voter:voter_inst|reg:pipereg5" File: /home/andrea/Documents/Tesi_287628/287628/hyperram_system/ip/avs_hram_converter/hdl/voter.vhd Line: 262
Info (12128): Elaborating entity "t_flipflop" for hierarchy "DDR_to_SDR_converter_EU:EU|t_flipflop:tracker" File: /home/andrea/Documents/Tesi_287628/287628/hyperram_system/ip/avs_hram_converter/hdl/DDR_to_SDR_converter_EU.vhd Line: 354
Info (12128): Elaborating entity "DDR_to_SDR_converter_CU" for hierarchy "DDR_to_SDR_converter_CU:CU" File: /home/andrea/Documents/Tesi_287628/287628/hyperram_system/ip/avs_hram_converter/hdl/DDR_to_SDR_converter.vhd Line: 106
Info (286030): Timing-Driven Synthesis is running
Info (17049): 2 registers lost all their fanouts during netlist optimizations.
Info (16010): Generating hard_block partition "hard_block:auto_generated_inst"
    Info (16011): Adding 0 node(s), including 0 DDIO, 0 PLL, 0 transceiver and 0 LCELL
Info (21057): Implemented 183 device resources after synthesis - the final resource count might be different
    Info (21058): Implemented 12 input pins
    Info (21059): Implemented 17 output pins
    Info (21061): Implemented 154 logic cells
Info: Quartus Prime Analysis & Synthesis was successful. 0 errors, 1 warning
    Info: Peak virtual memory: 423 megabytes
    Info: Processing ended: Sun Jan  7 16:49:47 2024
    Info: Elapsed time: 00:00:14
    Info: Total CPU time (on all processors): 00:00:30


