Flow report for basic_system
Thu Nov  2 09:44:31 2023
Quartus Prime Version 22.1std.1 Build 917 02/14/2023 SC Lite Edition


---------------------
; Table of Contents ;
---------------------
  1. Legal Notice
  2. Flow Summary
  3. Flow Settings
  4. Flow Non-Default Global Settings
  5. Flow Elapsed Time
  6. Flow OS Summary
  7. Flow Log
  8. Flow Messages
  9. Flow Suppressed Messages



----------------
; Legal Notice ;
----------------
Copyright (C) 2023  Intel Corporation. All rights reserved.
Your use of Intel Corporation's design tools, logic functions 
and other software and tools, and any partner logic 
functions, and any output files from any of the foregoing 
(including device programming or simulation files), and any 
associated documentation or information are expressly subject 
to the terms and conditions of the Intel Program License 
Subscription Agreement, the Intel Quartus Prime License Agreement,
the Intel FPGA IP License Agreement, or other applicable license
agreement, including, without limitation, that your use is for
the sole purpose of programming logic devices manufactured by
Intel and sold by Intel or its authorized distributors.  Please
refer to the applicable agreement for further details, at
https://fpgasoftware.intel.com/eula.



+-------------------------------------------------------------------------------------+
; Flow Summary                                                                        ;
+------------------------------------+------------------------------------------------+
; Flow Status                        ; Successful - Thu Nov  2 09:44:31 2023          ;
; Quartus Prime Version              ; 22.1std.1 Build 917 02/14/2023 SC Lite Edition ;
; Revision Name                      ; basic_system                                   ;
; Top-level Entity Name              ; top_level_entity                               ;
; Family                             ; Cyclone 10 LP                                  ;
; Device                             ; 10CL025YE144C8G                                ;
; Timing Models                      ; Final                                          ;
; Total logic elements               ; 1,495 / 24,624 ( 6 % )                         ;
;     Total combinational functions  ; 1,412 / 24,624 ( 6 % )                         ;
;     Dedicated logic registers      ; 826 / 24,624 ( 3 % )                           ;
; Total registers                    ; 826                                            ;
; Total pins                         ; 51 / 77 ( 66 % )                               ;
; Total virtual pins                 ; 0                                              ;
; Total memory bits                  ; 141,312 / 608,256 ( 23 % )                     ;
; Embedded Multiplier 9-bit elements ; 0 / 132 ( 0 % )                                ;
; Total PLLs                         ; 1 / 4 ( 25 % )                                 ;
+------------------------------------+------------------------------------------------+


+-----------------------------------------+
; Flow Settings                           ;
+-------------------+---------------------+
; Option            ; Setting             ;
+-------------------+---------------------+
; Start date & time ; 11/02/2023 09:43:29 ;
; Main task         ; Compilation         ;
; Revision Name     ; basic_system        ;
+-------------------+---------------------+


+-----------------------------------------------------------------------------------------------------------------------------------------------------------------------------+
; Flow Non-Default Global Settings                                                                                                                                            ;
+-------------------------------------+----------------------------------------------------------------+---------------+------------------+-----------------------------------+
; Assignment Name                     ; Value                                                          ; Default Value ; Entity Name      ; Section Id                        ;
+-------------------------------------+----------------------------------------------------------------+---------------+------------------+-----------------------------------+
; COMPILER_SIGNATURE_ID               ; 106024607881685.169891460931596                                ; --            ; --               ; --                                ;
; EDA_GENERATE_FUNCTIONAL_NETLIST     ; Off                                                            ; --            ; --               ; eda_board_design_timing           ;
; EDA_GENERATE_FUNCTIONAL_NETLIST     ; Off                                                            ; --            ; --               ; eda_board_design_boundary_scan    ;
; EDA_GENERATE_FUNCTIONAL_NETLIST     ; Off                                                            ; --            ; --               ; eda_board_design_signal_integrity ;
; EDA_GENERATE_FUNCTIONAL_NETLIST     ; Off                                                            ; --            ; --               ; eda_board_design_symbol           ;
; EDA_NETLIST_WRITER_OUTPUT_DIR       ; netlist/                                                       ; --            ; --               ; eda_simulation                    ;
; EDA_OUTPUT_DATA_FORMAT              ; Vhdl                                                           ; --            ; --               ; eda_simulation                    ;
; EDA_SIMULATION_TOOL                 ; ModelSim (VHDL)                                                ; <None>        ; --               ; --                                ;
; EDA_TIME_SCALE                      ; 1 ps                                                           ; --            ; --               ; eda_simulation                    ;
; MAX_CORE_JUNCTION_TEMP              ; 85                                                             ; --            ; --               ; --                                ;
; MIN_CORE_JUNCTION_TEMP              ; 0                                                              ; --            ; --               ; --                                ;
; MISC_FILE                           ; pll/pll_inst.vhd                                               ; --            ; --               ; --                                ;
; MISC_FILE                           ; pll/pll.cmp                                                    ; --            ; --               ; --                                ;
; MISC_FILE                           ; pll/pll.ppf                                                    ; --            ; --               ; --                                ;
; MISC_FILE                           ; platform_designer/synthesis/../basic_system.cmp                ; --            ; --               ; --                                ;
; MISC_FILE                           ; platform_designer/synthesis/../../basic_system.qsys            ; --            ; --               ; --                                ;
; NOMINAL_CORE_SUPPLY_VOLTAGE         ; 1.2V                                                           ; --            ; --               ; --                                ;
; OUTPUT_IO_TIMING_FAR_END_VMEAS      ; Half Signal Swing                                              ; --            ; --               ; --                                ;
; OUTPUT_IO_TIMING_FAR_END_VMEAS      ; Half Signal Swing                                              ; --            ; --               ; --                                ;
; OUTPUT_IO_TIMING_NEAR_END_VMEAS     ; Half Vccio                                                     ; --            ; --               ; --                                ;
; OUTPUT_IO_TIMING_NEAR_END_VMEAS     ; Half Vccio                                                     ; --            ; --               ; --                                ;
; PARTITION_COLOR                     ; -- (Not supported for targeted family)                         ; --            ; top_level_entity ; Top                               ;
; PARTITION_FITTER_PRESERVATION_LEVEL ; -- (Not supported for targeted family)                         ; --            ; top_level_entity ; Top                               ;
; PARTITION_NETLIST_TYPE              ; -- (Not supported for targeted family)                         ; --            ; top_level_entity ; Top                               ;
; POWER_BOARD_THERMAL_MODEL           ; None (CONSERVATIVE)                                            ; --            ; --               ; --                                ;
; POWER_PRESET_COOLING_SOLUTION       ; 23 MM HEAT SINK WITH 200 LFPM AIRFLOW                          ; --            ; --               ; --                                ;
; PROJECT_OUTPUT_DIRECTORY            ; output_files                                                   ; --            ; --               ; --                                ;
; SEARCH_PATH                         ; SBT_workspace/basic_system/mem_init/                           ; --            ; --               ; --                                ;
; SLD_FILE                            ; platform_designer/synthesis/basic_system.regmap                ; --            ; --               ; --                                ;
; SLD_FILE                            ; platform_designer/synthesis/basic_system.debuginfo             ; --            ; --               ; --                                ;
; SLD_INFO                            ; QSYS_NAME basic_system HAS_SOPCINFO 1 GENERATION_ID 1698767418 ; --            ; --               ; --                                ;
; SOPCINFO_FILE                       ; platform_designer/synthesis/../../basic_system.sopcinfo        ; --            ; --               ; --                                ;
; SYNTHESIS_ONLY_QIP                  ; On                                                             ; --            ; --               ; --                                ;
; TOP_LEVEL_ENTITY                    ; top_level_entity                                               ; basic_system  ; --               ; --                                ;
+-------------------------------------+----------------------------------------------------------------+---------------+------------------+-----------------------------------+


+--------------------------------------------------------------------------------------------------------------------------+
; Flow Elapsed Time                                                                                                        ;
+----------------------+--------------+-------------------------+---------------------+------------------------------------+
; Module Name          ; Elapsed Time ; Average Processors Used ; Peak Virtual Memory ; Total CPU Time (on all processors) ;
+----------------------+--------------+-------------------------+---------------------+------------------------------------+
; Analysis & Synthesis ; 00:00:29     ; 1.0                     ; 509 MB              ; 00:00:57                           ;
; Fitter               ; 00:00:14     ; 1.1                     ; 738 MB              ; 00:00:19                           ;
; Assembler            ; 00:00:02     ; 1.0                     ; 381 MB              ; 00:00:03                           ;
; Timing Analyzer      ; 00:00:02     ; 1.1                     ; 472 MB              ; 00:00:03                           ;
; EDA Netlist Writer   ; 00:00:03     ; 1.0                     ; 611 MB              ; 00:00:03                           ;
; Total                ; 00:00:50     ; --                      ; --                  ; 00:01:25                           ;
+----------------------+--------------+-------------------------+---------------------+------------------------------------+


+----------------------------------------------------------------------------------------+
; Flow OS Summary                                                                        ;
+----------------------+------------------+----------------+------------+----------------+
; Module Name          ; Machine Hostname ; OS Name        ; OS Version ; Processor type ;
+----------------------+------------------+----------------+------------+----------------+
; Analysis & Synthesis ; shaq97           ; Ubuntu 20.04.6 ; 20         ; x86_64         ;
; Fitter               ; shaq97           ; Ubuntu 20.04.6 ; 20         ; x86_64         ;
; Assembler            ; shaq97           ; Ubuntu 20.04.6 ; 20         ; x86_64         ;
; Timing Analyzer      ; shaq97           ; Ubuntu 20.04.6 ; 20         ; x86_64         ;
; EDA Netlist Writer   ; shaq97           ; Ubuntu 20.04.6 ; 20         ; x86_64         ;
+----------------------+------------------+----------------+------------+----------------+


------------
; Flow Log ;
------------
quartus_map --read_settings_files=on --write_settings_files=off basic_system -c basic_system
quartus_fit --read_settings_files=off --write_settings_files=off basic_system -c basic_system
quartus_asm --read_settings_files=off --write_settings_files=off basic_system -c basic_system
quartus_sta basic_system -c basic_system
quartus_eda --read_settings_files=off --write_settings_files=off basic_system -c basic_system



